This file contains any messages produced by compilers while
running configure, to aid debugging if configure makes a mistake.

It was created by configure, which was
generated by GNU Autoconf 2.69.  Invocation command line was

  $ ./configure --with-winapi=asio --with-asiodir=./src/hostapi/asio/ASIOSDK/

## --------- ##
## Platform. ##
## --------- ##

hostname = OTM-Laptop1
uname -m = i686
uname -r = 1.0.19(0.48/3/2)
uname -s = MINGW32_NT-6.2
uname -v = 2016-07-13 17:45

/usr/bin/uname -p = unknown
/bin/uname -X     = unknown

/bin/arch              = unknown
/usr/bin/arch -k       = unknown
/usr/convex/getsysinfo = unknown
/usr/bin/hostinfo      = unknown
/bin/machine           = unknown
/usr/bin/oslevel       = unknown
/bin/universe          = unknown

PATH: .
PATH: /usr/local/bin
PATH: /mingw/bin
PATH: /bin
PATH: /mingw/bin
PATH: /usr/bin
PATH: /c/Program Files/Java/jdk1.8.0_66/bin
PATH: /c/ProgramData/Oracle/Java/javapath
PATH: /c/Program Files (x86)/Intel/iCLS Client/
PATH: /c/Program Files/Intel/iCLS Client/
PATH: /c/Windows/system32
PATH: /c/Windows
PATH: /c/Windows/System32/Wbem
PATH: /c/Windows/System32/WindowsPowerShell/v1.0/
PATH: /c/Program Files (x86)/Intel/Intel(R) Management Engine Components/DAL
PATH: /c/Program Files/Intel/Intel(R) Management Engine Components/DAL
PATH: /c/Program Files (x86)/Intel/Intel(R) Management Engine Components/IPT
PATH: /c/Program Files/Intel/Intel(R) Management Engine Components/IPT
PATH: /c/Program Files (x86)/NVIDIA Corporation/PhysX/Common
PATH: /c/WINDOWS/system32
PATH: /c/WINDOWS
PATH: /c/WINDOWS/System32/Wbem
PATH: /c/WINDOWS/System32/WindowsPowerShell/v1.0/
PATH: /c/Program Files (x86)/Skype/Phone/
PATH: /c/Program Files (x86)/Windows Live/Shared
PATH: /c/Program Files/TortoiseSVN/bin
PATH: /c/Program Files/MySQL/MySQL Utilities 1.6/
PATH: /c/Program Files/Intel/WiFi/bin/
PATH: /c/Program Files/Common Files/Intel/WirelessCommon/
PATH: /c/Program Files/Git/cmd
PATH: /c/Program Files (x86)/Google/Chrome/Application
PATH: /c/ProgramData/Oracle/Java/javapath
PATH: /c/Program Files (x86)/Intel/iCLS Client/
PATH: /c/Program Files/Intel/iCLS Client/
PATH: /c/Windows/system32
PATH: /c/Windows
PATH: /c/Windows/System32/Wbem
PATH: /c/Windows/System32/WindowsPowerShell/v1.0/
PATH: /c/Program Files (x86)/Intel/Intel(R) Management Engine Components/DAL
PATH: /c/Program Files/Intel/Intel(R) Management Engine Components/DAL
PATH: /c/Program Files (x86)/Intel/Intel(R) Management Engine Components/IPT
PATH: /c/Program Files/Intel/Intel(R) Management Engine Components/IPT
PATH: /c/Program Files (x86)/NVIDIA Corporation/PhysX/Common
PATH: /c/Program Files/Intel/WiFi/bin/
PATH: /c/Program Files/Common Files/Intel/WirelessCommon/
PATH: /c/WINDOWS/system32
PATH: /c/WINDOWS
PATH: /c/WINDOWS/System32/Wbem
PATH: /c/WINDOWS/System32/WindowsPowerShell/v1.0/
PATH: /c/Program Files (x86)/Skype/Phone/
PATH: /c/Program Files (x86)/Windows Live/Shared
PATH: /c/Program Files/TortoiseSVN/bin
PATH: /c/Users/emily/AppData/Local/Programs/Git/cmd
PATH: /c/Users/emily/AppData/Local/Microsoft/WindowsApps
PATH: .


## ----------- ##
## Core tests. ##
## ----------- ##

configure:2563: checking build system type
configure:2577: result: i686-pc-mingw32
configure:2597: checking host system type
configure:2610: result: i686-pc-mingw32
configure:2630: checking target system type
configure:2643: result: i686-pc-mingw32
configure:2837: checking for gcc
configure:2853: found /mingw/bin/gcc
configure:2864: result: gcc
configure:3093: checking for C compiler version
configure:3102: gcc --version >&5
gcc.exe (GCC) 5.3.0
Copyright (C) 2015 Free Software Foundation, Inc.
This is free software; see the source for copying conditions.  There is NO
warranty; not even for MERCHANTABILITY or FITNESS FOR A PARTICULAR PURPOSE.

configure:3113: $? = 0
configure:3102: gcc -v >&5
Using built-in specs.
COLLECT_GCC=C:\MinGW\bin\gcc.exe
COLLECT_LTO_WRAPPER=c:/mingw/bin/../libexec/gcc/mingw32/5.3.0/lto-wrapper.exe
Target: mingw32
Configured with: ../src/gcc-5.3.0/configure --build=x86_64-pc-linux-gnu --host=mingw32 --prefix=/mingw --disable-win32-registry --target=mingw32 --with-arch=i586 --enable-languages=c,c++,objc,obj-c++,fortran,ada --enable-static --enable-shared --enable-threads --with-dwarf2 --disable-sjlj-exceptions --enable-version-specific-runtime-libs --with-libintl-prefix=/mingw --enable-libstdcxx-debug --with-tune=generic --enable-libgomp --disable-libvtv --enable-nls : (reconfigured) ../src/gcc-5.3.0/configure --build=x86_64-pc-linux-gnu --host=mingw32 --prefix=/mingw --disable-win32-registry --target=mingw32 --with-arch=i586 --enable-languages=c,c++,objc,obj-c++,fortran,ada --enable-static --enable-shared --enable-threads --with-dwarf2 --disable-sjlj-exceptions --enable-version-specific-runtime-libs --with-libiconv-prefix=/mingw --with-libintl-prefix=/mingw --enable-libstdcxx-debug --with-tune=generic --enable-libgomp --disable-libvtv --enable-nls
Thread model: win32
gcc version 5.3.0 (GCC) 
configure:3113: $? = 0
configure:3102: gcc -V >&5
gcc.exe: error: unrecognized command line option '-V'
gcc.exe: fatal error: no input files
compilation terminated.
configure:3113: $? = 1
configure:3102: gcc -qversion >&5
gcc.exe: error: unrecognized command line option '-qversion'
gcc.exe: fatal error: no input files
compilation terminated.
configure:3113: $? = 1
configure:3133: checking whether the C compiler works
configure:3155: gcc    conftest.c  >&5
configure:3159: $? = 0
configure:3207: result: yes
configure:3210: checking for C compiler default output file name
configure:3212: result: a.exe
configure:3218: checking for suffix of executables
configure:3225: gcc -o conftest.exe    conftest.c  >&5
configure:3229: $? = 0
configure:3251: result: .exe
configure:3273: checking whether we are cross compiling
configure:3281: gcc -o conftest.exe    conftest.c  >&5
configure:3285: $? = 0
configure:3292: ./conftest.exe
configure:3296: $? = 0
configure:3311: result: no
configure:3316: checking for suffix of object files
configure:3338: gcc -c   conftest.c >&5
configure:3342: $? = 0
configure:3363: result: o
configure:3367: checking whether we are using the GNU C compiler
configure:3386: gcc -c   conftest.c >&5
configure:3386: $? = 0
configure:3395: result: yes
configure:3404: checking whether gcc accepts -g
configure:3424: gcc -c -g  conftest.c >&5
configure:3424: $? = 0
configure:3465: result: yes
configure:3482: checking for gcc option to accept ISO C89
configure:3545: gcc  -c -g -O2  conftest.c >&5
configure:3545: $? = 0
configure:3558: result: none needed
configure:3637: checking for g++
configure:3653: found /mingw/bin/g++
configure:3664: result: g++
configure:3691: checking for C++ compiler version
configure:3700: g++ --version >&5
g++.exe (GCC) 5.3.0
Copyright (C) 2015 Free Software Foundation, Inc.
This is free software; see the source for copying conditions.  There is NO
warranty; not even for MERCHANTABILITY or FITNESS FOR A PARTICULAR PURPOSE.

configure:3711: $? = 0
configure:3700: g++ -v >&5
Using built-in specs.
COLLECT_GCC=C:\MinGW\bin\g++.exe
COLLECT_LTO_WRAPPER=c:/mingw/bin/../libexec/gcc/mingw32/5.3.0/lto-wrapper.exe
Target: mingw32
Configured with: ../src/gcc-5.3.0/configure --build=x86_64-pc-linux-gnu --host=mingw32 --prefix=/mingw --disable-win32-registry --target=mingw32 --with-arch=i586 --enable-languages=c,c++,objc,obj-c++,fortran,ada --enable-static --enable-shared --enable-threads --with-dwarf2 --disable-sjlj-exceptions --enable-version-specific-runtime-libs --with-libintl-prefix=/mingw --enable-libstdcxx-debug --with-tune=generic --enable-libgomp --disable-libvtv --enable-nls : (reconfigured) ../src/gcc-5.3.0/configure --build=x86_64-pc-linux-gnu --host=mingw32 --prefix=/mingw --disable-win32-registry --target=mingw32 --with-arch=i586 --enable-languages=c,c++,objc,obj-c++,fortran,ada --enable-static --enable-shared --enable-threads --with-dwarf2 --disable-sjlj-exceptions --enable-version-specific-runtime-libs --with-libiconv-prefix=/mingw --with-libintl-prefix=/mingw --enable-libstdcxx-debug --with-tune=generic --enable-libgomp --disable-libvtv --enable-nls
Thread model: win32
gcc version 5.3.0 (GCC) 
configure:3711: $? = 0
configure:3700: g++ -V >&5
g++.exe: error: unrecognized command line option '-V'
g++.exe: fatal error: no input files
compilation terminated.
configure:3711: $? = 1
configure:3700: g++ -qversion >&5
g++.exe: error: unrecognized command line option '-qversion'
g++.exe: fatal error: no input files
compilation terminated.
configure:3711: $? = 1
configure:3715: checking whether we are using the GNU C++ compiler
configure:3734: g++ -c   conftest.cpp >&5
configure:3734: $? = 0
configure:3743: result: yes
configure:3752: checking whether g++ accepts -g
configure:3772: g++ -c -g  conftest.cpp >&5
configure:3772: $? = 0
configure:3813: result: yes
configure:3884: checking for as
configure:3900: found /mingw/bin/as
configure:3911: result: as
configure:3976: checking for dlltool
configure:3992: found /mingw/bin/dlltool
configure:4003: result: dlltool
configure:4068: checking for objdump
configure:4084: found /mingw/bin/objdump
configure:4095: result: objdump
configure:4186: checking how to print strings
configure:4213: result: printf
configure:4234: checking for a sed that does not truncate output
configure:4298: result: /bin/sed
configure:4316: checking for grep that handles long lines and -e
configure:4374: result: /bin/grep
configure:4379: checking for egrep
configure:4441: result: /bin/grep -E
configure:4446: checking for fgrep
configure:4508: result: /bin/grep -F
configure:4543: checking for ld used by gcc
configure:4610: result: c:/mingw/mingw32/bin/ld.exe
configure:4617: checking if the linker (c:/mingw/mingw32/bin/ld.exe) is GNU ld
configure:4632: result: yes
configure:4644: checking for BSD- or MS-compatible name lister (nm)
configure:4693: result: /mingw/bin/nm
configure:4823: checking the name lister (/mingw/bin/nm) interface
configure:4830: gcc -c -g -O2  conftest.c >&5
configure:4833: /mingw/bin/nm "conftest.o"
configure:4836: output
00000000 b .bss
00000000 d .data
00000000 N .debug_abbrev
00000000 N .debug_aranges
00000000 N .debug_info
00000000 N .debug_line
00000000 r .rdata$zzz
00000000 t .text
00000000 B _some_variable
configure:4843: result: BSD nm
configure:4846: checking whether ln -s works
configure:4853: result: no, using cp -pR
configure:4858: checking the maximum length of command line arguments
configure:4989: result: 8192
configure:5006: checking whether the shell understands some XSI constructs
configure:5016: result: yes
configure:5020: checking whether the shell understands "+="
configure:5026: result: yes
configure:5061: checking how to convert i686-pc-mingw32 file names to i686-pc-mingw32 format
configure:5101: result: func_convert_file_msys_to_w32
configure:5108: checking how to convert i686-pc-mingw32 file names to toolchain format
configure:5128: result: func_convert_file_msys_to_w32
configure:5135: checking for c:/mingw/mingw32/bin/ld.exe option to reload object files
configure:5142: result: -r
configure:5216: checking for objdump
configure:5243: result: objdump
configure:5272: checking how to recognize dependent libraries
configure:5470: result: file_magic ^x86 archive import|^x86 DLL
configure:5555: checking for dlltool
configure:5582: result: dlltool
configure:5612: checking how to associate runtime and link libraries
configure:5639: result: func_cygming_dll_for_implib
configure:5700: checking for ar
configure:5716: found /mingw/bin/ar
configure:5727: result: ar
configure:5764: checking for archiver @FILE support
configure:5781: gcc -c -g -O2  conftest.c >&5
configure:5781: $? = 0
configure:5784: ar cru libconftest.a @conftest.lst >&5
configure:5787: $? = 0
configure:5792: ar cru libconftest.a @conftest.lst >&5
C:\MinGW\bin\ar.exe: conftest.o: No such file or directory
configure:5795: $? = 1
configure:5807: result: @
configure:5865: checking for strip
configure:5881: found /mingw/bin/strip
configure:5892: result: strip
configure:5964: checking for ranlib
configure:5980: found /mingw/bin/ranlib
configure:5991: result: ranlib
configure:6068: checking for gawk
configure:6084: found /bin/gawk
configure:6095: result: gawk
configure:6135: checking command to parse /mingw/bin/nm output from gcc object
configure:6255: gcc -c -g -O2  conftest.c >&5
configure:6258: $? = 0
configure:6262: /mingw/bin/nm conftest.o \| sed -n -e 's/^.*[ ]\([ABCDGIRSTW][ABCDGIRSTW]*\)[ ][ ]*\([_A-Za-z][_A-Za-z0-9]*\)\{0,1\}$/\1 \2 \2/p' | sed '/ __gnu_lto/d' \> conftest.nm
configure:6265: $? = 0
cannot find nm_test_var in conftest.nm
configure:6255: gcc -c -g -O2  conftest.c >&5
configure:6258: $? = 0
configure:6262: /mingw/bin/nm conftest.o \| sed -n -e 's/^.*[ ]\([ABCDGIRSTW][ABCDGIRSTW]*\)[ ][ ]*_\([_A-Za-z][_A-Za-z0-9]*\)\{0,1\}$/\1 _\2 \2/p' | sed '/ __gnu_lto/d' \> conftest.nm
configure:6265: $? = 0
configure:6331: gcc -o conftest.exe -g -O2   conftest.c conftstm.o >&5
configure:6334: $? = 0
configure:6372: result: ok
configure:6409: checking for sysroot
configure:6439: result: no
configure:6708: checking for mt
configure:6738: result: no
configure:6758: checking if : is a manifest tool
configure:6764: : '-?'
configure:6772: result: no
configure:7414: checking how to run the C preprocessor
configure:7445: gcc -E  conftest.c
configure:7445: $? = 0
configure:7459: gcc -E  conftest.c
conftest.c:9:28: fatal error: ac_nonexistent.h: No such file or directory
compilation terminated.
configure:7459: $? = 1
configure: failed program was:
| /* confdefs.h */
| #define PACKAGE_NAME ""
| #define PACKAGE_TARNAME ""
| #define PACKAGE_VERSION ""
| #define PACKAGE_STRING ""
| #define PACKAGE_BUGREPORT ""
| #define PACKAGE_URL ""
| /* end confdefs.h.  */
| #include <ac_nonexistent.h>
configure:7484: result: gcc -E
configure:7504: gcc -E  conftest.c
configure:7504: $? = 0
configure:7518: gcc -E  conftest.c
conftest.c:9:28: fatal error: ac_nonexistent.h: No such file or directory
compilation terminated.
configure:7518: $? = 1
configure: failed program was:
| /* confdefs.h */
| #define PACKAGE_NAME ""
| #define PACKAGE_TARNAME ""
| #define PACKAGE_VERSION ""
| #define PACKAGE_STRING ""
| #define PACKAGE_BUGREPORT ""
| #define PACKAGE_URL ""
| /* end confdefs.h.  */
| #include <ac_nonexistent.h>
configure:7547: checking for ANSI C header files
configure:7567: gcc -c -g -O2  conftest.c >&5
configure:7567: $? = 0
configure:7640: gcc -o conftest.exe -g -O2   conftest.c  >&5
configure:7640: $? = 0
configure:7640: ./conftest.exe
configure:7640: $? = 0
configure:7651: result: yes
configure:7664: checking for sys/types.h
configure:7664: gcc -c -g -O2  conftest.c >&5
configure:7664: $? = 0
configure:7664: result: yes
configure:7664: checking for sys/stat.h
configure:7664: gcc -c -g -O2  conftest.c >&5
configure:7664: $? = 0
configure:7664: result: yes
configure:7664: checking for stdlib.h
configure:7664: gcc -c -g -O2  conftest.c >&5
configure:7664: $? = 0
configure:7664: result: yes
configure:7664: checking for string.h
configure:7664: gcc -c -g -O2  conftest.c >&5
configure:7664: $? = 0
configure:7664: result: yes
configure:7664: checking for memory.h
configure:7664: gcc -c -g -O2  conftest.c >&5
configure:7664: $? = 0
configure:7664: result: yes
configure:7664: checking for strings.h
configure:7664: gcc -c -g -O2  conftest.c >&5
configure:7664: $? = 0
configure:7664: result: yes
configure:7664: checking for inttypes.h
configure:7664: gcc -c -g -O2  conftest.c >&5
configure:7664: $? = 0
configure:7664: result: yes
configure:7664: checking for stdint.h
configure:7664: gcc -c -g -O2  conftest.c >&5
configure:7664: $? = 0
configure:7664: result: yes
configure:7664: checking for unistd.h
configure:7664: gcc -c -g -O2  conftest.c >&5
configure:7664: $? = 0
configure:7664: result: yes
configure:7678: checking for dlfcn.h
configure:7678: gcc -c -g -O2  conftest.c >&5
configure:7678: $? = 0
configure:7678: result: yes
configure:7893: checking for objdir
configure:7908: result: .libs
configure:8175: checking if gcc supports -fno-rtti -fno-exceptions
configure:8193: gcc -c -g -O2  -fno-rtti -fno-exceptions conftest.c >&5
cc1.exe: warning: command line option '-fno-rtti' is valid for C++/ObjC++ but not for C
configure:8197: $? = 0
configure:8210: result: no
configure:8537: checking for gcc option to produce PIC
configure:8544: result: -DDLL_EXPORT -DPIC
configure:8552: checking if gcc PIC flag -DDLL_EXPORT -DPIC works
configure:8570: gcc -c -g -O2  -DDLL_EXPORT -DPIC -DPIC conftest.c >&5
configure:8574: $? = 0
configure:8587: result: yes
configure:8616: checking if gcc static flag -static works
configure:8644: result: yes
configure:8659: checking if gcc supports -c -o file.o
configure:8680: gcc -c -g -O2  -o out/conftest2.o conftest.c >&5
configure:8684: $? = 0
configure:8706: result: yes
configure:8714: checking if gcc supports -c -o file.o
configure:8761: result: yes
configure:8794: checking whether the gcc linker (c:/mingw/mingw32/bin/ld.exe) supports shared libraries
configure:9951: result: yes
configure:9988: checking whether -lc should be explicitly linked in
configure:9996: gcc -c -g -O2  conftest.c >&5
configure:9999: $? = 0
configure:10014: gcc -shared conftest.o  -v -o ./conftest -Wl,--enable-auto-image-base -Xlinker --out-implib -Xlinker conftest 2\>\&1 \| /bin/grep  -lc  \>/dev/null 2\>\&1
configure:10017: $? = 1
configure:10031: result: yes
configure:10191: checking dynamic linker characteristics
configure:10925: result: Win32 ld.exe
configure:11032: checking how to hardcode library paths into programs
configure:11057: result: immediate
configure:11597: checking whether stripping libraries is possible
configure:11602: result: yes
configure:11637: checking if libtool supports shared libraries
configure:11639: result: yes
configure:11642: checking whether to build shared libraries
configure:11663: result: yes
configure:11666: checking whether to build static libraries
configure:11670: result: yes
configure:11693: checking how to run the C++ preprocessor
configure:11720: g++ -E  conftest.cpp
configure:11720: $? = 0
configure:11734: g++ -E  conftest.cpp
conftest.cpp:21:28: fatal error: ac_nonexistent.h: No such file or directory
compilation terminated.
configure:11734: $? = 1
configure: failed program was:
| /* confdefs.h */
| #define PACKAGE_NAME ""
| #define PACKAGE_TARNAME ""
| #define PACKAGE_VERSION ""
| #define PACKAGE_STRING ""
| #define PACKAGE_BUGREPORT ""
| #define PACKAGE_URL ""
| #define STDC_HEADERS 1
| #define HAVE_SYS_TYPES_H 1
| #define HAVE_SYS_STAT_H 1
| #define HAVE_STDLIB_H 1
| #define HAVE_STRING_H 1
| #define HAVE_MEMORY_H 1
| #define HAVE_STRINGS_H 1
| #define HAVE_INTTYPES_H 1
| #define HAVE_STDINT_H 1
| #define HAVE_UNISTD_H 1
| #define HAVE_DLFCN_H 1
| #define LT_OBJDIR ".libs/"
| /* end confdefs.h.  */
| #include <ac_nonexistent.h>
configure:11759: result: g++ -E
configure:11779: g++ -E  conftest.cpp
configure:11779: $? = 0
configure:11793: g++ -E  conftest.cpp
conftest.cpp:21:28: fatal error: ac_nonexistent.h: No such file or directory
compilation terminated.
configure:11793: $? = 1
configure: failed program was:
| /* confdefs.h */
| #define PACKAGE_NAME ""
| #define PACKAGE_TARNAME ""
| #define PACKAGE_VERSION ""
| #define PACKAGE_STRING ""
| #define PACKAGE_BUGREPORT ""
| #define PACKAGE_URL ""
| #define STDC_HEADERS 1
| #define HAVE_SYS_TYPES_H 1
| #define HAVE_SYS_STAT_H 1
| #define HAVE_STDLIB_H 1
| #define HAVE_STRING_H 1
| #define HAVE_MEMORY_H 1
| #define HAVE_STRINGS_H 1
| #define HAVE_INTTYPES_H 1
| #define HAVE_STDINT_H 1
| #define HAVE_UNISTD_H 1
| #define HAVE_DLFCN_H 1
| #define LT_OBJDIR ".libs/"
| /* end confdefs.h.  */
| #include <ac_nonexistent.h>
configure:11962: checking for ld used by g++
configure:12029: result: c:/mingw/mingw32/bin/ld.exe
configure:12036: checking if the linker (c:/mingw/mingw32/bin/ld.exe) is GNU ld
configure:12051: result: yes
configure:12106: checking whether the g++ linker (c:/mingw/mingw32/bin/ld.exe) supports shared libraries
configure:13108: result: yes
configure:13144: g++ -c -g -O2  conftest.cpp >&5
configure:13147: $? = 0
configure:13667: checking for g++ option to produce PIC
configure:13674: result: -DDLL_EXPORT -DPIC
configure:13682: checking if g++ PIC flag -DDLL_EXPORT -DPIC works
configure:13700: g++ -c -g -O2  -DDLL_EXPORT -DPIC -DPIC conftest.cpp >&5
configure:13704: $? = 0
configure:13717: result: yes
configure:13740: checking if g++ static flag -static works
configure:13768: result: yes
configure:13780: checking if g++ supports -c -o file.o
configure:13801: g++ -c -g -O2  -o out/conftest2.o conftest.cpp >&5
configure:13805: $? = 0
configure:13827: result: yes
configure:13832: checking if g++ supports -c -o file.o
configure:13879: result: yes
configure:13909: checking whether the g++ linker (c:/mingw/mingw32/bin/ld.exe) supports shared libraries
configure:13948: result: yes
configure:14089: checking dynamic linker characteristics
configure:14757: result: Win32 ld.exe
configure:14810: checking how to hardcode library paths into programs
configure:14835: result: immediate
configure:14910: checking for a BSD-compatible install
configure:14978: result: /bin/install -c
configure:14989: checking whether ln -s works
configure:14996: result: no, using cp -pR
configure:15002: checking for ar
configure:15020: found /mingw/bin/ar
configure:15033: result: /mingw/bin/ar
configure:15045: checking whether byte ordering is bigendian
configure:15060: gcc -c -g -O2  conftest.c >&5
conftest.c:22:9: error: unknown type name 'not'
         not a universal capable compiler
         ^
conftest.c:22:15: error: expected '=', ',', ';', 'asm' or '__attribute__' before 'universal'
         not a universal capable compiler
               ^
conftest.c:22:15: error: unknown type name 'universal'
configure:15060: $? = 1
configure: failed program was:
| /* confdefs.h */
| #define PACKAGE_NAME ""
| #define PACKAGE_TARNAME ""
| #define PACKAGE_VERSION ""
| #define PACKAGE_STRING ""
| #define PACKAGE_BUGREPORT ""
| #define PACKAGE_URL ""
| #define STDC_HEADERS 1
| #define HAVE_SYS_TYPES_H 1
| #define HAVE_SYS_STAT_H 1
| #define HAVE_STDLIB_H 1
| #define HAVE_STRING_H 1
| #define HAVE_MEMORY_H 1
| #define HAVE_STRINGS_H 1
| #define HAVE_INTTYPES_H 1
| #define HAVE_STDINT_H 1
| #define HAVE_UNISTD_H 1
| #define HAVE_DLFCN_H 1
| #define LT_OBJDIR ".libs/"
| /* end confdefs.h.  */
| #ifndef __APPLE_CC__
| 	       not a universal capable compiler
| 	     #endif
| 	     typedef int dummy;
| 
configure:15105: gcc -c -g -O2  conftest.c >&5
configure:15105: $? = 0
configure:15123: gcc -c -g -O2  conftest.c >&5
conftest.c: In function 'main':
conftest.c:28:4: error: unknown type name 'not'
    not big endian
    ^
conftest.c:28:12: error: expected '=', ',', ';', 'asm' or '__attribute__' before 'endian'
    not big endian
            ^
configure:15123: $? = 1
configure: failed program was:
| /* confdefs.h */
| #define PACKAGE_NAME ""
| #define PACKAGE_TARNAME ""
| #define PACKAGE_VERSION ""
| #define PACKAGE_STRING ""
| #define PACKAGE_BUGREPORT ""
| #define PACKAGE_URL ""
| #define STDC_HEADERS 1
| #define HAVE_SYS_TYPES_H 1
| #define HAVE_SYS_STAT_H 1
| #define HAVE_STDLIB_H 1
| #define HAVE_STRING_H 1
| #define HAVE_MEMORY_H 1
| #define HAVE_STRINGS_H 1
| #define HAVE_INTTYPES_H 1
| #define HAVE_STDINT_H 1
| #define HAVE_UNISTD_H 1
| #define HAVE_DLFCN_H 1
| #define LT_OBJDIR ".libs/"
| /* end confdefs.h.  */
| #include <sys/types.h>
| 		#include <sys/param.h>
| 
| int
| main ()
| {
| #if BYTE_ORDER != BIG_ENDIAN
| 		 not big endian
| 		#endif
| 
|   ;
|   return 0;
| }
configure:15251: result: no
configure:15273: checking for snd_pcm_open in -lasound
configure:15298: gcc -o conftest.exe -g -O2   conftest.c -lasound   >&5
c:/mingw/bin/../lib/gcc/mingw32/5.3.0/../../../../mingw32/bin/ld.exe: cannot find -lasound
collect2.exe: error: ld returned 1 exit status
configure:15298: $? = 1
configure: failed program was:
| /* confdefs.h */
| #define PACKAGE_NAME ""
| #define PACKAGE_TARNAME ""
| #define PACKAGE_VERSION ""
| #define PACKAGE_STRING ""
| #define PACKAGE_BUGREPORT ""
| #define PACKAGE_URL ""
| #define STDC_HEADERS 1
| #define HAVE_SYS_TYPES_H 1
| #define HAVE_SYS_STAT_H 1
| #define HAVE_STDLIB_H 1
| #define HAVE_STRING_H 1
| #define HAVE_MEMORY_H 1
| #define HAVE_STRINGS_H 1
| #define HAVE_INTTYPES_H 1
| #define HAVE_STDINT_H 1
| #define HAVE_UNISTD_H 1
| #define HAVE_DLFCN_H 1
| #define LT_OBJDIR ".libs/"
| /* end confdefs.h.  */
| 
| /* Override any GCC internal prototype to avoid an error.
|    Use char because int might match the return type of a GCC
|    builtin and then its argument prototype would still apply.  */
| #ifdef __cplusplus
| extern "C"
| #endif
| char snd_pcm_open ();
| int
| main ()
| {
| return snd_pcm_open ();
|   ;
|   return 0;
| }
configure:15307: result: no
configure:15318: checking for HPI_SubSysCreate in -lhpi
configure:15343: gcc -o conftest.exe -g -O2   conftest.c -lhpi -lm  >&5
c:/mingw/bin/../lib/gcc/mingw32/5.3.0/../../../../mingw32/bin/ld.exe: cannot find -lhpi
collect2.exe: error: ld returned 1 exit status
configure:15343: $? = 1
configure: failed program was:
| /* confdefs.h */
| #define PACKAGE_NAME ""
| #define PACKAGE_TARNAME ""
| #define PACKAGE_VERSION ""
| #define PACKAGE_STRING ""
| #define PACKAGE_BUGREPORT ""
| #define PACKAGE_URL ""
| #define STDC_HEADERS 1
| #define HAVE_SYS_TYPES_H 1
| #define HAVE_SYS_STAT_H 1
| #define HAVE_STDLIB_H 1
| #define HAVE_STRING_H 1
| #define HAVE_MEMORY_H 1
| #define HAVE_STRINGS_H 1
| #define HAVE_INTTYPES_H 1
| #define HAVE_STDINT_H 1
| #define HAVE_UNISTD_H 1
| #define HAVE_DLFCN_H 1
| #define LT_OBJDIR ".libs/"
| /* end confdefs.h.  */
| 
| /* Override any GCC internal prototype to avoid an error.
|    Use char because int might match the return type of a GCC
|    builtin and then its argument prototype would still apply.  */
| #ifdef __cplusplus
| extern "C"
| #endif
| char HPI_SubSysCreate ();
| int
| main ()
| {
| return HPI_SubSysCreate ();
|   ;
|   return 0;
| }
configure:15352: result: no
configure:15367: checking sys/soundcard.h usability
configure:15367: gcc -c -g -O2  conftest.c >&5
conftest.c:54:27: fatal error: sys/soundcard.h: No such file or directory
compilation terminated.
configure:15367: $? = 1
configure: failed program was:
| /* confdefs.h */
| #define PACKAGE_NAME ""
| #define PACKAGE_TARNAME ""
| #define PACKAGE_VERSION ""
| #define PACKAGE_STRING ""
| #define PACKAGE_BUGREPORT ""
| #define PACKAGE_URL ""
| #define STDC_HEADERS 1
| #define HAVE_SYS_TYPES_H 1
| #define HAVE_SYS_STAT_H 1
| #define HAVE_STDLIB_H 1
| #define HAVE_STRING_H 1
| #define HAVE_MEMORY_H 1
| #define HAVE_STRINGS_H 1
| #define HAVE_INTTYPES_H 1
| #define HAVE_STDINT_H 1
| #define HAVE_UNISTD_H 1
| #define HAVE_DLFCN_H 1
| #define LT_OBJDIR ".libs/"
| /* end confdefs.h.  */
| #include <stdio.h>
| #ifdef HAVE_SYS_TYPES_H
| # include <sys/types.h>
| #endif
| #ifdef HAVE_SYS_STAT_H
| # include <sys/stat.h>
| #endif
| #ifdef STDC_HEADERS
| # include <stdlib.h>
| # include <stddef.h>
| #else
| # ifdef HAVE_STDLIB_H
| #  include <stdlib.h>
| # endif
| #endif
| #ifdef HAVE_STRING_H
| # if !defined STDC_HEADERS && defined HAVE_MEMORY_H
| #  include <memory.h>
| # endif
| # include <string.h>
| #endif
| #ifdef HAVE_STRINGS_H
| # include <strings.h>
| #endif
| #ifdef HAVE_INTTYPES_H
| # include <inttypes.h>
| #endif
| #ifdef HAVE_STDINT_H
| # include <stdint.h>
| #endif
| #ifdef HAVE_UNISTD_H
| # include <unistd.h>
| #endif
| #include <sys/soundcard.h>
configure:15367: result: no
configure:15367: checking sys/soundcard.h presence
configure:15367: gcc -E  conftest.c
conftest.c:21:27: fatal error: sys/soundcard.h: No such file or directory
compilation terminated.
configure:15367: $? = 1
configure: failed program was:
| /* confdefs.h */
| #define PACKAGE_NAME ""
| #define PACKAGE_TARNAME ""
| #define PACKAGE_VERSION ""
| #define PACKAGE_STRING ""
| #define PACKAGE_BUGREPORT ""
| #define PACKAGE_URL ""
| #define STDC_HEADERS 1
| #define HAVE_SYS_TYPES_H 1
| #define HAVE_SYS_STAT_H 1
| #define HAVE_STDLIB_H 1
| #define HAVE_STRING_H 1
| #define HAVE_MEMORY_H 1
| #define HAVE_STRINGS_H 1
| #define HAVE_INTTYPES_H 1
| #define HAVE_STDINT_H 1
| #define HAVE_UNISTD_H 1
| #define HAVE_DLFCN_H 1
| #define LT_OBJDIR ".libs/"
| /* end confdefs.h.  */
| #include <sys/soundcard.h>
configure:15367: result: no
configure:15367: checking for sys/soundcard.h
configure:15367: result: no
configure:15367: checking linux/soundcard.h usability
configure:15367: gcc -c -g -O2  conftest.c >&5
conftest.c:54:29: fatal error: linux/soundcard.h: No such file or directory
compilation terminated.
configure:15367: $? = 1
configure: failed program was:
| /* confdefs.h */
| #define PACKAGE_NAME ""
| #define PACKAGE_TARNAME ""
| #define PACKAGE_VERSION ""
| #define PACKAGE_STRING ""
| #define PACKAGE_BUGREPORT ""
| #define PACKAGE_URL ""
| #define STDC_HEADERS 1
| #define HAVE_SYS_TYPES_H 1
| #define HAVE_SYS_STAT_H 1
| #define HAVE_STDLIB_H 1
| #define HAVE_STRING_H 1
| #define HAVE_MEMORY_H 1
| #define HAVE_STRINGS_H 1
| #define HAVE_INTTYPES_H 1
| #define HAVE_STDINT_H 1
| #define HAVE_UNISTD_H 1
| #define HAVE_DLFCN_H 1
| #define LT_OBJDIR ".libs/"
| /* end confdefs.h.  */
| #include <stdio.h>
| #ifdef HAVE_SYS_TYPES_H
| # include <sys/types.h>
| #endif
| #ifdef HAVE_SYS_STAT_H
| # include <sys/stat.h>
| #endif
| #ifdef STDC_HEADERS
| # include <stdlib.h>
| # include <stddef.h>
| #else
| # ifdef HAVE_STDLIB_H
| #  include <stdlib.h>
| # endif
| #endif
| #ifdef HAVE_STRING_H
| # if !defined STDC_HEADERS && defined HAVE_MEMORY_H
| #  include <memory.h>
| # endif
| # include <string.h>
| #endif
| #ifdef HAVE_STRINGS_H
| # include <strings.h>
| #endif
| #ifdef HAVE_INTTYPES_H
| # include <inttypes.h>
| #endif
| #ifdef HAVE_STDINT_H
| # include <stdint.h>
| #endif
| #ifdef HAVE_UNISTD_H
| # include <unistd.h>
| #endif
| #include <linux/soundcard.h>
configure:15367: result: no
configure:15367: checking linux/soundcard.h presence
configure:15367: gcc -E  conftest.c
conftest.c:21:29: fatal error: linux/soundcard.h: No such file or directory
compilation terminated.
configure:15367: $? = 1
configure: failed program was:
| /* confdefs.h */
| #define PACKAGE_NAME ""
| #define PACKAGE_TARNAME ""
| #define PACKAGE_VERSION ""
| #define PACKAGE_STRING ""
| #define PACKAGE_BUGREPORT ""
| #define PACKAGE_URL ""
| #define STDC_HEADERS 1
| #define HAVE_SYS_TYPES_H 1
| #define HAVE_SYS_STAT_H 1
| #define HAVE_STDLIB_H 1
| #define HAVE_STRING_H 1
| #define HAVE_MEMORY_H 1
| #define HAVE_STRINGS_H 1
| #define HAVE_INTTYPES_H 1
| #define HAVE_STDINT_H 1
| #define HAVE_UNISTD_H 1
| #define HAVE_DLFCN_H 1
| #define LT_OBJDIR ".libs/"
| /* end confdefs.h.  */
| #include <linux/soundcard.h>
configure:15367: result: no
configure:15367: checking for linux/soundcard.h
configure:15367: result: no
configure:15367: checking machine/soundcard.h usability
configure:15367: gcc -c -g -O2  conftest.c >&5
conftest.c:54:31: fatal error: machine/soundcard.h: No such file or directory
compilation terminated.
configure:15367: $? = 1
configure: failed program was:
| /* confdefs.h */
| #define PACKAGE_NAME ""
| #define PACKAGE_TARNAME ""
| #define PACKAGE_VERSION ""
| #define PACKAGE_STRING ""
| #define PACKAGE_BUGREPORT ""
| #define PACKAGE_URL ""
| #define STDC_HEADERS 1
| #define HAVE_SYS_TYPES_H 1
| #define HAVE_SYS_STAT_H 1
| #define HAVE_STDLIB_H 1
| #define HAVE_STRING_H 1
| #define HAVE_MEMORY_H 1
| #define HAVE_STRINGS_H 1
| #define HAVE_INTTYPES_H 1
| #define HAVE_STDINT_H 1
| #define HAVE_UNISTD_H 1
| #define HAVE_DLFCN_H 1
| #define LT_OBJDIR ".libs/"
| /* end confdefs.h.  */
| #include <stdio.h>
| #ifdef HAVE_SYS_TYPES_H
| # include <sys/types.h>
| #endif
| #ifdef HAVE_SYS_STAT_H
| # include <sys/stat.h>
| #endif
| #ifdef STDC_HEADERS
| # include <stdlib.h>
| # include <stddef.h>
| #else
| # ifdef HAVE_STDLIB_H
| #  include <stdlib.h>
| # endif
| #endif
| #ifdef HAVE_STRING_H
| # if !defined STDC_HEADERS && defined HAVE_MEMORY_H
| #  include <memory.h>
| # endif
| # include <string.h>
| #endif
| #ifdef HAVE_STRINGS_H
| # include <strings.h>
| #endif
| #ifdef HAVE_INTTYPES_H
| # include <inttypes.h>
| #endif
| #ifdef HAVE_STDINT_H
| # include <stdint.h>
| #endif
| #ifdef HAVE_UNISTD_H
| # include <unistd.h>
| #endif
| #include <machine/soundcard.h>
configure:15367: result: no
configure:15367: checking machine/soundcard.h presence
configure:15367: gcc -E  conftest.c
conftest.c:21:31: fatal error: machine/soundcard.h: No such file or directory
compilation terminated.
configure:15367: $? = 1
configure: failed program was:
| /* confdefs.h */
| #define PACKAGE_NAME ""
| #define PACKAGE_TARNAME ""
| #define PACKAGE_VERSION ""
| #define PACKAGE_STRING ""
| #define PACKAGE_BUGREPORT ""
| #define PACKAGE_URL ""
| #define STDC_HEADERS 1
| #define HAVE_SYS_TYPES_H 1
| #define HAVE_SYS_STAT_H 1
| #define HAVE_STDLIB_H 1
| #define HAVE_STRING_H 1
| #define HAVE_MEMORY_H 1
| #define HAVE_STRINGS_H 1
| #define HAVE_INTTYPES_H 1
| #define HAVE_STDINT_H 1
| #define HAVE_UNISTD_H 1
| #define HAVE_DLFCN_H 1
| #define LT_OBJDIR ".libs/"
| /* end confdefs.h.  */
| #include <machine/soundcard.h>
configure:15367: result: no
configure:15367: checking for machine/soundcard.h
configure:15367: result: no
configure:15478: checking for pkg-config
configure:15511: result: no
configure:15546: checking for JACK
configure:15605: result: no
configure:15623: checking size of short
configure:15628: gcc -o conftest.exe -g -O2   conftest.c  >&5
configure:15628: $? = 0
configure:15628: ./conftest.exe
configure:15628: $? = 0
configure:15642: result: 2
configure:15656: checking size of int
configure:15661: gcc -o conftest.exe -g -O2   conftest.c  >&5
configure:15661: $? = 0
configure:15661: ./conftest.exe
configure:15661: $? = 0
configure:15675: result: 4
configure:15689: checking size of long
configure:15694: gcc -o conftest.exe -g -O2   conftest.c  >&5
configure:15694: $? = 0
configure:15694: ./conftest.exe
configure:15694: $? = 0
configure:15708: result: 4
configure:15720: checking for clock_gettime in -lrt
configure:15745: gcc -o conftest.exe -g -O2   conftest.c -lrt   >&5
c:/mingw/bin/../lib/gcc/mingw32/5.3.0/../../../../mingw32/bin/ld.exe: cannot find -lrt
collect2.exe: error: ld returned 1 exit status
configure:15745: $? = 1
configure: failed program was:
| /* confdefs.h */
| #define PACKAGE_NAME ""
| #define PACKAGE_TARNAME ""
| #define PACKAGE_VERSION ""
| #define PACKAGE_STRING ""
| #define PACKAGE_BUGREPORT ""
| #define PACKAGE_URL ""
| #define STDC_HEADERS 1
| #define HAVE_SYS_TYPES_H 1
| #define HAVE_SYS_STAT_H 1
| #define HAVE_STDLIB_H 1
| #define HAVE_STRING_H 1
| #define HAVE_MEMORY_H 1
| #define HAVE_STRINGS_H 1
| #define HAVE_INTTYPES_H 1
| #define HAVE_STDINT_H 1
| #define HAVE_UNISTD_H 1
| #define HAVE_DLFCN_H 1
| #define LT_OBJDIR ".libs/"
| #define SIZEOF_SHORT 2
| #define SIZEOF_INT 4
| #define SIZEOF_LONG 4
| /* end confdefs.h.  */
| 
| /* Override any GCC internal prototype to avoid an error.
|    Use char because int might match the return type of a GCC
|    builtin and then its argument prototype would still apply.  */
| #ifdef __cplusplus
| extern "C"
| #endif
| char clock_gettime ();
| int
| main ()
| {
| return clock_gettime ();
|   ;
|   return 0;
| }
configure:15754: result: no
configure:15765: checking for clock_gettime
configure:15765: gcc -o conftest.exe -g -O2   conftest.c  >&5
C:\Users\emily\AppData\Local\Temp\ccSz455b.o: In function `main':
c:\Users\emily\Documents\CodeAndChords\Visuals\CommandLine\portaudio/conftest.c:58: undefined reference to `clock_gettime'
collect2.exe: error: ld returned 1 exit status
configure:15765: $? = 1
configure: failed program was:
| /* confdefs.h */
| #define PACKAGE_NAME ""
| #define PACKAGE_TARNAME ""
| #define PACKAGE_VERSION ""
| #define PACKAGE_STRING ""
| #define PACKAGE_BUGREPORT ""
| #define PACKAGE_URL ""
| #define STDC_HEADERS 1
| #define HAVE_SYS_TYPES_H 1
| #define HAVE_SYS_STAT_H 1
| #define HAVE_STDLIB_H 1
| #define HAVE_STRING_H 1
| #define HAVE_MEMORY_H 1
| #define HAVE_STRINGS_H 1
| #define HAVE_INTTYPES_H 1
| #define HAVE_STDINT_H 1
| #define HAVE_UNISTD_H 1
| #define HAVE_DLFCN_H 1
| #define LT_OBJDIR ".libs/"
| #define SIZEOF_SHORT 2
| #define SIZEOF_INT 4
| #define SIZEOF_LONG 4
| /* end confdefs.h.  */
| /* Define clock_gettime to an innocuous variant, in case <limits.h> declares clock_gettime.
|    For example, HP-UX 11i <limits.h> declares gettimeofday.  */
| #define clock_gettime innocuous_clock_gettime
| 
| /* System header to define __stub macros and hopefully few prototypes,
|     which can conflict with char clock_gettime (); below.
|     Prefer <limits.h> to <assert.h> if __STDC__ is defined, since
|     <limits.h> exists even on freestanding compilers.  */
| 
| #ifdef __STDC__
| # include <limits.h>
| #else
| # include <assert.h>
| #endif
| 
| #undef clock_gettime
| 
| /* Override any GCC internal prototype to avoid an error.
|    Use char because int might match the return type of a GCC
|    builtin and then its argument prototype would still apply.  */
| #ifdef __cplusplus
| extern "C"
| #endif
| char clock_gettime ();
| /* The GNU C library defines this for functions which it implements
|     to always fail with ENOSYS.  Some functions are actually named
|     something starting with __ and the normal name is an alias.  */
| #if defined __stub_clock_gettime || defined __stub___clock_gettime
| choke me
| #endif
| 
| int
| main ()
| {
| return clock_gettime ();
|   ;
|   return 0;
| }
configure:15765: result: no
configure:15765: checking for nanosleep
configure:15765: gcc -o conftest.exe -g -O2   conftest.c  >&5
configure:15765: $? = 0
configure:15765: result: yes
configure:16414: creating ./config.status

## ---------------------- ##
## Running config.status. ##
## ---------------------- ##

This file was extended by config.status, which was
generated by GNU Autoconf 2.69.  Invocation command line was

  CONFIG_FILES    = 
  CONFIG_HEADERS  = 
  CONFIG_LINKS    = 
  CONFIG_COMMANDS = 
  $ ./config.status 

on OTM-Laptop1

config.status:1079: creating Makefile
config.status:1079: creating portaudio-2.0.pc
config.status:1245: executing libtool commands
configure:18771: result:
Configuration summary:

  Target ...................... i686-pc-mingw32
  C++ bindings ................ no
  Debug output ................ no
configure:18800: result:
  WMME ........................ no
  DSound ...................... no
  ASIO ........................ yes (./src/hostapi/asio/ASIOSDK/)
  WASAPI ...................... no
  WDMKS ....................... no


## ---------------- ##
## Cache variables. ##
## ---------------- ##

ac_cv_build=i686-pc-mingw32
ac_cv_c_bigendian=no
ac_cv_c_compiler_gnu=yes
ac_cv_cxx_compiler_gnu=yes
ac_cv_env_CCC_set=
ac_cv_env_CCC_value=
ac_cv_env_CC_set=
ac_cv_env_CC_value=
ac_cv_env_CFLAGS_set=
ac_cv_env_CFLAGS_value=
ac_cv_env_CPPFLAGS_set=
ac_cv_env_CPPFLAGS_value=
ac_cv_env_CPP_set=
ac_cv_env_CPP_value=
ac_cv_env_CXXCPP_set=
ac_cv_env_CXXCPP_value=
ac_cv_env_CXXFLAGS_set=
ac_cv_env_CXXFLAGS_value=
ac_cv_env_CXX_set=
ac_cv_env_CXX_value=
ac_cv_env_JACK_CFLAGS_set=
ac_cv_env_JACK_CFLAGS_value=
ac_cv_env_JACK_LIBS_set=
ac_cv_env_JACK_LIBS_value=
ac_cv_env_LDFLAGS_set=
ac_cv_env_LDFLAGS_value=
ac_cv_env_LIBS_set=
ac_cv_env_LIBS_value=
ac_cv_env_PKG_CONFIG_LIBDIR_set=
ac_cv_env_PKG_CONFIG_LIBDIR_value=
ac_cv_env_PKG_CONFIG_PATH_set=
ac_cv_env_PKG_CONFIG_PATH_value=
ac_cv_env_PKG_CONFIG_set=
ac_cv_env_PKG_CONFIG_value=
ac_cv_env_build_alias_set=
ac_cv_env_build_alias_value=
ac_cv_env_host_alias_set=
ac_cv_env_host_alias_value=
ac_cv_env_target_alias_set=
ac_cv_env_target_alias_value=
ac_cv_exeext=.exe
ac_cv_func_clock_gettime=no
ac_cv_func_nanosleep=yes
ac_cv_header_dlfcn_h=yes
ac_cv_header_inttypes_h=yes
ac_cv_header_linux_soundcard_h=no
ac_cv_header_machine_soundcard_h=no
ac_cv_header_memory_h=yes
ac_cv_header_stdc=yes
ac_cv_header_stdint_h=yes
ac_cv_header_stdlib_h=yes
ac_cv_header_string_h=yes
ac_cv_header_strings_h=yes
ac_cv_header_sys_soundcard_h=no
ac_cv_header_sys_stat_h=yes
ac_cv_header_sys_types_h=yes
ac_cv_header_unistd_h=yes
ac_cv_host=i686-pc-mingw32
ac_cv_lib_asound_snd_pcm_open=no
ac_cv_lib_hpi_HPI_SubSysCreate=no
ac_cv_lib_rt_clock_gettime=no
ac_cv_objext=o
ac_cv_path_AR=/mingw/bin/ar
ac_cv_path_EGREP='/bin/grep -E'
ac_cv_path_FGREP='/bin/grep -F'
ac_cv_path_GREP=/bin/grep
ac_cv_path_SED=/bin/sed
ac_cv_path_install='/bin/install -c'
ac_cv_prog_AWK=gawk
ac_cv_prog_CPP='gcc -E'
ac_cv_prog_CXXCPP='g++ -E'
ac_cv_prog_ac_ct_AR=ar
ac_cv_prog_ac_ct_AS=as
ac_cv_prog_ac_ct_CC=gcc
ac_cv_prog_ac_ct_CXX=g++
ac_cv_prog_ac_ct_DLLTOOL=dlltool
ac_cv_prog_ac_ct_OBJDUMP=objdump
ac_cv_prog_ac_ct_RANLIB=ranlib
ac_cv_prog_ac_ct_STRIP=strip
ac_cv_prog_cc_c89=
ac_cv_prog_cc_g=yes
ac_cv_prog_cxx_g=yes
ac_cv_sizeof_int=4
ac_cv_sizeof_long=4
ac_cv_sizeof_short=2
ac_cv_target=i686-pc-mingw32
lt_cv_ar_at_file=@
lt_cv_archive_cmds_need_lc=yes
lt_cv_deplibs_check_method='file_magic ^x86 archive import|^x86 DLL'
lt_cv_file_magic_cmd=func_win32_libid
lt_cv_file_magic_test_file=
lt_cv_ld_reload_flag=-r
lt_cv_nm_interface='BSD nm'
lt_cv_objdir=.libs
lt_cv_path_LD=c:/mingw/mingw32/bin/ld.exe
lt_cv_path_LDCXX=c:/mingw/mingw32/bin/ld.exe
lt_cv_path_NM=/mingw/bin/nm
lt_cv_path_mainfest_tool=no
lt_cv_prog_compiler_c_o=yes
lt_cv_prog_compiler_c_o_CXX=yes
lt_cv_prog_compiler_pic='-DDLL_EXPORT -DPIC'
lt_cv_prog_compiler_pic_CXX='-DDLL_EXPORT -DPIC'
lt_cv_prog_compiler_pic_works=yes
lt_cv_prog_compiler_pic_works_CXX=yes
lt_cv_prog_compiler_rtti_exceptions=no
lt_cv_prog_compiler_static_works=yes
lt_cv_prog_compiler_static_works_CXX=yes
lt_cv_prog_gnu_ld=yes
lt_cv_prog_gnu_ldcxx=yes
lt_cv_sharedlib_from_linklib_cmd=func_cygming_dll_for_implib
lt_cv_sys_global_symbol_pipe='sed -n -e '\''s/^.*[	 ]\([ABCDGIRSTW][ABCDGIRSTW]*\)[	 ][	 ]*_\([_A-Za-z][_A-Za-z0-9]*\)\{0,1\}$/\1 _\2 \2/p'\'' | sed '\''/ __gnu_lto/d'\'''
lt_cv_sys_global_symbol_to_c_name_address='sed -n -e '\''s/^: \([^ ]*\)[ ]*$/  {\"\1\", (void *) 0},/p'\'' -e '\''s/^[ABCDGIRSTW]* \([^ ]*\) \([^ ]*\)$/  {"\2", (void *) \&\2},/p'\'''
lt_cv_sys_global_symbol_to_c_name_address_lib_prefix='sed -n -e '\''s/^: \([^ ]*\)[ ]*$/  {\"\1\", (void *) 0},/p'\'' -e '\''s/^[ABCDGIRSTW]* \([^ ]*\) \(lib[^ ]*\)$/  {"\2", (void *) \&\2},/p'\'' -e '\''s/^[ABCDGIRSTW]* \([^ ]*\) \([^ ]*\)$/  {"lib\2", (void *) \&\2},/p'\'''
lt_cv_sys_global_symbol_to_cdecl='sed -n -e '\''s/^T .* \(.*\)$/extern int \1();/p'\'' -e '\''s/^[ABCDGIRSTW]* .* \(.*\)$/extern char \1;/p'\'''
lt_cv_sys_max_cmd_len=8192
lt_cv_to_host_file_cmd=func_convert_file_msys_to_w32
lt_cv_to_tool_file_cmd=func_convert_file_msys_to_w32

## ----------------- ##
## Output variables. ##
## ----------------- ##

AR='/mingw/bin/ar'
AS='as'
AWK='gawk'
CC='gcc'
CFLAGS='-g -O2 -DPA_LITTLE_ENDIAN -I$(top_srcdir)/include -I$(top_srcdir)/src/common -I$(top_srcdir)/src/os/win -DPA_USE_WMME=0 -DPA_USE_ASIO=0 -DPA_USE_WDMKS=0 -DPA_USE_DS=0 -DPA_USE_WASAPI=0 -ffast-math -fomit-frame-pointer -I$(top_srcdir)/src/hostapi/asio -I./src/hostapi/asio/ASIOSDK//host/pc -I./src/hostapi/asio/ASIOSDK//common -I./src/hostapi/asio/ASIOSDK//host -UPA_USE_ASIO -DPA_USE_ASIO=1 -DWINDOWS -D_WIN32_WINNT=0x0501 -DWINVER=0x0501 -mthreads'
CPP='gcc -E'
CPPFLAGS=''
CXX='g++'
CXXCPP='g++ -E'
CXXFLAGS='-g -O2 -DPA_LITTLE_ENDIAN -I$(top_srcdir)/include -I$(top_srcdir)/src/common -I$(top_srcdir)/src/os/win -DPA_USE_WMME=0 -DPA_USE_ASIO=0 -DPA_USE_WDMKS=0 -DPA_USE_DS=0 -DPA_USE_WASAPI=0 -ffast-math -fomit-frame-pointer -I$(top_srcdir)/src/hostapi/asio -I./src/hostapi/asio/ASIOSDK//host/pc -I./src/hostapi/asio/ASIOSDK//common -I./src/hostapi/asio/ASIOSDK//host -UPA_USE_ASIO -DPA_USE_ASIO=1 -DWINDOWS -D_WIN32_WINNT=0x0501 -DWINVER=0x0501'
DEFS='-DPACKAGE_NAME=\"\" -DPACKAGE_TARNAME=\"\" -DPACKAGE_VERSION=\"\" -DPACKAGE_STRING=\"\" -DPACKAGE_BUGREPORT=\"\" -DPACKAGE_URL=\"\" -DSTDC_HEADERS=1 -DHAVE_SYS_TYPES_H=1 -DHAVE_SYS_STAT_H=1 -DHAVE_STDLIB_H=1 -DHAVE_STRING_H=1 -DHAVE_MEMORY_H=1 -DHAVE_STRINGS_H=1 -DHAVE_INTTYPES_H=1 -DHAVE_STDINT_H=1 -DHAVE_UNISTD_H=1 -DHAVE_DLFCN_H=1 -DLT_OBJDIR=\".libs/\" -DSIZEOF_SHORT=2 -DSIZEOF_INT=4 -DSIZEOF_LONG=4 -DHAVE_NANOSLEEP=1'
DLLTOOL='dlltool'
DLL_LIBS=' -lwinmm -lm -lole32 -luuid'
DSYMUTIL=''
DUMPBIN=''
ECHO_C=''
ECHO_N='-n'
ECHO_T=''
EGREP='/bin/grep -E'
ENABLE_CXX_FALSE=''
ENABLE_CXX_TRUE='#'
EXEEXT='.exe'
FGREP='/bin/grep -F'
GREP='/bin/grep'
INCLUDES='portaudio.h'
INSTALL_DATA='${INSTALL} -m 644'
INSTALL_PROGRAM='${INSTALL}'
INSTALL_SCRIPT='${INSTALL}'
JACK_CFLAGS=''
JACK_LIBS=''
LD='c:/mingw/mingw32/bin/ld.exe'
LDFLAGS=''
LIBOBJS=''
LIBS=' -lwinmm -lm -lole32 -luuid'
LIBTOOL='$(SHELL) $(top_builddir)/libtool'
LIPO=''
LN_S='cp -pR'
LTLIBOBJS=''
LT_AGE='0'
LT_CURRENT='2'
LT_REVISION='0'
MANIFEST_TOOL=':'
NASM=''
NASMOPT=''
NM='/mingw/bin/nm'
NMEDIT=''
OBJDUMP='objdump'
OBJEXT='o'
OTHER_OBJS=' src/hostapi/asio/pa_asio.o src/common/pa_ringbuffer.o src/os/win/pa_win_hostapis.o src/os/win/pa_win_util.o src/os/win/pa_win_coinitialize.o src/hostapi/asio/iasiothiscallresolver.o ./src/hostapi/asio/ASIOSDK//common/asio.o ./src/hostapi/asio/ASIOSDK//host/asiodrivers.o ./src/hostapi/asio/ASIOSDK//host/pc/asiolist.o'
OTOOL64=''
OTOOL=''
PACKAGE_BUGREPORT=''
PACKAGE_NAME=''
PACKAGE_STRING=''
PACKAGE_TARNAME=''
PACKAGE_URL=''
PACKAGE_VERSION=''
PADLL='portaudio.dll'
PATH_SEPARATOR=':'
PKG_CONFIG=''
PKG_CONFIG_LIBDIR=''
PKG_CONFIG_PATH=''
RANLIB='ranlib'
SED='/bin/sed'
SHARED_FLAGS='-shared'
SHELL='/bin/sh'
STRIP='strip'
THREAD_CFLAGS='-mthreads'
WITH_ASIO_FALSE='@ #'
WITH_ASIO_TRUE=''
ac_ct_AR='ar'
ac_ct_CC='gcc'
ac_ct_CXX='g++'
ac_ct_DUMPBIN=''
bindir='${exec_prefix}/bin'
build='i686-pc-mingw32'
build_alias=''
build_cpu='i686'
build_os='mingw32'
build_vendor='pc'
datadir='${datarootdir}'
datarootdir='${prefix}/share'
docdir='${datarootdir}/doc/${PACKAGE}'
dvidir='${docdir}'
exec_prefix='${prefix}'
host='i686-pc-mingw32'
host_alias=''
host_cpu='i686'
host_os='mingw32'
host_vendor='pc'
htmldir='${docdir}'
includedir='${prefix}/include'
infodir='${datarootdir}/info'
libdir='${exec_prefix}/lib'
libexecdir='${exec_prefix}/libexec'
localedir='${datarootdir}/locale'
localstatedir='${prefix}/var'
mandir='${datarootdir}/man'
oldincludedir='/usr/include'
pdfdir='${docdir}'
prefix='/usr/local'
program_transform_name='s,x,x,'
psdir='${docdir}'
sbindir='${exec_prefix}/sbin'
sharedstatedir='${prefix}/com'
subdirs=''
sysconfdir='${prefix}/etc'
target='i686-pc-mingw32'
target_alias=''
target_cpu='i686'
target_os='mingw32'
target_vendor='pc'

## ----------- ##
## confdefs.h. ##
## ----------- ##

/* confdefs.h */
#define PACKAGE_NAME ""
#define PACKAGE_TARNAME ""
#define PACKAGE_VERSION ""
#define PACKAGE_STRING ""
#define PACKAGE_BUGREPORT ""
#define PACKAGE_URL ""
#define STDC_HEADERS 1
#define HAVE_SYS_TYPES_H 1
#define HAVE_SYS_STAT_H 1
#define HAVE_STDLIB_H 1
#define HAVE_STRING_H 1
#define HAVE_MEMORY_H 1
#define HAVE_STRINGS_H 1
#define HAVE_INTTYPES_H 1
#define HAVE_STDINT_H 1
#define HAVE_UNISTD_H 1
#define HAVE_DLFCN_H 1
#define LT_OBJDIR ".libs/"
#define SIZEOF_SHORT 2
#define SIZEOF_INT 4
#define SIZEOF_LONG 4
#define HAVE_NANOSLEEP 1

configure: exit 0
