#
# A fatal error has been detected by the Java Runtime Environment:
#
#  SIGSEGV (0xb) at pc=0x0000000134479bfa, pid=701, tid=60975
#
# JRE version: Java(TM) SE Runtime Environment (8.0_91-b14) (build 1.8.0_91-b14)
# Java VM: Java HotSpot(TM) 64-Bit Server VM (25.91-b14 mixed mode bsd-amd64 compressed oops)
# Problematic frame:
# C  [libMethClaInterface.jnilib+0x10bfa]  Java_processing_sound_MethClaInterface_poll_1amplitude+0x5a
#
# Failed to write core dump. Core dumps have been disabled. To enable core dumping, try "ulimit -c unlimited" before starting Java again
#
# If you would like to submit a bug report, please visit:
#   http://bugreport.java.com/bugreport/crash.jsp
# The crash happened outside the Java Virtual Machine in native code.
# See problematic frame for where to report the bug.
#

---------------  T H R E A D  ---------------

Current thread (0x00007fa18a181800):  JavaThread "Animation Thread" [_thread_in_native, id=60975, stack(0x0000700001e80000,0x0000700001f80000)]

siginfo: si_signo: 11 (SIGSEGV), si_code: 1 (SEGV_MAPERR), si_addr: 0x0000000000000000

Registers:
RAX=0x0000700001f7f568, RBX=0x0000000127a955a8, RCX=0x0000000000000000, RDX=0x0000000000000000
RSP=0x0000700001f7f560, RBP=0x0000700001f7f5c0, RSI=0x0000000000000103, RDI=0x0000000000000000
R8 =0x00000000000043c4, R9 =0xffffffff00000000, R10=0x000000013449e638, R11=0x000000010e0de301
R12=0x0000000000000000, R13=0x0000000127a955a8, R14=0x0000700001f7f660, R15=0x00007fa18a181800
RIP=0x0000000134479bfa, EFLAGS=0x0000000000010246, ERR=0x0000000000000004
  TRAPNO=0x000000000000000e

Top of Stack: (sp=0x0000700001f7f560)
0x0000700001f7f560:   00007fa18a181800 000000013449e620
0x0000700001f7f570:   0000000000000000 0000000000000000
0x0000700001f7f580:   0000700001f7f660 00007fa18a1819f8
0x0000700001f7f590:   000000013449e620 0000700001f7f568
0x0000700001f7f5a0:   000000013449e620 0000700001f7f568
0x0000700001f7f5b0:   0000700001f7f630 000000010ebab872
0x0000700001f7f5c0:   0000700001f7f630 000000010ebab9d4
0x0000700001f7f5d0:   0000700001f7f630 000000010ebab759
0x0000700001f7f5e0:   000000010ebb7203 000000010ebab722
0x0000700001f7f5f0:   0000700001f7f5f0 0000000127a955a8
0x0000700001f7f600:   0000700001f7f660 0000000127a95990
0x0000700001f7f610:   0000000000000000 0000000127a955a8
0x0000700001f7f620:   0000000000000000 0000700001f7f650
0x0000700001f7f630:   0000700001f7f6a8 000000010eb9bea0
0x0000700001f7f640:   0000000000000000 000000010eba5539
0x0000700001f7f650:   0000000000000000 000000010eba6e47
0x0000700001f7f660:   000000076ba36310 0000700001f7f668
0x0000700001f7f670:   0000000127a9218c 0000700001f7f6c0
0x0000700001f7f680:   0000000127a927c8 0000000000000000
0x0000700001f7f690:   0000000127a92190 0000700001f7f650
0x0000700001f7f6a0:   0000700001f7f6b8 0000700001f7f708
0x0000700001f7f6b0:   000000010eb9bea0 0000000000000000
0x0000700001f7f6c0:   000000076ba39e78 0000700001f7f6c8
0x0000700001f7f6d0:   0000000131e4b0b9 0000700001f7f718
0x0000700001f7f6e0:   0000000131e4b1b0 0000000000000000
0x0000700001f7f6f0:   0000000131e4b0c0 0000700001f7f6b8
0x0000700001f7f700:   0000700001f7f718 0000700001f7f770
0x0000700001f7f710:   000000010eb9bea0 000000076ba39e78
0x0000700001f7f720:   00000000442f0000 000000076aebf900
0x0000700001f7f730:   0000700001f7f730 0000000127a8dab9
0x0000700001f7f740:   0000700001f7f788 0000000127a8db40
0x0000700001f7f750:   0000000000000000 0000000127a8dae8 

Instructions: (pc=0x0000000134479bfa)
0x0000000134479bda:   e8 48 89 4d e0 48 8b 45 e8 48 8b 4d e0 48 89 08
0x0000000134479bea:   48 8b 38 e8 e0 0e 02 00 48 8d 45 a8 48 8b 4d b0
0x0000000134479bfa:   f3 0f 10 01 48 89 45 f0 48 8b 45 f0 48 89 45 f8
0x0000000134479c0a:   48 8b 45 f8 48 8b 38 f3 0f 11 45 a4 e8 bd 0e 02 

Register to memory mapping:

RAX=0x0000700001f7f568 is pointing into the stack for thread: 0x00007fa18a181800
RBX={method} {0x0000000127a955a8} 'poll_amplitude' '(J)F' in 'processing/sound/MethClaInterface'
RCX=0x0000000000000000 is an unknown value
RDX=0x0000000000000000 is an unknown value
RSP=0x0000700001f7f560 is pointing into the stack for thread: 0x00007fa18a181800
RBP=0x0000700001f7f5c0 is pointing into the stack for thread: 0x00007fa18a181800
RSI=0x0000000000000103 is an unknown value
RDI=0x0000000000000000 is an unknown value
R8 =0x00000000000043c4 is an unknown value
R9 =0xffffffff00000000 is an unknown value
R10=0x000000013449e638: mutex_amp_out+0x18 in /Users/codeandchords/Documents/Processing/libraries/sound/library/macosx/libMethClaInterface.jnilib at 0x0000000134469000
R11=0x000000010e0de301: _ZN13SharedRuntime3d2lEd+0x1f in /Library/Java/JavaVirtualMachines/jdk1.8.0_91.jdk/Contents/Home/jre/lib/server/libjvm.dylib at 0x000000010dc00000
R12=0x0000000000000000 is an unknown value
R13={method} {0x0000000127a955a8} 'poll_amplitude' '(J)F' in 'processing/sound/MethClaInterface'
R14=0x0000700001f7f660 is pointing into the stack for thread: 0x00007fa18a181800
R15=0x00007fa18a181800 is a thread


Stack: [0x0000700001e80000,0x0000700001f80000],  sp=0x0000700001f7f560,  free space=1021k
Native frames: (J=compiled Java code, j=interpreted, Vv=VM code, C=native code)
C  [libMethClaInterface.jnilib+0x10bfa]  Java_processing_sound_MethClaInterface_poll_1amplitude+0x5a
j  processing.sound.MethClaInterface.poll_amplitude(J)F+0
j  processing.sound.Engine.poll_amplitude(J)F+4
j  processing.sound.Amplitude.analyze()F+9
j  mutlipleLinesTests.Test1.ampEllipse()V+25
j  mutlipleLinesTests.MLDriver.draw()V+4
j  processing.core.PApplet.handleDraw()V+161
j  processing.awt.PSurfaceAWT$12.callDraw()V+7
j  processing.core.PSurfaceNone$AnimationThread.run()V+30
v  ~StubRoutines::call_stub
V  [libjvm.dylib+0x2ec1e6]  JavaCalls::call_helper(JavaValue*, methodHandle*, JavaCallArguments*, Thread*)+0x6ae
V  [libjvm.dylib+0x2ec974]  JavaCalls::call_virtual(JavaValue*, KlassHandle, Symbol*, Symbol*, JavaCallArguments*, Thread*)+0x164
V  [libjvm.dylib+0x2ecb20]  JavaCalls::call_virtual(JavaValue*, Handle, KlassHandle, Symbol*, Symbol*, Thread*)+0x4a
V  [libjvm.dylib+0x34726d]  thread_entry(JavaThread*, Thread*)+0x7c
V  [libjvm.dylib+0x563d17]  JavaThread::thread_main_inner()+0x9b
V  [libjvm.dylib+0x565412]  JavaThread::run()+0x1c2
V  [libjvm.dylib+0x484f82]  java_start(Thread*)+0xf6
C  [libsystem_pthread.dylib+0x399d]  _pthread_body+0x83
C  [libsystem_pthread.dylib+0x391a]  _pthread_body+0x0
C  [libsystem_pthread.dylib+0x1351]  thread_start+0xd
C  0x0000000000000000

Java frames: (J=compiled Java code, j=interpreted, Vv=VM code)
j  processing.sound.MethClaInterface.poll_amplitude(J)F+0
j  processing.sound.Engine.poll_amplitude(J)F+4
j  processing.sound.Amplitude.analyze()F+9
j  mutlipleLinesTests.Test1.ampEllipse()V+25
j  mutlipleLinesTests.MLDriver.draw()V+4
j  processing.core.PApplet.handleDraw()V+161
j  processing.awt.PSurfaceAWT$12.callDraw()V+7
j  processing.core.PSurfaceNone$AnimationThread.run()V+30
v  ~StubRoutines::call_stub

---------------  P R O C E S S  ---------------

Java Threads: ( => current thread )
  0x00007fa18a092000 JavaThread "DestroyJavaVM" [_thread_blocked, id=5891, stack(0x000070000011a000,0x000070000021a000)]
=>0x00007fa18a181800 JavaThread "Animation Thread" [_thread_in_native, id=60975, stack(0x0000700001e80000,0x0000700001f80000)]
  0x00007fa18aa23800 JavaThread "AWT-EventQueue-0" [_thread_blocked, id=57875, stack(0x0000700001d7d000,0x0000700001e7d000)]
  0x00007fa18aa5d000 JavaThread "Image Fetcher 0" daemon [_thread_blocked, id=57367, stack(0x0000700001bf7000,0x0000700001cf7000)]
  0x00007fa189926000 JavaThread "Java2D Disposer" daemon [_thread_blocked, id=54799, stack(0x0000700001af4000,0x0000700001bf4000)]
  0x00007fa18c8c1800 JavaThread "Java2D Queue Flusher" daemon [_thread_blocked, id=53007, stack(0x00007000019f1000,0x0000700001af1000)]
  0x00007fa18a9d4000 JavaThread "AWT-Shutdown" [_thread_blocked, id=32019, stack(0x000070000165f000,0x000070000175f000)]
  0x00007fa18a9d0000 JavaThread "AppKit Thread" daemon [_thread_in_native, id=2571, stack(0x00007fff52bc6000,0x00007fff533c6000)]
  0x00007fa18a01d000 JavaThread "Service Thread" daemon [_thread_blocked, id=20995, stack(0x00007000012d0000,0x00007000013d0000)]
  0x00007fa18986f000 JavaThread "C1 CompilerThread3" daemon [_thread_blocked, id=20483, stack(0x00007000011cd000,0x00007000012cd000)]
  0x00007fa18982d000 JavaThread "C2 CompilerThread2" daemon [_thread_blocked, id=19971, stack(0x00007000010ca000,0x00007000011ca000)]
  0x00007fa18a00a800 JavaThread "C2 CompilerThread1" daemon [_thread_blocked, id=19459, stack(0x0000700000fc7000,0x00007000010c7000)]
  0x00007fa18c800800 JavaThread "C2 CompilerThread0" daemon [_thread_blocked, id=18947, stack(0x0000700000ec4000,0x0000700000fc4000)]
  0x00007fa18c812000 JavaThread "Signal Dispatcher" daemon [_thread_blocked, id=15887, stack(0x0000700000dc1000,0x0000700000ec1000)]
  0x00007fa18d002000 JavaThread "Finalizer" daemon [_thread_blocked, id=14339, stack(0x0000700000c3b000,0x0000700000d3b000)]
  0x00007fa18a80b000 JavaThread "Reference Handler" daemon [_thread_blocked, id=13827, stack(0x0000700000b38000,0x0000700000c38000)]

Other Threads:
  0x00007fa189858000 VMThread [stack: 0x0000700000a35000,0x0000700000b35000] [id=13315]
  0x00007fa189882000 WatcherThread [stack: 0x00007000013d3000,0x00007000014d3000] [id=21507]

VM state:not at safepoint (normal execution)

VM Mutex/Monitor currently owned by a thread: None

Heap:
 PSYoungGen      total 76288K, used 18123K [0x000000076ab00000, 0x0000000770000000, 0x00000007c0000000)
  eden space 65536K, 27% used [0x000000076ab00000,0x000000076bcb2e18,0x000000076eb00000)
  from space 10752K, 0% used [0x000000076f580000,0x000000076f580000,0x0000000770000000)
  to   space 10752K, 0% used [0x000000076eb00000,0x000000076eb00000,0x000000076f580000)
 ParOldGen       total 175104K, used 0K [0x00000006c0000000, 0x00000006cab00000, 0x000000076ab00000)
  object space 175104K, 0% used [0x00000006c0000000,0x00000006c0000000,0x00000006cab00000)
 Metaspace       used 9523K, capacity 9758K, committed 9984K, reserved 1058816K
  class space    used 1112K, capacity 1183K, committed 1280K, reserved 1048576K

Card table byte_map: [0x000000011df54000,0x000000011e755000] byte_map_base: 0x000000011a954000

Marking Bits: (ParMarkBitMap*) 0x000000010e4e6eb0
 Begin Bits: [0x000000011ecab000, 0x0000000122cab000)
 End Bits:   [0x0000000122cab000, 0x0000000126cab000)

Polling page: 0x000000010cafd000

CodeCache: size=245760Kb used=1974Kb max_used=1980Kb free=243785Kb
 bounds [0x000000010eb94000, 0x000000010ee04000, 0x000000011db94000]
 total_blobs=863 nmethods=356 adapters=421
 compilation: enabled

Compilation events (10 events):
Event: 0.507 Thread 0x00007fa18986f000 nmethod 350 0x000000010ed7f090 code [0x000000010ed7f1e0, 0x000000010ed7f2d0]
Event: 0.512 Thread 0x00007fa18986f000  351       3       java.util.concurrent.locks.AbstractOwnableSynchronizer::setExclusiveOwnerThread (6 bytes)
Event: 0.512 Thread 0x00007fa18986f000 nmethod 351 0x000000010ed80a50 code [0x000000010ed80ba0, 0x000000010ed80d10]
Event: 0.512 Thread 0x00007fa18982d000 nmethod 349 0x000000010ed82d10 code [0x000000010ed82e80, 0x000000010ed83378]
Event: 0.513 Thread 0x00007fa18986f000  353       3       sun.util.logging.PlatformLogger$DefaultLoggerProxy::isLoggable (29 bytes)
Event: 0.513 Thread 0x00007fa18986f000 nmethod 353 0x000000010ed801d0 code [0x000000010ed80360, 0x000000010ed80890]
Event: 0.513 Thread 0x00007fa18986f000  355       3       sun.util.logging.PlatformLogger::isLoggable (38 bytes)
Event: 0.514 Thread 0x00007fa18986f000 nmethod 355 0x000000010ed7f750 code [0x000000010ed7f8e0, 0x000000010ed7fce8]
Event: 0.515 Thread 0x00007fa18986f000  356       3       java.awt.Rectangle::<init> (26 bytes)
Event: 0.515 Thread 0x00007fa18986f000 nmethod 356 0x000000010ed82450 code [0x000000010ed825c0, 0x000000010ed82830]

GC Heap History (0 events):
No events

Deoptimization events (0 events):
No events

Internal exceptions (10 events):
Event: 0.025 Thread 0x00007fa18c802000 Exception <a 'java/lang/NoSuchMethodError': Method sun.misc.Unsafe.defineClass(Ljava/lang/String;[BII)Ljava/lang/Class; name or signature does not match> (0x000000076ab07cc0) thrown at [/Users/java_re/workspace/8-2-build-macosx-x86_64/jdk8u91/6644/hotspot
Event: 0.025 Thread 0x00007fa18c802000 Exception <a 'java/lang/NoSuchMethodError': Method sun.misc.Unsafe.prefetchRead(Ljava/lang/Object;J)V name or signature does not match> (0x000000076ab07fa8) thrown at [/Users/java_re/workspace/8-2-build-macosx-x86_64/jdk8u91/6644/hotspot/src/share/vm/prim
Event: 0.092 Thread 0x00007fa18c802000 Exception <a 'java/security/PrivilegedActionException'> (0x000000076ac14240) thrown at [/Users/java_re/workspace/8-2-build-macosx-x86_64/jdk8u91/6644/hotspot/src/share/vm/prims/jvm.cpp, line 1386]
Event: 0.092 Thread 0x00007fa18c802000 Exception <a 'java/security/PrivilegedActionException'> (0x000000076ac14450) thrown at [/Users/java_re/workspace/8-2-build-macosx-x86_64/jdk8u91/6644/hotspot/src/share/vm/prims/jvm.cpp, line 1386]
Event: 0.093 Thread 0x00007fa18c802000 Exception <a 'java/security/PrivilegedActionException'> (0x000000076ac176f0) thrown at [/Users/java_re/workspace/8-2-build-macosx-x86_64/jdk8u91/6644/hotspot/src/share/vm/prims/jvm.cpp, line 1386]
Event: 0.093 Thread 0x00007fa18c802000 Exception <a 'java/security/PrivilegedActionException'> (0x000000076ac17900) thrown at [/Users/java_re/workspace/8-2-build-macosx-x86_64/jdk8u91/6644/hotspot/src/share/vm/prims/jvm.cpp, line 1386]
Event: 0.126 Thread 0x00007fa18c802000 Exception <a 'java/lang/NoSuchFieldError': method resolution failed> (0x000000076ae2ca68) thrown at [/Users/java_re/workspace/8-2-build-macosx-x86_64/jdk8u91/6644/hotspot/src/share/vm/prims/methodHandles.cpp, line 1146]
Event: 0.127 Thread 0x00007fa18c802000 Exception <a 'java/lang/NoSuchFieldError': method resolution failed> (0x000000076ae3a1b8) thrown at [/Users/java_re/workspace/8-2-build-macosx-x86_64/jdk8u91/6644/hotspot/src/share/vm/prims/methodHandles.cpp, line 1146]
Event: 0.235 Thread 0x00007fa18c802000 Exception <a 'java/io/FileNotFoundException'> (0x000000076aeb52a8) thrown at [/Users/java_re/workspace/8-2-build-macosx-x86_64/jdk8u91/6644/hotspot/src/share/vm/prims/jni.cpp, line 709]
Event: 0.235 Thread 0x00007fa18c802000 Exception <a 'java/io/FileNotFoundException'> (0x000000076aeb5e30) thrown at [/Users/java_re/workspace/8-2-build-macosx-x86_64/jdk8u91/6644/hotspot/src/share/vm/prims/jni.cpp, line 709]

Events (10 events):
Event: 0.516 loading class java/awt/Component$FlipBufferStrategy done
Event: 0.516 loading class java/awt/Component$FlipSubRegionBufferStrategy done
Event: 0.516 loading class sun/java2d/pipe/hw/ExtendedBufferCapabilities
Event: 0.516 loading class sun/java2d/pipe/hw/ExtendedBufferCapabilities done
Event: 0.516 loading class sun/java2d/opengl/CGLGraphicsConfig$CGLBufferCaps
Event: 0.516 loading class sun/java2d/opengl/CGLGraphicsConfig$CGLBufferCaps done
Event: 0.517 loading class sun/java2d/StateTrackableDelegate$1
Event: 0.517 loading class sun/java2d/StateTrackableDelegate$1 done
Event: 0.561 loading class processing/sound/Amplitude
Event: 0.561 loading class processing/sound/Amplitude done


Dynamic libraries:
0x000000000b88e000 	/System/Library/Frameworks/Cocoa.framework/Versions/A/Cocoa
0x000000000b88e000 	/System/Library/Frameworks/Security.framework/Versions/A/Security
0x000000000b88e000 	/System/Library/Frameworks/ApplicationServices.framework/Versions/A/ApplicationServices
0x000000000b88e000 	/usr/lib/libz.1.dylib
0x000000000b88e000 	/usr/lib/libSystem.B.dylib
0x000000000b88e000 	/usr/lib/libobjc.A.dylib
0x000000000b88e000 	/System/Library/Frameworks/CoreFoundation.framework/Versions/A/CoreFoundation
0x000000000b88e000 	/System/Library/Frameworks/Foundation.framework/Versions/C/Foundation
0x000000000b88e000 	/System/Library/Frameworks/AppKit.framework/Versions/C/AppKit
0x000000000b88e000 	/System/Library/Frameworks/CoreData.framework/Versions/A/CoreData
0x000000000b88e000 	/System/Library/PrivateFrameworks/RemoteViewServices.framework/Versions/A/RemoteViewServices
0x000000000b88e000 	/System/Library/PrivateFrameworks/UIFoundation.framework/Versions/A/UIFoundation
0x000000000b88e000 	/usr/lib/libScreenReader.dylib
0x000000000b88e000 	/System/Library/Frameworks/Accelerate.framework/Versions/A/Accelerate
0x000000000b88e000 	/System/Library/Frameworks/IOSurface.framework/Versions/A/IOSurface
0x000000000b88e000 	/System/Library/Frameworks/AudioToolbox.framework/Versions/A/AudioToolbox
0x000000000b88e000 	/System/Library/Frameworks/AudioUnit.framework/Versions/A/AudioUnit
0x000000000b88e000 	/System/Library/PrivateFrameworks/DataDetectorsCore.framework/Versions/A/DataDetectorsCore
0x000000000b88e000 	/System/Library/PrivateFrameworks/DesktopServicesPriv.framework/Versions/A/DesktopServicesPriv
0x000000000b88e000 	/System/Library/Frameworks/Carbon.framework/Versions/A/Frameworks/HIToolbox.framework/Versions/A/HIToolbox
0x000000000b88e000 	/System/Library/Frameworks/QuartzCore.framework/Versions/A/QuartzCore
0x000000000b88e000 	/System/Library/Frameworks/Carbon.framework/Versions/A/Frameworks/SpeechRecognition.framework/Versions/A/SpeechRecognition
0x000000000b88e000 	/usr/lib/libauto.dylib
0x000000000b88e000 	/usr/lib/libicucore.A.dylib
0x000000000b88e000 	/usr/lib/libxml2.2.dylib
0x000000000b88e000 	/System/Library/PrivateFrameworks/CoreUI.framework/Versions/A/CoreUI
0x000000000b88e000 	/System/Library/Frameworks/CoreAudio.framework/Versions/A/CoreAudio
0x000000000b88e000 	/System/Library/Frameworks/DiskArbitration.framework/Versions/A/DiskArbitration
0x000000000b88e000 	/usr/lib/liblangid.dylib
0x000000000b88e000 	/System/Library/PrivateFrameworks/MultitouchSupport.framework/Versions/A/MultitouchSupport
0x000000000b88e000 	/System/Library/Frameworks/IOKit.framework/Versions/A/IOKit
0x000000000b88e000 	/usr/lib/libDiagnosticMessagesClient.dylib
0x000000000b88e000 	/System/Library/Frameworks/CoreServices.framework/Versions/A/CoreServices
0x000000000b88e000 	/System/Library/PrivateFrameworks/PerformanceAnalysis.framework/Versions/A/PerformanceAnalysis
0x000000000b88e000 	/System/Library/PrivateFrameworks/GenerationalStorage.framework/Versions/A/GenerationalStorage
0x000000000b88e000 	/System/Library/Frameworks/OpenGL.framework/Versions/A/OpenGL
0x000000000b88e000 	/System/Library/PrivateFrameworks/Sharing.framework/Versions/A/Sharing
0x000000000b88e000 	/System/Library/Frameworks/CoreGraphics.framework/Versions/A/CoreGraphics
0x000000000b88e000 	/System/Library/Frameworks/CoreImage.framework/Versions/A/CoreImage
0x000000000b88e000 	/System/Library/Frameworks/CoreText.framework/Versions/A/CoreText
0x000000000b88e000 	/System/Library/Frameworks/ImageIO.framework/Versions/A/ImageIO
0x000000000b88e000 	/System/Library/PrivateFrameworks/Backup.framework/Versions/A/Backup
0x000000000b88e000 	/usr/lib/libextension.dylib
0x000000000b88e000 	/usr/lib/libarchive.2.dylib
0x000000000b88e000 	/System/Library/Frameworks/CFNetwork.framework/Versions/A/CFNetwork
0x000000000b88e000 	/System/Library/Frameworks/SystemConfiguration.framework/Versions/A/SystemConfiguration
0x000000000b88e000 	/usr/lib/libCRFSuite.dylib
0x000000000b88e000 	/usr/lib/libc++.1.dylib
0x000000000b88e000 	/usr/lib/libc++abi.dylib
0x000000000b88e000 	/usr/lib/system/libcache.dylib
0x000000000b88e000 	/usr/lib/system/libcommonCrypto.dylib
0x000000000b88e000 	/usr/lib/system/libcompiler_rt.dylib
0x000000000b88e000 	/usr/lib/system/libcopyfile.dylib
0x000000000b88e000 	/usr/lib/system/libcorecrypto.dylib
0x000000000b88e000 	/usr/lib/system/libdispatch.dylib
0x000000000b88e000 	/usr/lib/system/libdyld.dylib
0x000000000b88e000 	/usr/lib/system/libkeymgr.dylib
0x000000000b88e000 	/usr/lib/system/liblaunch.dylib
0x000000000b88e000 	/usr/lib/system/libmacho.dylib
0x000000000b88e000 	/usr/lib/system/libquarantine.dylib
0x000000000b88e000 	/usr/lib/system/libremovefile.dylib
0x000000000b88e000 	/usr/lib/system/libsystem_asl.dylib
0x000000000b88e000 	/usr/lib/system/libsystem_blocks.dylib
0x000000000b88e000 	/usr/lib/system/libsystem_c.dylib
0x000000000b88e000 	/usr/lib/system/libsystem_configuration.dylib
0x000000000b88e000 	/usr/lib/system/libsystem_coreservices.dylib
0x000000000b88e000 	/usr/lib/system/libsystem_coretls.dylib
0x000000000b88e000 	/usr/lib/system/libsystem_dnssd.dylib
0x000000000b88e000 	/usr/lib/system/libsystem_info.dylib
0x000000000b88e000 	/usr/lib/system/libsystem_kernel.dylib
0x000000000b88e000 	/usr/lib/system/libsystem_m.dylib
0x000000000b88e000 	/usr/lib/system/libsystem_malloc.dylib
0x000000000b88e000 	/usr/lib/system/libsystem_network.dylib
0x000000000b88e000 	/usr/lib/system/libsystem_networkextension.dylib
0x000000000b88e000 	/usr/lib/system/libsystem_notify.dylib
0x000000000b88e000 	/usr/lib/system/libsystem_platform.dylib
0x000000000b88e000 	/usr/lib/system/libsystem_pthread.dylib
0x000000000b88e000 	/usr/lib/system/libsystem_sandbox.dylib
0x000000000b88e000 	/usr/lib/system/libsystem_secinit.dylib
0x000000000b88e000 	/usr/lib/system/libsystem_trace.dylib
0x000000000b88e000 	/usr/lib/system/libunc.dylib
0x000000000b88e000 	/usr/lib/system/libunwind.dylib
0x000000000b88e000 	/usr/lib/system/libxpc.dylib
0x000000000b88e000 	/usr/lib/libenergytrace.dylib
0x000000000b88e000 	/usr/lib/libbsm.0.dylib
0x000000000b88e000 	/usr/lib/system/libkxld.dylib
0x000000000b88e000 	/usr/lib/libxar.1.dylib
0x000000000b88e000 	/usr/lib/libsqlite3.dylib
0x000000000b88e000 	/usr/lib/libpam.2.dylib
0x000000000b88e000 	/usr/lib/libOpenScriptingUtil.dylib
0x000000000b88e000 	/usr/lib/libbz2.1.0.dylib
0x000000000b88e000 	/usr/lib/liblzma.5.dylib
0x000000000b88e000 	/System/Library/Frameworks/CoreServices.framework/Versions/A/Frameworks/FSEvents.framework/Versions/A/FSEvents
0x000000000b88e000 	/System/Library/Frameworks/CoreServices.framework/Versions/A/Frameworks/CarbonCore.framework/Versions/A/CarbonCore
0x000000000b88e000 	/System/Library/Frameworks/CoreServices.framework/Versions/A/Frameworks/Metadata.framework/Versions/A/Metadata
0x000000000b88e000 	/System/Library/Frameworks/CoreServices.framework/Versions/A/Frameworks/OSServices.framework/Versions/A/OSServices
0x000000000b88e000 	/System/Library/Frameworks/CoreServices.framework/Versions/A/Frameworks/SearchKit.framework/Versions/A/SearchKit
0x000000000b88e000 	/System/Library/Frameworks/CoreServices.framework/Versions/A/Frameworks/AE.framework/Versions/A/AE
0x000000000b88e000 	/System/Library/Frameworks/CoreServices.framework/Versions/A/Frameworks/LaunchServices.framework/Versions/A/LaunchServices
0x000000000b88e000 	/System/Library/Frameworks/CoreServices.framework/Versions/A/Frameworks/DictionaryServices.framework/Versions/A/DictionaryServices
0x000000000b88e000 	/System/Library/Frameworks/CoreServices.framework/Versions/A/Frameworks/SharedFileList.framework/Versions/A/SharedFileList
0x000000000b88e000 	/System/Library/Frameworks/NetFS.framework/Versions/A/NetFS
0x000000000b88e000 	/System/Library/PrivateFrameworks/NetAuth.framework/Versions/A/NetAuth
0x000000000b88e000 	/System/Library/PrivateFrameworks/login.framework/Versions/A/Frameworks/loginsupport.framework/Versions/A/loginsupport
0x000000000b88e000 	/System/Library/PrivateFrameworks/TCC.framework/Versions/A/TCC
0x000000000b88e000 	/usr/lib/libmecabra.dylib
0x000000000b88e000 	/System/Library/Frameworks/ApplicationServices.framework/Versions/A/Frameworks/ATS.framework/Versions/A/ATS
0x000000000b88e000 	/System/Library/Frameworks/ApplicationServices.framework/Versions/A/Frameworks/ColorSync.framework/Versions/A/ColorSync
0x000000000b88e000 	/System/Library/Frameworks/ApplicationServices.framework/Versions/A/Frameworks/HIServices.framework/Versions/A/HIServices
0x000000000b88e000 	/System/Library/Frameworks/ApplicationServices.framework/Versions/A/Frameworks/LangAnalysis.framework/Versions/A/LangAnalysis
0x000000000b88e000 	/System/Library/Frameworks/ApplicationServices.framework/Versions/A/Frameworks/PrintCore.framework/Versions/A/PrintCore
0x000000000b88e000 	/System/Library/Frameworks/ApplicationServices.framework/Versions/A/Frameworks/QD.framework/Versions/A/QD
0x000000000b88e000 	/System/Library/Frameworks/ApplicationServices.framework/Versions/A/Frameworks/SpeechSynthesis.framework/Versions/A/SpeechSynthesis
0x000000000b88e000 	/System/Library/Frameworks/Metal.framework/Versions/A/Metal
0x000000000b88e000 	/System/Library/Frameworks/Accelerate.framework/Versions/A/Frameworks/vImage.framework/Versions/A/vImage
0x000000000b88e000 	/System/Library/Frameworks/Accelerate.framework/Versions/A/Frameworks/vecLib.framework/Versions/A/vecLib
0x000000000b88e000 	/System/Library/Frameworks/Accelerate.framework/Versions/A/Frameworks/vecLib.framework/Versions/A/libvDSP.dylib
0x000000000b88e000 	/System/Library/Frameworks/Accelerate.framework/Versions/A/Frameworks/vecLib.framework/Versions/A/libvMisc.dylib
0x000000000b88e000 	/System/Library/Frameworks/Accelerate.framework/Versions/A/Frameworks/vecLib.framework/Versions/A/libLAPACK.dylib
0x000000000b88e000 	/System/Library/Frameworks/Accelerate.framework/Versions/A/Frameworks/vecLib.framework/Versions/A/libBLAS.dylib
0x000000000b88e000 	/System/Library/Frameworks/Accelerate.framework/Versions/A/Frameworks/vecLib.framework/Versions/A/libLinearAlgebra.dylib
0x000000000b88e000 	/System/Library/Frameworks/Accelerate.framework/Versions/A/Frameworks/vecLib.framework/Versions/A/libSparseBLAS.dylib
0x000000000b88e000 	/System/Library/PrivateFrameworks/GPUCompiler.framework/libmetal_timestamp.dylib
0x000000000b88e000 	/System/Library/Frameworks/OpenGL.framework/Versions/A/Libraries/libCoreFSCache.dylib
0x000000000b88e000 	/System/Library/PrivateFrameworks/IOAccelerator.framework/Versions/A/IOAccelerator
0x000000000b88e000 	/System/Library/Frameworks/ApplicationServices.framework/Versions/A/Frameworks/ATS.framework/Versions/A/Resources/libFontParser.dylib
0x000000000b88e000 	/System/Library/Frameworks/ApplicationServices.framework/Versions/A/Frameworks/ATS.framework/Versions/A/Resources/libFontRegistry.dylib
0x000000000b88e000 	/System/Library/PrivateFrameworks/AppleVPA.framework/Versions/A/AppleVPA
0x000000000b88e000 	/System/Library/PrivateFrameworks/AppleJPEG.framework/Versions/A/AppleJPEG
0x000000000b88e000 	/System/Library/Frameworks/ImageIO.framework/Versions/A/Resources/libJPEG.dylib
0x000000000b88e000 	/System/Library/Frameworks/ImageIO.framework/Versions/A/Resources/libTIFF.dylib
0x000000000b88e000 	/System/Library/Frameworks/ImageIO.framework/Versions/A/Resources/libPng.dylib
0x000000000b88e000 	/System/Library/Frameworks/ImageIO.framework/Versions/A/Resources/libGIF.dylib
0x000000000b88e000 	/System/Library/Frameworks/ImageIO.framework/Versions/A/Resources/libJP2.dylib
0x000000000b88e000 	/System/Library/Frameworks/ImageIO.framework/Versions/A/Resources/libRadiance.dylib
0x000000000b88e000 	/System/Library/Frameworks/CoreVideo.framework/Versions/A/CoreVideo
0x000000000b88e000 	/System/Library/Frameworks/OpenGL.framework/Versions/A/Libraries/libGLU.dylib
0x000000000b88e000 	/System/Library/Frameworks/OpenGL.framework/Versions/A/Libraries/libGFXShared.dylib
0x000000000b88e000 	/System/Library/Frameworks/OpenGL.framework/Versions/A/Libraries/libGL.dylib
0x000000000b88e000 	/System/Library/Frameworks/OpenGL.framework/Versions/A/Libraries/libGLImage.dylib
0x000000000b88e000 	/System/Library/Frameworks/OpenGL.framework/Versions/A/Libraries/libCVMSPluginSupport.dylib
0x000000000b88e000 	/System/Library/Frameworks/OpenGL.framework/Versions/A/Libraries/libCoreVMClient.dylib
0x000000000b88e000 	/usr/lib/libcompression.dylib
0x000000000b88e000 	/usr/lib/libcups.2.dylib
0x000000000b88e000 	/System/Library/Frameworks/Kerberos.framework/Versions/A/Kerberos
0x000000000b88e000 	/System/Library/Frameworks/GSS.framework/Versions/A/GSS
0x000000000b88e000 	/usr/lib/libresolv.9.dylib
0x000000000b88e000 	/usr/lib/libiconv.2.dylib
0x000000000b88e000 	/System/Library/PrivateFrameworks/Heimdal.framework/Versions/A/Heimdal
0x000000000b88e000 	/usr/lib/libheimdal-asn1.dylib
0x000000000b88e000 	/System/Library/Frameworks/OpenDirectory.framework/Versions/A/OpenDirectory
0x000000000b88e000 	/System/Library/PrivateFrameworks/CommonAuth.framework/Versions/A/CommonAuth
0x000000000b88e000 	/System/Library/Frameworks/OpenDirectory.framework/Versions/A/Frameworks/CFOpenDirectory.framework/Versions/A/CFOpenDirectory
0x000000000b88e000 	/System/Library/Frameworks/SecurityFoundation.framework/Versions/A/SecurityFoundation
0x000000000b88e000 	/System/Library/PrivateFrameworks/LanguageModeling.framework/Versions/A/LanguageModeling
0x000000000b88e000 	/usr/lib/libmarisa.dylib
0x000000000b88e000 	/usr/lib/libChineseTokenizer.dylib
0x000000000b88e000 	/usr/lib/libcmph.dylib
0x000000000b88e000 	/System/Library/Frameworks/ServiceManagement.framework/Versions/A/ServiceManagement
0x000000000b88e000 	/usr/lib/libxslt.1.dylib
0x000000000b88e000 	/System/Library/Frameworks/Carbon.framework/Versions/A/Frameworks/Ink.framework/Versions/A/Ink
0x000000000b88e000 	/usr/lib/libFosl_dynamic.dylib
0x000000000b88e000 	/System/Library/PrivateFrameworks/FaceCore.framework/Versions/A/FaceCore
0x000000000b88e000 	/System/Library/Frameworks/OpenCL.framework/Versions/A/OpenCL
0x000000000b88e000 	/System/Library/PrivateFrameworks/CrashReporterSupport.framework/Versions/A/CrashReporterSupport
0x000000000b88e000 	/System/Library/PrivateFrameworks/IconServices.framework/Versions/A/IconServices
0x000000000b88e000 	/System/Library/PrivateFrameworks/Apple80211.framework/Versions/A/Apple80211
0x000000000b88e000 	/System/Library/Frameworks/CoreWLAN.framework/Versions/A/CoreWLAN
0x000000000b88e000 	/System/Library/Frameworks/IOBluetooth.framework/Versions/A/IOBluetooth
0x000000000b88e000 	/System/Library/PrivateFrameworks/CoreWiFi.framework/Versions/A/CoreWiFi
0x000000000b88e000 	/System/Library/Frameworks/CoreBluetooth.framework/Versions/A/CoreBluetooth
0x000000000b88e000 	/System/Library/PrivateFrameworks/ChunkingLibrary.framework/Versions/A/ChunkingLibrary
0x000000000b88e000 	/System/Library/PrivateFrameworks/DebugSymbols.framework/Versions/A/DebugSymbols
0x000000000b88e000 	/System/Library/PrivateFrameworks/CoreSymbolication.framework/Versions/A/CoreSymbolication
0x000000000b88e000 	/System/Library/PrivateFrameworks/Symbolication.framework/Versions/A/Symbolication
0x000000000b88e000 	/System/Library/PrivateFrameworks/SpeechRecognitionCore.framework/Versions/A/SpeechRecognitionCore
0x000000010dc00000 	/Library/Java/JavaVirtualMachines/jdk1.8.0_91.jdk/Contents/Home/jre/lib/server/libjvm.dylib
0x000000000b88e000 	/usr/lib/libstdc++.6.dylib
0x000000010caba000 	/Library/Java/JavaVirtualMachines/jdk1.8.0_91.jdk/Contents/Home/jre/lib/libverify.dylib
0x000000010cac8000 	/Library/Java/JavaVirtualMachines/jdk1.8.0_91.jdk/Contents/Home/jre/lib/libjava.dylib
0x000000010cb07000 	/Library/Java/JavaVirtualMachines/jdk1.8.0_91.jdk/Contents/Home/jre/lib/libzip.dylib
0x000000010cbe4000 	/System/Library/Frameworks/JavaVM.framework/Frameworks/JavaRuntimeSupport.framework/JavaRuntimeSupport
0x0000000129b76000 	/System/Library/Frameworks/JavaVM.framework/Versions/A/Frameworks/JavaNativeFoundation.framework/Versions/A/JavaNativeFoundation
0x0000000129b8b000 	/System/Library/Frameworks/JavaVM.framework/Versions/A/JavaVM
0x000000000b88e000 	/System/Library/Frameworks/Carbon.framework/Versions/A/Carbon
0x0000000129b98000 	/System/Library/PrivateFrameworks/JavaLaunching.framework/Versions/A/JavaLaunching
0x000000000b88e000 	/System/Library/Frameworks/Carbon.framework/Versions/A/Frameworks/CommonPanels.framework/Versions/A/CommonPanels
0x000000000b88e000 	/System/Library/Frameworks/Carbon.framework/Versions/A/Frameworks/Help.framework/Versions/A/Help
0x000000000b88e000 	/System/Library/Frameworks/Carbon.framework/Versions/A/Frameworks/ImageCapture.framework/Versions/A/ImageCapture
0x000000000b88e000 	/System/Library/Frameworks/Carbon.framework/Versions/A/Frameworks/OpenScripting.framework/Versions/A/OpenScripting
0x000000000b88e000 	/System/Library/Frameworks/Carbon.framework/Versions/A/Frameworks/Print.framework/Versions/A/Print
0x000000000b88e000 	/System/Library/Frameworks/Carbon.framework/Versions/A/Frameworks/SecurityHI.framework/Versions/A/SecurityHI
0x000000012b4e8000 	/Library/Java/JavaVirtualMachines/jdk1.8.0_91.jdk/Contents/Home/jre/lib/libawt.dylib
0x000000012b590000 	/Library/Java/JavaVirtualMachines/jdk1.8.0_91.jdk/Contents/Home/jre/lib/./libmlib_image.dylib
0x000000012b65c000 	/Library/Java/JavaVirtualMachines/jdk1.8.0_91.jdk/Contents/Home/jre/lib/libawt_lwawt.dylib
0x000000012b711000 	/Library/Java/JavaVirtualMachines/jdk1.8.0_91.jdk/Contents/Home/jre/lib/./libosxapp.dylib
0x000000000b88e000 	/System/Library/Frameworks/ExceptionHandling.framework/Versions/A/ExceptionHandling
0x000000000b88e000 	/System/Library/PrivateFrameworks/CoreServicesInternal.framework/Versions/A/CoreServicesInternal
0x000000000b88e000 	/System/Library/Frameworks/CoreGraphics.framework/Versions/A/Resources/libRIP.A.dylib
0x000000000b88e000 	/System/Library/Frameworks/Accelerate.framework/Versions/A/Frameworks/vImage.framework/Versions/A/Libraries/libCGInterfaces.dylib
0x000000000b88e000 	/System/Library/Frameworks/CoreGraphics.framework/Versions/A/Resources/libCGXType.A.dylib
0x000000000b88e000 	/System/Library/Frameworks/OpenCL.framework/Versions/A/Libraries/libcldcpuengine.dylib
0x000000000b88e000 	/System/Library/PrivateFrameworks/DiskImages.framework/Versions/A/DiskImages
0x000000000b88e000 	/System/Library/Frameworks/DiscRecording.framework/Versions/A/DiscRecording
0x000000000b88e000 	/usr/lib/libcsfde.dylib
0x000000000b88e000 	/usr/lib/libcurl.4.dylib
0x000000000b88e000 	/System/Library/PrivateFrameworks/MediaKit.framework/Versions/A/MediaKit
0x000000000b88e000 	/System/Library/PrivateFrameworks/ProtectedCloudStorage.framework/Versions/A/ProtectedCloudStorage
0x000000000b88e000 	/usr/lib/libCoreStorage.dylib
0x000000000b88e000 	/System/Library/PrivateFrameworks/EFILogin.framework/Versions/A/EFILogin
0x000000000b88e000 	/usr/lib/libutil.dylib
0x000000000b88e000 	/System/Library/PrivateFrameworks/FindMyDevice.framework/Versions/A/FindMyDevice
0x000000000b88e000 	/System/Library/Frameworks/LDAP.framework/Versions/A/LDAP
0x000000000b88e000 	/usr/lib/libsasl2.2.dylib
0x000000000b88e000 	/System/Library/PrivateFrameworks/CoreDaemon.framework/Versions/B/CoreDaemon
0x000000000b88e000 	/usr/lib/libcrypto.0.9.8.dylib
0x000000000b88e000 	/System/Library/PrivateFrameworks/AppleSRP.framework/Versions/A/AppleSRP
0x000000000b88e000 	/System/Library/PrivateFrameworks/TrustEvaluationAgent.framework/Versions/A/TrustEvaluationAgent
0x000000012d333000 	cl_kernels
0x000000000b88e000 	/System/Library/Frameworks/OpenCL.framework/Versions/A/Libraries/ImageFormats/unorm8_bgra.dylib
0x000000000b88e000 	/System/Library/Frameworks/OpenCL.framework/Versions/A/Libraries/ImageFormats/unorm8_rgba.dylib
0x000000000b88e000 	/System/Library/PrivateFrameworks/FamilyControls.framework/Versions/A/FamilyControls
0x000000000b88e000 	/System/Library/PrivateFrameworks/CommerceKit.framework/Versions/A/Frameworks/CommerceCore.framework/Versions/A/CommerceCore
0x000000000b88e000 	/System/Library/PrivateFrameworks/SystemAdministration.framework/Versions/A/SystemAdministration
0x000000000b88e000 	/System/Library/PrivateFrameworks/AppContainer.framework/Versions/A/AppContainer
0x000000000b88e000 	/System/Library/PrivateFrameworks/SecCodeWrapper.framework/Versions/A/SecCodeWrapper
0x000000000b88e000 	/System/Library/Frameworks/DirectoryService.framework/Versions/A/DirectoryService
0x000000000b88e000 	/System/Library/PrivateFrameworks/LoginUIKit.framework/Versions/A/Frameworks/LoginUICore.framework/Versions/A/LoginUICore
0x000000000b88e000 	/usr/lib/libodfde.dylib
0x000000012e429000 	/Library/Java/JavaVirtualMachines/jdk1.8.0_91.jdk/Contents/Home/jre/lib/libfontmanager.dylib
0x000000000b88e000 	/System/Library/Frameworks/OpenGL.framework/Versions/A/Resources/GLEngine.bundle/GLEngine
0x000000000b88e000 	/System/Library/Frameworks/OpenGL.framework/Versions/A/Libraries/libGLProgrammability.dylib
0x000000012e490000 	/System/Library/Extensions/AppleIntelHD5000GraphicsGLDriver.bundle/Contents/MacOS/AppleIntelHD5000GraphicsGLDriver
0x000000000b88e000 	/System/Library/PrivateFrameworks/GPUSupport.framework/Versions/A/Libraries/libGPUSupportMercury.dylib
0x000000000b88e000 	/System/Library/Frameworks/OpenGL.framework/Versions/A/Resources/GLRendererFloat.bundle/GLRendererFloat
0x000000012f47c000 	/Library/Java/JavaVirtualMachines/jdk1.8.0_91.jdk/Contents/Home/jre/lib/libosxui.dylib
0x000000012fec7000 	/Library/Java/JavaVirtualMachines/jdk1.8.0_91.jdk/Contents/Home/jre/lib/libmanagement.dylib
0x00000001330be000 	/System/Library/Extensions/AppleIntelHD5000GraphicsMTLDriver.bundle/Contents/MacOS/AppleIntelHD5000GraphicsMTLDriver
0x0000000134469000 	/Users/codeandchords/Documents/Processing/libraries/sound/library/macosx/libMethClaInterface.jnilib
0x00000001344c6000 	/Users/codeandchords/Documents/Processing/libraries/sound/library/macosx/libmethcla.dylib
0x00000001345ce000 	/Users/codeandchords/Documents/Processing/libraries/sound/library/macosx/libmpg123.0.dylib
0x0000000134611000 	/Users/codeandchords/Documents/Processing/libraries/sound/library/macosx/libsndfile.1.dylib
0x000000013466e000 	/Users/codeandchords/Documents/Processing/libraries/sound/library/macosx/libFLAC.8.dylib
0x0000000134698000 	/Users/codeandchords/Documents/Processing/libraries/sound/library/macosx/libvorbisenc.2.dylib
0x0000000134964000 	/Users/codeandchords/Documents/Processing/libraries/sound/library/macosx/libvorbis.0.dylib
0x000000013123a000 	/Users/codeandchords/Documents/Processing/libraries/sound/library/macosx/libogg.0.dylib
0x0000000135ccb000 	/System/Library/Extensions/AppleHDA.kext/Contents/PlugIns/AppleHDAHALPlugIn.bundle/Contents/MacOS/AppleHDAHALPlugIn
0x0000000135cd5000 	/Library/Audio/Plug-Ins/HAL/JackRouter.plugin/Contents/MacOS/JackRouter
0x0000000135d18000 	/usr/local/lib/libjack.0.dylib

VM Arguments:
jvm_args: -Djava.library.path=/Users/codeandchords/Documents/Processing/libraries/sound/library/macosx -Dfile.encoding=UTF-8 
java_command: mutlipleLinesTests.MLDriver
java_class_path (initial): /Users/codeandchords/Documents/CodeAndChords/Visuals/Eclipse/bin:/Users/codeandchords/Documents/CodeAndChords/Visuals/Eclipse/src/mutlipleLinesTests/sound.jar:/Users/codeandchords/Documents/CodeAndChords/Visuals/Eclipse/src/mutlipleLinesTests/core.jar
Launcher Type: SUN_STANDARD

Environment Variables:
PATH=/usr/bin:/bin:/usr/sbin:/sbin
SHELL=/bin/bash

Signal Handlers:
SIGSEGV: [libjvm.dylib+0x5a97a1], sa_mask[0]=11111111011111110111111111111111, sa_flags=SA_ONSTACK|SA_RESTART|SA_SIGINFO
SIGBUS: [libjvm.dylib+0x5a97a1], sa_mask[0]=11111111011111110111111111111111, sa_flags=SA_RESTART|SA_SIGINFO
SIGFPE: [libjvm.dylib+0x482594], sa_mask[0]=11111111011111110111111111111111, sa_flags=SA_RESTART|SA_SIGINFO
SIGPIPE: [libjvm.dylib+0x482594], sa_mask[0]=11111111011111110111111111111111, sa_flags=SA_RESTART|SA_SIGINFO
SIGXFSZ: [libjvm.dylib+0x482594], sa_mask[0]=11111111011111110111111111111111, sa_flags=SA_RESTART|SA_SIGINFO
SIGILL: [libjvm.dylib+0x482594], sa_mask[0]=11111111011111110111111111111111, sa_flags=SA_RESTART|SA_SIGINFO
SIGUSR1: SIG_DFL, sa_mask[0]=00000000000000000000000000000000, sa_flags=none
SIGUSR2: [libjvm.dylib+0x4820b2], sa_mask[0]=00100000000000000000000000000000, sa_flags=SA_RESTART|SA_SIGINFO
SIGHUP: [libjvm.dylib+0x480689], sa_mask[0]=11111111011111110111111111111111, sa_flags=SA_RESTART|SA_SIGINFO
SIGINT: [libjvm.dylib+0x480689], sa_mask[0]=11111111011111110111111111111111, sa_flags=SA_RESTART|SA_SIGINFO
SIGTERM: [libjvm.dylib+0x480689], sa_mask[0]=11111111011111110111111111111111, sa_flags=SA_RESTART|SA_SIGINFO
SIGQUIT: [libjvm.dylib+0x480689], sa_mask[0]=11111111011111110111111111111111, sa_flags=SA_RESTART|SA_SIGINFO


---------------  S Y S T E M  ---------------

OS:Bsduname:Darwin 15.6.0 Darwin Kernel Version 15.6.0: Mon Aug 29 20:21:34 PDT 2016; root:xnu-3248.60.11~1/RELEASE_X86_64 x86_64
rlimit: STACK 8192k, CORE 0k, NPROC 709, NOFILE 10240, AS infinity
load average:1.86 1.74 1.33

CPU:total 8 (4 cores per cpu, 2 threads per core) family 6 model 70 stepping 1, cmov, cx8, fxsr, mmx, sse, sse2, sse3, ssse3, sse4.1, sse4.2, popcnt, avx, avx2, aes, clmul, erms, lzcnt, ht, tsc, tscinvbit, bmi1, bmi2

Memory: 4k page, physical 16777216k(3014008k free)

/proc/meminfo:


vm_info: Java HotSpot(TM) 64-Bit Server VM (25.91-b14) for bsd-amd64 JRE (1.8.0_91-b14), built on Apr  1 2016 01:03:00 by "java_re" with gcc 4.2.1 (Based on Apple Inc. build 5658) (LLVM build 2336.11.00)

time: Wed Jan 25 22:16:10 2017
elapsed time: 0 seconds (0d 0h 0m 0s)

