#
# A fatal error has been detected by the Java Runtime Environment:
#
#  SIGSEGV (0xb) at pc=0x00000001285b5bfa, pid=463, tid=61447
#
# JRE version: Java(TM) SE Runtime Environment (8.0_91-b14) (build 1.8.0_91-b14)
# Java VM: Java HotSpot(TM) 64-Bit Server VM (25.91-b14 mixed mode bsd-amd64 compressed oops)
# Problematic frame:
# C  [libMethClaInterface.jnilib+0x10bfa]  Java_processing_sound_MethClaInterface_poll_1amplitude+0x5a
#
# Failed to write core dump. Core dumps have been disabled. To enable core dumping, try "ulimit -c unlimited" before starting Java again
#
# If you would like to submit a bug report, please visit:
#   http://bugreport.java.com/bugreport/crash.jsp
# The crash happened outside the Java Virtual Machine in native code.
# See problematic frame for where to report the bug.
#

---------------  T H R E A D  ---------------

Current thread (0x00007fb18a8a2000):  JavaThread "Animation Thread" [_thread_in_native, id=61447, stack(0x0000700001e80000,0x0000700001f80000)]

siginfo: si_signo: 11 (SIGSEGV), si_code: 1 (SEGV_MAPERR), si_addr: 0x0000000000000000

Registers:
RAX=0x0000700001f7f568, RBX=0x000000011b91a5a8, RCX=0x0000000000000000, RDX=0x0000000000000000
RSP=0x0000700001f7f560, RBP=0x0000700001f7f5c0, RSI=0x0000000000000103, RDI=0x0000000000000000
R8 =0x0000000000001186, R9 =0xffffffff00000000, R10=0x00000001285da638, R11=0x0000000101ede301
R12=0x0000000000000000, R13=0x000000011b91a5a8, R14=0x0000700001f7f660, R15=0x00007fb18a8a2000
RIP=0x00000001285b5bfa, EFLAGS=0x0000000000010246, ERR=0x0000000000000004
  TRAPNO=0x000000000000000e

Top of Stack: (sp=0x0000700001f7f560)
0x0000700001f7f560:   00007fb18a8a2000 00000001285da620
0x0000700001f7f570:   0000000000000000 0000000000000000
0x0000700001f7f580:   0000700001f7f660 00007fb18a8a21f8
0x0000700001f7f590:   00000001285da620 0000700001f7f568
0x0000700001f7f5a0:   00000001285da620 0000700001f7f568
0x0000700001f7f5b0:   0000700001f7f630 00000001029e0872
0x0000700001f7f5c0:   0000700001f7f630 00000001029e09d4
0x0000700001f7f5d0:   0000700001f7f630 00000001029e0759
0x0000700001f7f5e0:   00000001029ec203 00000001029e0722
0x0000700001f7f5f0:   0000700001f7f5f0 000000011b91a5a8
0x0000700001f7f600:   0000700001f7f660 000000011b91a990
0x0000700001f7f610:   0000000000000000 000000011b91a5a8
0x0000700001f7f620:   0000000000000000 0000700001f7f650
0x0000700001f7f630:   0000700001f7f6a8 00000001029d0ea0
0x0000700001f7f640:   0000000000000000 00000001029da539
0x0000700001f7f650:   0000000000000000 00000001029dbe47
0x0000700001f7f660:   000000076ba36328 0000700001f7f668
0x0000700001f7f670:   000000011b91718c 0000700001f7f6c0
0x0000700001f7f680:   000000011b9177c8 0000000000000000
0x0000700001f7f690:   000000011b917190 0000700001f7f650
0x0000700001f7f6a0:   0000700001f7f6b8 0000700001f7f708
0x0000700001f7f6b0:   00000001029d0ea0 0000000000000000
0x0000700001f7f6c0:   000000076ba39e90 0000700001f7f6c8
0x0000700001f7f6d0:   000000011b91b121 0000700001f7f718
0x0000700001f7f6e0:   000000011b91b218 0000000000000000
0x0000700001f7f6f0:   000000011b91b128 0000700001f7f6b8
0x0000700001f7f700:   0000700001f7f718 0000700001f7f770
0x0000700001f7f710:   00000001029d0ea0 000000076ba39e90
0x0000700001f7f720:   00000000442f0000 000000076aebf918
0x0000700001f7f730:   0000700001f7f730 000000011b912ab9
0x0000700001f7f740:   0000700001f7f788 000000011b912b40
0x0000700001f7f750:   0000000000000000 000000011b912ae8 

Instructions: (pc=0x00000001285b5bfa)
0x00000001285b5bda:   e8 48 89 4d e0 48 8b 45 e8 48 8b 4d e0 48 89 08
0x00000001285b5bea:   48 8b 38 e8 e0 0e 02 00 48 8d 45 a8 48 8b 4d b0
0x00000001285b5bfa:   f3 0f 10 01 48 89 45 f0 48 8b 45 f0 48 89 45 f8
0x00000001285b5c0a:   48 8b 45 f8 48 8b 38 f3 0f 11 45 a4 e8 bd 0e 02 

Register to memory mapping:

RAX=0x0000700001f7f568 is pointing into the stack for thread: 0x00007fb18a8a2000
RBX={method} {0x000000011b91a5a8} 'poll_amplitude' '(J)F' in 'processing/sound/MethClaInterface'
RCX=0x0000000000000000 is an unknown value
RDX=0x0000000000000000 is an unknown value
RSP=0x0000700001f7f560 is pointing into the stack for thread: 0x00007fb18a8a2000
RBP=0x0000700001f7f5c0 is pointing into the stack for thread: 0x00007fb18a8a2000
RSI=0x0000000000000103 is an unknown value
RDI=0x0000000000000000 is an unknown value
R8 =0x0000000000001186 is an unknown value
R9 =0xffffffff00000000 is an unknown value
R10=0x00000001285da638: mutex_amp_out+0x18 in /Users/codeandchords/Documents/Processing/libraries/sound/library/macosx/libMethClaInterface.jnilib at 0x00000001285a5000
R11=0x0000000101ede301: _ZN13SharedRuntime3d2lEd+0x1f in /Library/Java/JavaVirtualMachines/jdk1.8.0_91.jdk/Contents/Home/jre/lib/server/libjvm.dylib at 0x0000000101a00000
R12=0x0000000000000000 is an unknown value
R13={method} {0x000000011b91a5a8} 'poll_amplitude' '(J)F' in 'processing/sound/MethClaInterface'
R14=0x0000700001f7f660 is pointing into the stack for thread: 0x00007fb18a8a2000
R15=0x00007fb18a8a2000 is a thread


Stack: [0x0000700001e80000,0x0000700001f80000],  sp=0x0000700001f7f560,  free space=1021k
Native frames: (J=compiled Java code, j=interpreted, Vv=VM code, C=native code)
C  [libMethClaInterface.jnilib+0x10bfa]  Java_processing_sound_MethClaInterface_poll_1amplitude+0x5a
j  processing.sound.MethClaInterface.poll_amplitude(J)F+0
j  processing.sound.Engine.poll_amplitude(J)F+4
j  processing.sound.Amplitude.analyze()F+9
j  mutlipleLinesTests.Test1.ampEllipse()V+25
j  mutlipleLinesTests.MLDriver.draw()V+4
j  processing.core.PApplet.handleDraw()V+161
j  processing.awt.PSurfaceAWT$12.callDraw()V+7
j  processing.core.PSurfaceNone$AnimationThread.run()V+30
v  ~StubRoutines::call_stub
V  [libjvm.dylib+0x2ec1e6]
V  [libjvm.dylib+0x2ec974]
V  [libjvm.dylib+0x2ecb20]
V  [libjvm.dylib+0x34726d]
V  [libjvm.dylib+0x563d17]
V  [libjvm.dylib+0x565412]
V  [libjvm.dylib+0x484f82]
C  [libsystem_pthread.dylib+0x399d]  _pthread_body+0x83
C  [libsystem_pthread.dylib+0x391a]  _pthread_body+0x0
C  [libsystem_pthread.dylib+0x1351]  thread_start+0xd
C  0x0000000000000000

Java frames: (J=compiled Java code, j=interpreted, Vv=VM code)
j  processing.sound.MethClaInterface.poll_amplitude(J)F+0
j  processing.sound.Engine.poll_amplitude(J)F+4
j  processing.sound.Amplitude.analyze()F+9
j  mutlipleLinesTests.Test1.ampEllipse()V+25
j  mutlipleLinesTests.MLDriver.draw()V+4
j  processing.core.PApplet.handleDraw()V+161
j  processing.awt.PSurfaceAWT$12.callDraw()V+7
j  processing.core.PSurfaceNone$AnimationThread.run()V+30
v  ~StubRoutines::call_stub

---------------  P R O C E S S  ---------------

Java Threads: ( => current thread )
  0x00007fb18a8a0800 JavaThread "DestroyJavaVM" [_thread_blocked, id=5891, stack(0x000070000011a000,0x000070000021a000)]
=>0x00007fb18a8a2000 JavaThread "Animation Thread" [_thread_in_native, id=61447, stack(0x0000700001e80000,0x0000700001f80000)]
  0x00007fb1890b5800 JavaThread "AWT-EventQueue-0" [_thread_blocked, id=57615, stack(0x0000700001d7d000,0x0000700001e7d000)]
  0x00007fb18a8a7800 JavaThread "Image Fetcher 0" daemon [_thread_blocked, id=57099, stack(0x0000700001bf7000,0x0000700001cf7000)]
  0x00007fb18a83b000 JavaThread "Java2D Disposer" daemon [_thread_blocked, id=56579, stack(0x0000700001af4000,0x0000700001bf4000)]
  0x00007fb18907e000 JavaThread "Java2D Queue Flusher" daemon [_thread_blocked, id=53255, stack(0x00007000019f1000,0x0000700001af1000)]
  0x00007fb189896000 JavaThread "AWT-Shutdown" [_thread_blocked, id=31507, stack(0x00007000015dc000,0x00007000016dc000)]
  0x00007fb18c905800 JavaThread "AppKit Thread" daemon [_thread_in_native, id=2571, stack(0x00007fff5ecbb000,0x00007fff5f4bb000)]
  0x00007fb18b811800 JavaThread "Service Thread" daemon [_thread_blocked, id=21251, stack(0x0000700001353000,0x0000700001453000)]
  0x00007fb189828000 JavaThread "C1 CompilerThread3" daemon [_thread_blocked, id=20739, stack(0x0000700001250000,0x0000700001350000)]
  0x00007fb189827000 JavaThread "C2 CompilerThread2" daemon [_thread_blocked, id=20227, stack(0x000070000114d000,0x000070000124d000)]
  0x00007fb18b80f800 JavaThread "C2 CompilerThread1" daemon [_thread_blocked, id=19715, stack(0x000070000104a000,0x000070000114a000)]
  0x00007fb18b011800 JavaThread "C2 CompilerThread0" daemon [_thread_blocked, id=19203, stack(0x0000700000f47000,0x0000700001047000)]
  0x00007fb18a829000 JavaThread "Signal Dispatcher" daemon [_thread_blocked, id=14863, stack(0x0000700000e44000,0x0000700000f44000)]
  0x00007fb18b00c800 JavaThread "Finalizer" daemon [_thread_blocked, id=14339, stack(0x0000700000c3b000,0x0000700000d3b000)]
  0x00007fb189801000 JavaThread "Reference Handler" daemon [_thread_blocked, id=13827, stack(0x0000700000b38000,0x0000700000c38000)]

Other Threads:
  0x00007fb189011800 VMThread [stack: 0x0000700000a35000,0x0000700000b35000] [id=13315]
  0x00007fb189837800 WatcherThread [stack: 0x0000700001456000,0x0000700001556000] [id=21763]

VM state:not at safepoint (normal execution)

VM Mutex/Monitor currently owned by a thread: None

Heap:
 PSYoungGen      total 76288K, used 18123K [0x000000076ab00000, 0x0000000770000000, 0x00000007c0000000)
  eden space 65536K, 27% used [0x000000076ab00000,0x000000076bcb2e30,0x000000076eb00000)
  from space 10752K, 0% used [0x000000076f580000,0x000000076f580000,0x0000000770000000)
  to   space 10752K, 0% used [0x000000076eb00000,0x000000076eb00000,0x000000076f580000)
 ParOldGen       total 175104K, used 0K [0x00000006c0000000, 0x00000006cab00000, 0x000000076ab00000)
  object space 175104K, 0% used [0x00000006c0000000,0x00000006c0000000,0x00000006cab00000)
 Metaspace       used 9509K, capacity 9694K, committed 9984K, reserved 1058816K
  class space    used 1109K, capacity 1183K, committed 1280K, reserved 1048576K

Card table byte_map: [0x0000000111d89000,0x000000011258a000] byte_map_base: 0x000000010e789000

Marking Bits: (ParMarkBitMap*) 0x00000001022e6eb0
 Begin Bits: [0x0000000112ae0000, 0x0000000116ae0000)
 End Bits:   [0x0000000116ae0000, 0x000000011aae0000)

Polling page: 0x00000001009d3000

CodeCache: size=245760Kb used=1941Kb max_used=1953Kb free=243818Kb
 bounds [0x00000001029c9000, 0x0000000102c39000, 0x00000001119c9000]
 total_blobs=866 nmethods=364 adapters=416
 compilation: enabled

Compilation events (10 events):
Event: 0.661 Thread 0x00007fb189828000 nmethod 359 0x0000000102bac690 code [0x0000000102bac7e0, 0x0000000102bac8f0]
Event: 0.661 Thread 0x00007fb189828000  360       1       java.lang.System::getSecurityManager (4 bytes)
Event: 0.661 Thread 0x00007fb189828000 nmethod 360 0x0000000102bac950 code [0x0000000102bacaa0, 0x0000000102bacb90]
Event: 0.672 Thread 0x00007fb189828000  361       3       sun.util.logging.PlatformLogger$DefaultLoggerProxy::isLoggable (29 bytes)
Event: 0.672 Thread 0x00007fb189828000 nmethod 361 0x0000000102bacdd0 code [0x0000000102bacf60, 0x0000000102bad490]
Event: 0.672 Thread 0x00007fb189828000  362       3       sun.util.logging.PlatformLogger::isLoggable (38 bytes)
Event: 0.673 Thread 0x00007fb189828000 nmethod 362 0x0000000102bad650 code [0x0000000102bad7e0, 0x0000000102badbe8]
Event: 0.678 Thread 0x00007fb189828000  363       3       java.util.concurrent.locks.AbstractOwnableSynchronizer::setExclusiveOwnerThread (6 bytes)
Event: 0.679 Thread 0x00007fb189828000 nmethod 363 0x0000000102badd50 code [0x0000000102badea0, 0x0000000102bae010]
Event: 0.721 Thread 0x00007fb18b80f800  364       4       java.lang.String::indexOf (166 bytes)

GC Heap History (0 events):
No events

Deoptimization events (0 events):
No events

Internal exceptions (10 events):
Event: 0.027 Thread 0x00007fb18b002000 Exception <a 'java/lang/NoSuchMethodError': Method sun.misc.Unsafe.defineClass(Ljava/lang/String;[BII)Ljava/lang/Class; name or signature does not match> (0x000000076ab07cc0) thrown at [/Users/java_re/workspace/8-2-build-macosx-x86_64/jdk8u91/6644/hotspot
Event: 0.027 Thread 0x00007fb18b002000 Exception <a 'java/lang/NoSuchMethodError': Method sun.misc.Unsafe.prefetchRead(Ljava/lang/Object;J)V name or signature does not match> (0x000000076ab07fa8) thrown at [/Users/java_re/workspace/8-2-build-macosx-x86_64/jdk8u91/6644/hotspot/src/share/vm/prim
Event: 0.105 Thread 0x00007fb18b002000 Exception <a 'java/security/PrivilegedActionException'> (0x000000076ac14280) thrown at [/Users/java_re/workspace/8-2-build-macosx-x86_64/jdk8u91/6644/hotspot/src/share/vm/prims/jvm.cpp, line 1386]
Event: 0.105 Thread 0x00007fb18b002000 Exception <a 'java/security/PrivilegedActionException'> (0x000000076ac14490) thrown at [/Users/java_re/workspace/8-2-build-macosx-x86_64/jdk8u91/6644/hotspot/src/share/vm/prims/jvm.cpp, line 1386]
Event: 0.105 Thread 0x00007fb18b002000 Exception <a 'java/security/PrivilegedActionException'> (0x000000076ac17730) thrown at [/Users/java_re/workspace/8-2-build-macosx-x86_64/jdk8u91/6644/hotspot/src/share/vm/prims/jvm.cpp, line 1386]
Event: 0.105 Thread 0x00007fb18b002000 Exception <a 'java/security/PrivilegedActionException'> (0x000000076ac17940) thrown at [/Users/java_re/workspace/8-2-build-macosx-x86_64/jdk8u91/6644/hotspot/src/share/vm/prims/jvm.cpp, line 1386]
Event: 0.151 Thread 0x00007fb18b002000 Exception <a 'java/lang/NoSuchFieldError': method resolution failed> (0x000000076ae2ca80) thrown at [/Users/java_re/workspace/8-2-build-macosx-x86_64/jdk8u91/6644/hotspot/src/share/vm/prims/methodHandles.cpp, line 1146]
Event: 0.153 Thread 0x00007fb18b002000 Exception <a 'java/lang/NoSuchFieldError': method resolution failed> (0x000000076ae3a1d0) thrown at [/Users/java_re/workspace/8-2-build-macosx-x86_64/jdk8u91/6644/hotspot/src/share/vm/prims/methodHandles.cpp, line 1146]
Event: 0.330 Thread 0x00007fb18b002000 Exception <a 'java/io/FileNotFoundException'> (0x000000076aeb52c0) thrown at [/Users/java_re/workspace/8-2-build-macosx-x86_64/jdk8u91/6644/hotspot/src/share/vm/prims/jni.cpp, line 709]
Event: 0.330 Thread 0x00007fb18b002000 Exception <a 'java/io/FileNotFoundException'> (0x000000076aeb5e48) thrown at [/Users/java_re/workspace/8-2-build-macosx-x86_64/jdk8u91/6644/hotspot/src/share/vm/prims/jni.cpp, line 709]

Events (10 events):
Event: 0.673 loading class java/awt/Component$FlipBufferStrategy done
Event: 0.673 loading class java/awt/Component$FlipSubRegionBufferStrategy done
Event: 0.673 loading class sun/java2d/pipe/hw/ExtendedBufferCapabilities
Event: 0.673 loading class sun/java2d/pipe/hw/ExtendedBufferCapabilities done
Event: 0.673 loading class sun/java2d/opengl/CGLGraphicsConfig$CGLBufferCaps
Event: 0.673 loading class sun/java2d/opengl/CGLGraphicsConfig$CGLBufferCaps done
Event: 0.674 loading class sun/java2d/StateTrackableDelegate$1
Event: 0.674 loading class sun/java2d/StateTrackableDelegate$1 done
Event: 0.721 loading class processing/sound/Amplitude
Event: 0.721 loading class processing/sound/Amplitude done


Dynamic libraries:
0x000000000b88e000 	/System/Library/Frameworks/Cocoa.framework/Versions/A/Cocoa
0x000000000b88e000 	/System/Library/Frameworks/Security.framework/Versions/A/Security
0x000000000b88e000 	/System/Library/Frameworks/ApplicationServices.framework/Versions/A/ApplicationServices
0x000000000b88e000 	/usr/lib/libz.1.dylib
0x000000000b88e000 	/usr/lib/libSystem.B.dylib
0x000000000b88e000 	/usr/lib/libobjc.A.dylib
0x000000000b88e000 	/System/Library/Frameworks/CoreFoundation.framework/Versions/A/CoreFoundation
0x000000000b88e000 	/System/Library/Frameworks/Foundation.framework/Versions/C/Foundation
0x000000000b88e000 	/System/Library/Frameworks/AppKit.framework/Versions/C/AppKit
0x000000000b88e000 	/System/Library/Frameworks/CoreData.framework/Versions/A/CoreData
0x000000000b88e000 	/System/Library/PrivateFrameworks/RemoteViewServices.framework/Versions/A/RemoteViewServices
0x000000000b88e000 	/System/Library/PrivateFrameworks/UIFoundation.framework/Versions/A/UIFoundation
0x000000000b88e000 	/usr/lib/libScreenReader.dylib
0x000000000b88e000 	/System/Library/Frameworks/Accelerate.framework/Versions/A/Accelerate
0x000000000b88e000 	/System/Library/Frameworks/IOSurface.framework/Versions/A/IOSurface
0x000000000b88e000 	/System/Library/Frameworks/AudioToolbox.framework/Versions/A/AudioToolbox
0x000000000b88e000 	/System/Library/Frameworks/AudioUnit.framework/Versions/A/AudioUnit
0x000000000b88e000 	/System/Library/PrivateFrameworks/DataDetectorsCore.framework/Versions/A/DataDetectorsCore
0x000000000b88e000 	/System/Library/PrivateFrameworks/DesktopServicesPriv.framework/Versions/A/DesktopServicesPriv
0x000000000b88e000 	/System/Library/Frameworks/Carbon.framework/Versions/A/Frameworks/HIToolbox.framework/Versions/A/HIToolbox
0x000000000b88e000 	/System/Library/Frameworks/QuartzCore.framework/Versions/A/QuartzCore
0x000000000b88e000 	/System/Library/Frameworks/Carbon.framework/Versions/A/Frameworks/SpeechRecognition.framework/Versions/A/SpeechRecognition
0x000000000b88e000 	/usr/lib/libauto.dylib
0x000000000b88e000 	/usr/lib/libicucore.A.dylib
0x000000000b88e000 	/usr/lib/libxml2.2.dylib
0x000000000b88e000 	/System/Library/PrivateFrameworks/CoreUI.framework/Versions/A/CoreUI
0x000000000b88e000 	/System/Library/Frameworks/CoreAudio.framework/Versions/A/CoreAudio
0x000000000b88e000 	/System/Library/Frameworks/DiskArbitration.framework/Versions/A/DiskArbitration
0x000000000b88e000 	/usr/lib/liblangid.dylib
0x000000000b88e000 	/System/Library/PrivateFrameworks/MultitouchSupport.framework/Versions/A/MultitouchSupport
0x000000000b88e000 	/System/Library/Frameworks/IOKit.framework/Versions/A/IOKit
0x000000000b88e000 	/usr/lib/libDiagnosticMessagesClient.dylib
0x000000000b88e000 	/System/Library/Frameworks/CoreServices.framework/Versions/A/CoreServices
0x000000000b88e000 	/System/Library/PrivateFrameworks/PerformanceAnalysis.framework/Versions/A/PerformanceAnalysis
0x000000000b88e000 	/System/Library/PrivateFrameworks/GenerationalStorage.framework/Versions/A/GenerationalStorage
0x000000000b88e000 	/System/Library/Frameworks/OpenGL.framework/Versions/A/OpenGL
0x000000000b88e000 	/System/Library/PrivateFrameworks/Sharing.framework/Versions/A/Sharing
0x000000000b88e000 	/System/Library/Frameworks/CoreGraphics.framework/Versions/A/CoreGraphics
0x000000000b88e000 	/System/Library/Frameworks/CoreImage.framework/Versions/A/CoreImage
0x000000000b88e000 	/System/Library/Frameworks/CoreText.framework/Versions/A/CoreText
0x000000000b88e000 	/System/Library/Frameworks/ImageIO.framework/Versions/A/ImageIO
0x000000000b88e000 	/System/Library/PrivateFrameworks/Backup.framework/Versions/A/Backup
0x000000000b88e000 	/usr/lib/libextension.dylib
0x000000000b88e000 	/usr/lib/libarchive.2.dylib
0x000000000b88e000 	/System/Library/Frameworks/CFNetwork.framework/Versions/A/CFNetwork
0x000000000b88e000 	/System/Library/Frameworks/SystemConfiguration.framework/Versions/A/SystemConfiguration
0x000000000b88e000 	/usr/lib/libCRFSuite.dylib
0x000000000b88e000 	/usr/lib/libc++.1.dylib
0x000000000b88e000 	/usr/lib/libc++abi.dylib
0x000000000b88e000 	/usr/lib/system/libcache.dylib
0x000000000b88e000 	/usr/lib/system/libcommonCrypto.dylib
0x000000000b88e000 	/usr/lib/system/libcompiler_rt.dylib
0x000000000b88e000 	/usr/lib/system/libcopyfile.dylib
0x000000000b88e000 	/usr/lib/system/libcorecrypto.dylib
0x000000000b88e000 	/usr/lib/system/libdispatch.dylib
0x000000000b88e000 	/usr/lib/system/libdyld.dylib
0x000000000b88e000 	/usr/lib/system/libkeymgr.dylib
0x000000000b88e000 	/usr/lib/system/liblaunch.dylib
0x000000000b88e000 	/usr/lib/system/libmacho.dylib
0x000000000b88e000 	/usr/lib/system/libquarantine.dylib
0x000000000b88e000 	/usr/lib/system/libremovefile.dylib
0x000000000b88e000 	/usr/lib/system/libsystem_asl.dylib
0x000000000b88e000 	/usr/lib/system/libsystem_blocks.dylib
0x000000000b88e000 	/usr/lib/system/libsystem_c.dylib
0x000000000b88e000 	/usr/lib/system/libsystem_configuration.dylib
0x000000000b88e000 	/usr/lib/system/libsystem_coreservices.dylib
0x000000000b88e000 	/usr/lib/system/libsystem_coretls.dylib
0x000000000b88e000 	/usr/lib/system/libsystem_dnssd.dylib
0x000000000b88e000 	/usr/lib/system/libsystem_info.dylib
0x000000000b88e000 	/usr/lib/system/libsystem_kernel.dylib
0x000000000b88e000 	/usr/lib/system/libsystem_m.dylib
0x000000000b88e000 	/usr/lib/system/libsystem_malloc.dylib
0x000000000b88e000 	/usr/lib/system/libsystem_network.dylib
0x000000000b88e000 	/usr/lib/system/libsystem_networkextension.dylib
0x000000000b88e000 	/usr/lib/system/libsystem_notify.dylib
0x000000000b88e000 	/usr/lib/system/libsystem_platform.dylib
0x000000000b88e000 	/usr/lib/system/libsystem_pthread.dylib
0x000000000b88e000 	/usr/lib/system/libsystem_sandbox.dylib
0x000000000b88e000 	/usr/lib/system/libsystem_secinit.dylib
0x000000000b88e000 	/usr/lib/system/libsystem_trace.dylib
0x000000000b88e000 	/usr/lib/system/libunc.dylib
0x000000000b88e000 	/usr/lib/system/libunwind.dylib
0x000000000b88e000 	/usr/lib/system/libxpc.dylib
0x000000000b88e000 	/usr/lib/libenergytrace.dylib
0x000000000b88e000 	/usr/lib/libbsm.0.dylib
0x000000000b88e000 	/usr/lib/system/libkxld.dylib
0x000000000b88e000 	/usr/lib/libxar.1.dylib
0x000000000b88e000 	/usr/lib/libsqlite3.dylib
0x000000000b88e000 	/usr/lib/libpam.2.dylib
0x000000000b88e000 	/usr/lib/libOpenScriptingUtil.dylib
0x000000000b88e000 	/usr/lib/libbz2.1.0.dylib
0x000000000b88e000 	/usr/lib/liblzma.5.dylib
0x000000000b88e000 	/System/Library/Frameworks/CoreServices.framework/Versions/A/Frameworks/FSEvents.framework/Versions/A/FSEvents
0x000000000b88e000 	/System/Library/Frameworks/CoreServices.framework/Versions/A/Frameworks/CarbonCore.framework/Versions/A/CarbonCore
0x000000000b88e000 	/System/Library/Frameworks/CoreServices.framework/Versions/A/Frameworks/Metadata.framework/Versions/A/Metadata
0x000000000b88e000 	/System/Library/Frameworks/CoreServices.framework/Versions/A/Frameworks/OSServices.framework/Versions/A/OSServices
0x000000000b88e000 	/System/Library/Frameworks/CoreServices.framework/Versions/A/Frameworks/SearchKit.framework/Versions/A/SearchKit
0x000000000b88e000 	/System/Library/Frameworks/CoreServices.framework/Versions/A/Frameworks/AE.framework/Versions/A/AE
0x000000000b88e000 	/System/Library/Frameworks/CoreServices.framework/Versions/A/Frameworks/LaunchServices.framework/Versions/A/LaunchServices
0x000000000b88e000 	/System/Library/Frameworks/CoreServices.framework/Versions/A/Frameworks/DictionaryServices.framework/Versions/A/DictionaryServices
0x000000000b88e000 	/System/Library/Frameworks/CoreServices.framework/Versions/A/Frameworks/SharedFileList.framework/Versions/A/SharedFileList
0x000000000b88e000 	/System/Library/Frameworks/NetFS.framework/Versions/A/NetFS
0x000000000b88e000 	/System/Library/PrivateFrameworks/NetAuth.framework/Versions/A/NetAuth
0x000000000b88e000 	/System/Library/PrivateFrameworks/login.framework/Versions/A/Frameworks/loginsupport.framework/Versions/A/loginsupport
0x000000000b88e000 	/System/Library/PrivateFrameworks/TCC.framework/Versions/A/TCC
0x000000000b88e000 	/usr/lib/libmecabra.dylib
0x000000000b88e000 	/System/Library/Frameworks/ApplicationServices.framework/Versions/A/Frameworks/ATS.framework/Versions/A/ATS
0x000000000b88e000 	/System/Library/Frameworks/ApplicationServices.framework/Versions/A/Frameworks/ColorSync.framework/Versions/A/ColorSync
0x000000000b88e000 	/System/Library/Frameworks/ApplicationServices.framework/Versions/A/Frameworks/HIServices.framework/Versions/A/HIServices
0x000000000b88e000 	/System/Library/Frameworks/ApplicationServices.framework/Versions/A/Frameworks/LangAnalysis.framework/Versions/A/LangAnalysis
0x000000000b88e000 	/System/Library/Frameworks/ApplicationServices.framework/Versions/A/Frameworks/PrintCore.framework/Versions/A/PrintCore
0x000000000b88e000 	/System/Library/Frameworks/ApplicationServices.framework/Versions/A/Frameworks/QD.framework/Versions/A/QD
0x000000000b88e000 	/System/Library/Frameworks/ApplicationServices.framework/Versions/A/Frameworks/SpeechSynthesis.framework/Versions/A/SpeechSynthesis
0x000000000b88e000 	/System/Library/Frameworks/Metal.framework/Versions/A/Metal
0x000000000b88e000 	/System/Library/Frameworks/Accelerate.framework/Versions/A/Frameworks/vImage.framework/Versions/A/vImage
0x000000000b88e000 	/System/Library/Frameworks/Accelerate.framework/Versions/A/Frameworks/vecLib.framework/Versions/A/vecLib
0x000000000b88e000 	/System/Library/Frameworks/Accelerate.framework/Versions/A/Frameworks/vecLib.framework/Versions/A/libvDSP.dylib
0x000000000b88e000 	/System/Library/Frameworks/Accelerate.framework/Versions/A/Frameworks/vecLib.framework/Versions/A/libvMisc.dylib
0x000000000b88e000 	/System/Library/Frameworks/Accelerate.framework/Versions/A/Frameworks/vecLib.framework/Versions/A/libLAPACK.dylib
0x000000000b88e000 	/System/Library/Frameworks/Accelerate.framework/Versions/A/Frameworks/vecLib.framework/Versions/A/libBLAS.dylib
0x000000000b88e000 	/System/Library/Frameworks/Accelerate.framework/Versions/A/Frameworks/vecLib.framework/Versions/A/libLinearAlgebra.dylib
0x000000000b88e000 	/System/Library/Frameworks/Accelerate.framework/Versions/A/Frameworks/vecLib.framework/Versions/A/libSparseBLAS.dylib
0x000000000b88e000 	/System/Library/PrivateFrameworks/GPUCompiler.framework/libmetal_timestamp.dylib
0x000000000b88e000 	/System/Library/Frameworks/OpenGL.framework/Versions/A/Libraries/libCoreFSCache.dylib
0x000000000b88e000 	/System/Library/PrivateFrameworks/IOAccelerator.framework/Versions/A/IOAccelerator
0x000000000b88e000 	/System/Library/Frameworks/ApplicationServices.framework/Versions/A/Frameworks/ATS.framework/Versions/A/Resources/libFontParser.dylib
0x000000000b88e000 	/System/Library/Frameworks/ApplicationServices.framework/Versions/A/Frameworks/ATS.framework/Versions/A/Resources/libFontRegistry.dylib
0x000000000b88e000 	/System/Library/PrivateFrameworks/AppleVPA.framework/Versions/A/AppleVPA
0x000000000b88e000 	/System/Library/PrivateFrameworks/AppleJPEG.framework/Versions/A/AppleJPEG
0x000000000b88e000 	/System/Library/Frameworks/ImageIO.framework/Versions/A/Resources/libJPEG.dylib
0x000000000b88e000 	/System/Library/Frameworks/ImageIO.framework/Versions/A/Resources/libTIFF.dylib
0x000000000b88e000 	/System/Library/Frameworks/ImageIO.framework/Versions/A/Resources/libPng.dylib
0x000000000b88e000 	/System/Library/Frameworks/ImageIO.framework/Versions/A/Resources/libGIF.dylib
0x000000000b88e000 	/System/Library/Frameworks/ImageIO.framework/Versions/A/Resources/libJP2.dylib
0x000000000b88e000 	/System/Library/Frameworks/ImageIO.framework/Versions/A/Resources/libRadiance.dylib
0x000000000b88e000 	/System/Library/Frameworks/CoreVideo.framework/Versions/A/CoreVideo
0x000000000b88e000 	/System/Library/Frameworks/OpenGL.framework/Versions/A/Libraries/libGLU.dylib
0x000000000b88e000 	/System/Library/Frameworks/OpenGL.framework/Versions/A/Libraries/libGFXShared.dylib
0x000000000b88e000 	/System/Library/Frameworks/OpenGL.framework/Versions/A/Libraries/libGL.dylib
0x000000000b88e000 	/System/Library/Frameworks/OpenGL.framework/Versions/A/Libraries/libGLImage.dylib
0x000000000b88e000 	/System/Library/Frameworks/OpenGL.framework/Versions/A/Libraries/libCVMSPluginSupport.dylib
0x000000000b88e000 	/System/Library/Frameworks/OpenGL.framework/Versions/A/Libraries/libCoreVMClient.dylib
0x000000000b88e000 	/usr/lib/libcompression.dylib
0x000000000b88e000 	/usr/lib/libcups.2.dylib
0x000000000b88e000 	/System/Library/Frameworks/Kerberos.framework/Versions/A/Kerberos
0x000000000b88e000 	/System/Library/Frameworks/GSS.framework/Versions/A/GSS
0x000000000b88e000 	/usr/lib/libresolv.9.dylib
0x000000000b88e000 	/usr/lib/libiconv.2.dylib
0x000000000b88e000 	/System/Library/PrivateFrameworks/Heimdal.framework/Versions/A/Heimdal
0x000000000b88e000 	/usr/lib/libheimdal-asn1.dylib
0x000000000b88e000 	/System/Library/Frameworks/OpenDirectory.framework/Versions/A/OpenDirectory
0x000000000b88e000 	/System/Library/PrivateFrameworks/CommonAuth.framework/Versions/A/CommonAuth
0x000000000b88e000 	/System/Library/Frameworks/OpenDirectory.framework/Versions/A/Frameworks/CFOpenDirectory.framework/Versions/A/CFOpenDirectory
0x000000000b88e000 	/System/Library/Frameworks/SecurityFoundation.framework/Versions/A/SecurityFoundation
0x000000000b88e000 	/System/Library/PrivateFrameworks/LanguageModeling.framework/Versions/A/LanguageModeling
0x000000000b88e000 	/usr/lib/libmarisa.dylib
0x000000000b88e000 	/usr/lib/libChineseTokenizer.dylib
0x000000000b88e000 	/usr/lib/libcmph.dylib
0x000000000b88e000 	/System/Library/Frameworks/ServiceManagement.framework/Versions/A/ServiceManagement
0x000000000b88e000 	/usr/lib/libxslt.1.dylib
0x000000000b88e000 	/System/Library/Frameworks/Carbon.framework/Versions/A/Frameworks/Ink.framework/Versions/A/Ink
0x000000000b88e000 	/usr/lib/libFosl_dynamic.dylib
0x000000000b88e000 	/System/Library/PrivateFrameworks/FaceCore.framework/Versions/A/FaceCore
0x000000000b88e000 	/System/Library/Frameworks/OpenCL.framework/Versions/A/OpenCL
0x000000000b88e000 	/System/Library/PrivateFrameworks/CrashReporterSupport.framework/Versions/A/CrashReporterSupport
0x000000000b88e000 	/System/Library/PrivateFrameworks/IconServices.framework/Versions/A/IconServices
0x000000000b88e000 	/System/Library/PrivateFrameworks/Apple80211.framework/Versions/A/Apple80211
0x000000000b88e000 	/System/Library/Frameworks/CoreWLAN.framework/Versions/A/CoreWLAN
0x000000000b88e000 	/System/Library/Frameworks/IOBluetooth.framework/Versions/A/IOBluetooth
0x000000000b88e000 	/System/Library/PrivateFrameworks/CoreWiFi.framework/Versions/A/CoreWiFi
0x000000000b88e000 	/System/Library/Frameworks/CoreBluetooth.framework/Versions/A/CoreBluetooth
0x000000000b88e000 	/System/Library/PrivateFrameworks/ChunkingLibrary.framework/Versions/A/ChunkingLibrary
0x000000000b88e000 	/System/Library/PrivateFrameworks/DebugSymbols.framework/Versions/A/DebugSymbols
0x000000000b88e000 	/System/Library/PrivateFrameworks/CoreSymbolication.framework/Versions/A/CoreSymbolication
0x000000000b88e000 	/System/Library/PrivateFrameworks/Symbolication.framework/Versions/A/Symbolication
0x000000000b88e000 	/System/Library/PrivateFrameworks/SpeechRecognitionCore.framework/Versions/A/SpeechRecognitionCore
0x0000000101a00000 	/Library/Java/JavaVirtualMachines/jdk1.8.0_91.jdk/Contents/Home/jre/lib/server/libjvm.dylib
0x000000000b88e000 	/usr/lib/libstdc++.6.dylib
0x00000001009c5000 	/Library/Java/JavaVirtualMachines/jdk1.8.0_91.jdk/Contents/Home/jre/lib/libverify.dylib
0x0000000102994000 	/Library/Java/JavaVirtualMachines/jdk1.8.0_91.jdk/Contents/Home/jre/lib/libjava.dylib
0x00000001009dd000 	/Library/Java/JavaVirtualMachines/jdk1.8.0_91.jdk/Contents/Home/jre/lib/libzip.dylib
0x000000011da7e000 	/System/Library/Frameworks/JavaVM.framework/Frameworks/JavaRuntimeSupport.framework/JavaRuntimeSupport
0x00000001009e7000 	/System/Library/Frameworks/JavaVM.framework/Versions/A/Frameworks/JavaNativeFoundation.framework/Versions/A/JavaNativeFoundation
0x000000011da99000 	/System/Library/Frameworks/JavaVM.framework/Versions/A/JavaVM
0x000000000b88e000 	/System/Library/Frameworks/Carbon.framework/Versions/A/Carbon
0x000000011daa6000 	/System/Library/PrivateFrameworks/JavaLaunching.framework/Versions/A/JavaLaunching
0x000000000b88e000 	/System/Library/Frameworks/Carbon.framework/Versions/A/Frameworks/CommonPanels.framework/Versions/A/CommonPanels
0x000000000b88e000 	/System/Library/Frameworks/Carbon.framework/Versions/A/Frameworks/Help.framework/Versions/A/Help
0x000000000b88e000 	/System/Library/Frameworks/Carbon.framework/Versions/A/Frameworks/ImageCapture.framework/Versions/A/ImageCapture
0x000000000b88e000 	/System/Library/Frameworks/Carbon.framework/Versions/A/Frameworks/OpenScripting.framework/Versions/A/OpenScripting
0x000000000b88e000 	/System/Library/Frameworks/Carbon.framework/Versions/A/Frameworks/Print.framework/Versions/A/Print
0x000000000b88e000 	/System/Library/Frameworks/Carbon.framework/Versions/A/Frameworks/SecurityHI.framework/Versions/A/SecurityHI
0x000000011f3f2000 	/Library/Java/JavaVirtualMachines/jdk1.8.0_91.jdk/Contents/Home/jre/lib/libawt.dylib
0x000000011f49a000 	/Library/Java/JavaVirtualMachines/jdk1.8.0_91.jdk/Contents/Home/jre/lib/./libmlib_image.dylib
0x000000011f566000 	/Library/Java/JavaVirtualMachines/jdk1.8.0_91.jdk/Contents/Home/jre/lib/libawt_lwawt.dylib
0x000000011f61b000 	/Library/Java/JavaVirtualMachines/jdk1.8.0_91.jdk/Contents/Home/jre/lib/./libosxapp.dylib
0x000000000b88e000 	/System/Library/Frameworks/ExceptionHandling.framework/Versions/A/ExceptionHandling
0x000000000b88e000 	/System/Library/PrivateFrameworks/CoreServicesInternal.framework/Versions/A/CoreServicesInternal
0x000000000b88e000 	/System/Library/Frameworks/CoreGraphics.framework/Versions/A/Resources/libRIP.A.dylib
0x000000000b88e000 	/System/Library/Frameworks/Accelerate.framework/Versions/A/Frameworks/vImage.framework/Versions/A/Libraries/libCGInterfaces.dylib
0x000000000b88e000 	/System/Library/Frameworks/CoreGraphics.framework/Versions/A/Resources/libCGXType.A.dylib
0x000000000b88e000 	/System/Library/Frameworks/OpenCL.framework/Versions/A/Libraries/libcldcpuengine.dylib
0x000000000b88e000 	/System/Library/PrivateFrameworks/DiskImages.framework/Versions/A/DiskImages
0x000000000b88e000 	/System/Library/Frameworks/DiscRecording.framework/Versions/A/DiscRecording
0x000000000b88e000 	/usr/lib/libcsfde.dylib
0x000000000b88e000 	/usr/lib/libcurl.4.dylib
0x000000000b88e000 	/System/Library/PrivateFrameworks/MediaKit.framework/Versions/A/MediaKit
0x000000000b88e000 	/System/Library/PrivateFrameworks/ProtectedCloudStorage.framework/Versions/A/ProtectedCloudStorage
0x000000000b88e000 	/usr/lib/libCoreStorage.dylib
0x000000000b88e000 	/System/Library/PrivateFrameworks/EFILogin.framework/Versions/A/EFILogin
0x000000000b88e000 	/usr/lib/libutil.dylib
0x000000000b88e000 	/System/Library/PrivateFrameworks/FindMyDevice.framework/Versions/A/FindMyDevice
0x000000000b88e000 	/System/Library/Frameworks/LDAP.framework/Versions/A/LDAP
0x000000000b88e000 	/usr/lib/libsasl2.2.dylib
0x000000000b88e000 	/System/Library/PrivateFrameworks/CoreDaemon.framework/Versions/B/CoreDaemon
0x000000000b88e000 	/usr/lib/libcrypto.0.9.8.dylib
0x000000000b88e000 	/System/Library/PrivateFrameworks/AppleSRP.framework/Versions/A/AppleSRP
0x000000000b88e000 	/System/Library/PrivateFrameworks/TrustEvaluationAgent.framework/Versions/A/TrustEvaluationAgent
0x000000012123d000 	cl_kernels
0x000000000b88e000 	/System/Library/Frameworks/OpenCL.framework/Versions/A/Libraries/ImageFormats/unorm8_bgra.dylib
0x000000000b88e000 	/System/Library/Frameworks/OpenCL.framework/Versions/A/Libraries/ImageFormats/unorm8_rgba.dylib
0x000000000b88e000 	/System/Library/PrivateFrameworks/FamilyControls.framework/Versions/A/FamilyControls
0x000000000b88e000 	/System/Library/PrivateFrameworks/CommerceKit.framework/Versions/A/Frameworks/CommerceCore.framework/Versions/A/CommerceCore
0x000000000b88e000 	/System/Library/PrivateFrameworks/SystemAdministration.framework/Versions/A/SystemAdministration
0x000000000b88e000 	/System/Library/PrivateFrameworks/AppContainer.framework/Versions/A/AppContainer
0x000000000b88e000 	/System/Library/PrivateFrameworks/SecCodeWrapper.framework/Versions/A/SecCodeWrapper
0x000000000b88e000 	/System/Library/Frameworks/DirectoryService.framework/Versions/A/DirectoryService
0x000000000b88e000 	/System/Library/PrivateFrameworks/LoginUIKit.framework/Versions/A/Frameworks/LoginUICore.framework/Versions/A/LoginUICore
0x000000000b88e000 	/usr/lib/libodfde.dylib
0x0000000122333000 	/Library/Java/JavaVirtualMachines/jdk1.8.0_91.jdk/Contents/Home/jre/lib/libfontmanager.dylib
0x000000000b88e000 	/System/Library/Frameworks/OpenGL.framework/Versions/A/Resources/GLEngine.bundle/GLEngine
0x000000000b88e000 	/System/Library/Frameworks/OpenGL.framework/Versions/A/Libraries/libGLProgrammability.dylib
0x000000012239a000 	/System/Library/Extensions/AppleIntelHD5000GraphicsGLDriver.bundle/Contents/MacOS/AppleIntelHD5000GraphicsGLDriver
0x000000000b88e000 	/System/Library/PrivateFrameworks/GPUSupport.framework/Versions/A/Libraries/libGPUSupportMercury.dylib
0x000000000b88e000 	/System/Library/Frameworks/OpenGL.framework/Versions/A/Resources/GLRendererFloat.bundle/GLRendererFloat
0x0000000123387000 	/Library/Java/JavaVirtualMachines/jdk1.8.0_91.jdk/Contents/Home/jre/lib/libosxui.dylib
0x0000000123dd2000 	/Library/Java/JavaVirtualMachines/jdk1.8.0_91.jdk/Contents/Home/jre/lib/libmanagement.dylib
0x00000001271fe000 	/System/Library/Extensions/AppleIntelHD5000GraphicsMTLDriver.bundle/Contents/MacOS/AppleIntelHD5000GraphicsMTLDriver
0x00000001285a5000 	/Users/codeandchords/Documents/Processing/libraries/sound/library/macosx/libMethClaInterface.jnilib
0x0000000128602000 	/Users/codeandchords/Documents/Processing/libraries/sound/library/macosx/libmethcla.dylib
0x000000012870a000 	/Users/codeandchords/Documents/Processing/libraries/sound/library/macosx/libmpg123.0.dylib
0x000000012874d000 	/Users/codeandchords/Documents/Processing/libraries/sound/library/macosx/libsndfile.1.dylib
0x00000001287aa000 	/Users/codeandchords/Documents/Processing/libraries/sound/library/macosx/libFLAC.8.dylib
0x00000001287d4000 	/Users/codeandchords/Documents/Processing/libraries/sound/library/macosx/libvorbisenc.2.dylib
0x0000000128aa0000 	/Users/codeandchords/Documents/Processing/libraries/sound/library/macosx/libvorbis.0.dylib
0x000000012537a000 	/Users/codeandchords/Documents/Processing/libraries/sound/library/macosx/libogg.0.dylib
0x0000000129e07000 	/System/Library/Extensions/AppleHDA.kext/Contents/PlugIns/AppleHDAHALPlugIn.bundle/Contents/MacOS/AppleHDAHALPlugIn
0x0000000129e12000 	/Library/Audio/Plug-Ins/HAL/JackRouter.plugin/Contents/MacOS/JackRouter
0x0000000129e55000 	/usr/local/lib/libjack.0.dylib

VM Arguments:
jvm_args: -Djava.library.path=/Users/codeandchords/Documents/Processing/libraries/sound/library/macosx -Dfile.encoding=UTF-8 
java_command: mutlipleLinesTests.MLDriver
java_class_path (initial): /Users/codeandchords/Documents/CodeAndChords/Visuals/Eclipse/bin:/Users/codeandchords/Documents/CodeAndChords/Visuals/Eclipse/src/mutlipleLinesTests/sound.jar:/Users/codeandchords/Documents/CodeAndChords/Visuals/Eclipse/src/mutlipleLinesTests/core.jar
Launcher Type: SUN_STANDARD

Environment Variables:
PATH=/usr/bin:/bin:/usr/sbin:/sbin
SHELL=/bin/bash

Signal Handlers:
SIGSEGV: [libjvm.dylib+0x5a97a1], sa_mask[0]=11111111011111110111111111111111, sa_flags=SA_ONSTACK|SA_RESTART|SA_SIGINFO
SIGBUS: [libjvm.dylib+0x5a97a1], sa_mask[0]=11111111011111110111111111111111, sa_flags=SA_RESTART|SA_SIGINFO
SIGFPE: [libjvm.dylib+0x482594], sa_mask[0]=11111111011111110111111111111111, sa_flags=SA_RESTART|SA_SIGINFO
SIGPIPE: [libjvm.dylib+0x482594], sa_mask[0]=11111111011111110111111111111111, sa_flags=SA_RESTART|SA_SIGINFO
SIGXFSZ: [libjvm.dylib+0x482594], sa_mask[0]=11111111011111110111111111111111, sa_flags=SA_RESTART|SA_SIGINFO
SIGILL: [libjvm.dylib+0x482594], sa_mask[0]=11111111011111110111111111111111, sa_flags=SA_RESTART|SA_SIGINFO
SIGUSR1: SIG_DFL, sa_mask[0]=00000000000000000000000000000000, sa_flags=none
SIGUSR2: [libjvm.dylib+0x4820b2], sa_mask[0]=00100000000000000000000000000000, sa_flags=SA_RESTART|SA_SIGINFO
SIGHUP: [libjvm.dylib+0x480689], sa_mask[0]=11111111011111110111111111111111, sa_flags=SA_RESTART|SA_SIGINFO
SIGINT: [libjvm.dylib+0x480689], sa_mask[0]=11111111011111110111111111111111, sa_flags=SA_RESTART|SA_SIGINFO
SIGTERM: [libjvm.dylib+0x480689], sa_mask[0]=11111111011111110111111111111111, sa_flags=SA_RESTART|SA_SIGINFO
SIGQUIT: [libjvm.dylib+0x480689], sa_mask[0]=11111111011111110111111111111111, sa_flags=SA_RESTART|SA_SIGINFO


---------------  S Y S T E M  ---------------

OS:Bsduname:Darwin 15.6.0 Darwin Kernel Version 15.6.0: Mon Aug 29 20:21:34 PDT 2016; root:xnu-3248.60.11~1/RELEASE_X86_64 x86_64
rlimit: STACK 8192k, CORE 0k, NPROC 709, NOFILE 10240, AS infinity
load average:3.01 0.82 0.30

CPU:total 8 (4 cores per cpu, 2 threads per core) family 6 model 70 stepping 1, cmov, cx8, fxsr, mmx, sse, sse2, sse3, ssse3, sse4.1, sse4.2, popcnt, avx, avx2, aes, clmul, erms, lzcnt, ht, tsc, tscinvbit, bmi1, bmi2

Memory: 4k page, physical 16777216k(341160k free)

/proc/meminfo:


vm_info: Java HotSpot(TM) 64-Bit Server VM (25.91-b14) for bsd-amd64 JRE (1.8.0_91-b14), built on Apr  1 2016 01:03:00 by "java_re" with gcc 4.2.1 (Based on Apple Inc. build 5658) (LLVM build 2336.11.00)

time: Wed Jan 25 21:49:44 2017
elapsed time: 0 seconds (0d 0h 0m 0s)

