<<<<<<< HEAD
﻿  pa_allocation.c
  pa_converters.c
  pa_cpuload.c
  pa_debugprint.c
  pa_dither.c
  pa_front.c
  pa_process.c
  pa_ringbuffer.c
  pa_stream.c
  pa_trace.c
  pa_win_ds.c
  pa_win_ds_dynlink.c
  pa_hostapi_skeleton.c
  pa_win_wasapi.c
  pa_win_wdmks.c
  pa_win_wmme.c
..\..\src\hostapi\wmme\pa_win_wmme.c(676): warning C4312: 'type cast': conversion from 'int' to 'HWAVEIN' of greater size
..\..\src\hostapi\wmme\pa_win_wmme.c(685): warning C4312: 'type cast': conversion from 'int' to 'HWAVEIN' of greater size
..\..\src\hostapi\wmme\pa_win_wmme.c(806): warning C4312: 'type cast': conversion from 'int' to 'HWAVEOUT' of greater size
..\..\src\hostapi\wmme\pa_win_wmme.c(815): warning C4312: 'type cast': conversion from 'int' to 'HWAVEOUT' of greater size
..\..\src\hostapi\wmme\pa_win_wmme.c(1020): warning C4312: 'type cast': conversion from 'UINT' to 'HWAVEIN' of greater size
..\..\src\hostapi\wmme\pa_win_wmme.c(1024): warning C4312: 'type cast': conversion from 'UINT' to 'HWAVEOUT' of greater size
  pa_win_coinitialize.c
  pa_win_hostapis.c
  pa_win_util.c
  pa_win_waveformat.c
  Generating Code...
  Compiling...
  pa_win_wdmks_utils.c
  pa_x86_plain_converters.c
  Generating Code...
  asio.cpp
  asiodrivers.cpp
  asiolist.cpp
..\..\src\hostapi\asio\ASIOSDK\host\pc\asiolist.cpp(24): warning C4267: 'argument': conversion from 'size_t' to 'DWORD', possible loss of data
..\..\src\hostapi\asio\ASIOSDK\host\pc\asiolist.cpp(31): warning C4267: 'argument': conversion from 'size_t' to 'DWORD', possible loss of data
  pa_asio.cpp
  Generating Code...
     Creating library x64\Release/portaudio_x64.lib and object x64\Release/portaudio_x64.exp
  portaudio.vcxproj -> C:\Users\emily\Documents\CodeAndChords\Visuals\CommandLine\windowsEmily\portaudio\build\msvc\x64\Release\portaudio_x64.dll
=======
﻿  portaudio.vcxproj -> C:\Users\emily\Documents\CodeAndChords\Visuals\CommandLine\windowsEmily\portaudio\build\msvc\x64\Release\portaudio_x64.dll
>>>>>>> 253f6a1... 32 and 64 bit dll's
