#
# A fatal error has been detected by the Java Runtime Environment:
#
#  SIGSEGV (0xb) at pc=0x000000010b8a5450, pid=30091, tid=20483
#
# JRE version: Java(TM) SE Runtime Environment (8.0_91-b14) (build 1.8.0_91-b14)
# Java VM: Java HotSpot(TM) 64-Bit Server VM (25.91-b14 mixed mode bsd-amd64 compressed oops)
# Problematic frame:
# V  [libjvm.dylib+0xa5450]
#
# Failed to write core dump. Core dumps have been disabled. To enable core dumping, try "ulimit -c unlimited" before starting Java again
#
# If you would like to submit a bug report, please visit:
#   http://bugreport.java.com/bugreport/crash.jsp
#

---------------  T H R E A D  ---------------

Current thread (0x00007ff5a8852800):  JavaThread "C1 CompilerThread3" daemon [_thread_in_native, id=20483, stack(0x00007000011cd000,0x00007000012cd000)]

siginfo: si_signo: 11 (SIGSEGV), si_code: 0 (unknown), si_addr: 0x0000000000000000

Registers:
RAX=0x0000000000000000, RBX=0x0000000000000000, RCX=0x002bd500002bd500, RDX=0x0000000000000000
RSP=0x00007000012cc150, RBP=0x00007000012cc1a0, RSI=0x002bd500002bd603, RDI=0x000000010c02bff0
R8 =0x000000010c02c008, R9 =0x00000000000b68b6, R10=0x000000010c02c010, R11=0xffffffff00000000
R12=0x39b684e239b684e2, R13=0x0000000000b2903b, R14=0x0000000000007fe8, R15=0x00007ff5a8602320
RIP=0x000000010b8a5450, EFLAGS=0x0000000000010206, ERR=0x0000000000000000
  TRAPNO=0x000000000000000d

Top of Stack: (sp=0x00007000012cc150)
0x00007000012cc150:   00007ff5ac007710 000000000000001b
0x00007000012cc160:   00007ff5ac0083d0 ffffffffffffffff
0x00007000012cc170:   00007000012cc220 000000010b91c1ff
0x00007000012cc180:   0000000000007fe8 00007ff5ac000800
0x00007000012cc190:   0000000000000000 0000000000007fd8
0x00007000012cc1a0:   00007000012cc1f0 000000010b8a4ad0
0x00007000012cc1b0:   00007000012cc1d0 000000000000c00b
0x00007000012cc1c0:   00007ff5ac008260 00007ff5ac0085f0
0x00007000012cc1d0:   00007000012cc200 0000000000000040
0x00007000012cc1e0:   00007ff5a860e890 0000000000007fd8
0x00007000012cc1f0:   00007000012cc220 000000010b8a4bf1
0x00007000012cc200:   0000000000b2903b 0000000000000148
0x00007000012cc210:   00007ff5ac008710 00007ff5ac0087c0
0x00007000012cc220:   00007000012cc250 000000010b924028
0x00007000012cc230:   00007000012cc3b8 00007ff5ab826d40
0x00007000012cc240:   00007000012cc3b8 00007ff5ac013790
0x00007000012cc250:   00007000012cc2a0 000000010b92068b
0x00007000012cc260:   00007ff5ac008710 00007000012cc700
0x00007000012cc270:   00007000012cc290 00007000012cc700
0x00007000012cc280:   0000000000000026 00007ff5a8866310
0x00007000012cc290:   0000000000000000 00007ff5ab826d40
0x00007000012cc2a0:   00007000012cc2c0 000000010b919a2c
0x00007000012cc2b0:   00007ff5ab822aa0 00007000012cc3b8
0x00007000012cc2c0:   00007000012cc2f0 000000010b921b67
0x00007000012cc2d0:   00007ff5ab0212c0 0000000000000055
0x00007000012cc2e0:   00007000012cc3c0 00007ff5a9082e10
0x00007000012cc2f0:   00007000012cc320 000000010b8fe726
0x00007000012cc300:   00007000012cc700 0000000000000011
0x00007000012cc310:   00007000012cc378 0000000000000001
0x00007000012cc320:   00007000012cc500 000000010b8e813d
0x00007000012cc330:   00007ff5a9082e10 0000000000000055
0x00007000012cc340:   0000000000000055 00007ff5aa150bd0 

Instructions: (pc=0x000000010b8a5450)
0x000000010b8a5430:   83 ec 30 89 d3 49 89 f6 49 89 ff 48 8d 7d b0 e8
0x000000010b8a5440:   1c 21 4c 00 49 ff 47 10 4d 8b 27 4d 85 e4 74 19
0x000000010b8a5450:   49 8b 04 24 49 89 07 49 ff 4f 08 48 8d 7d b0 e8
0x000000010b8a5460:   90 20 4c 00 e9 ad 00 00 00 48 8d 7d b0 e8 82 20 

Register to memory mapping:

RAX=0x0000000000000000 is an unknown value
RBX=0x0000000000000000 is an unknown value
RCX=0x002bd500002bd500 is an unknown value
RDX=0x0000000000000000 is an unknown value
RSP=0x00007000012cc150 is pointing into the stack for thread: 0x00007ff5a8852800
RBP=0x00007000012cc1a0 is pointing into the stack for thread: 0x00007ff5a8852800
RSI=0x002bd500002bd603 is an unknown value
RDI=0x000000010c02bff0: _ZL8tc_mutex+0 in /Library/Java/JavaVirtualMachines/jdk1.8.0_91.jdk/Contents/Home/jre/lib/server/libjvm.dylib at 0x000000010b800000
R8 =0x000000010c02c008: _ZL8tc_mutex+0x18 in /Library/Java/JavaVirtualMachines/jdk1.8.0_91.jdk/Contents/Home/jre/lib/server/libjvm.dylib at 0x000000010b800000
R9 =0x00000000000b68b6 is an unknown value
R10=0x000000010c02c010: _ZL8tc_mutex+0x20 in /Library/Java/JavaVirtualMachines/jdk1.8.0_91.jdk/Contents/Home/jre/lib/server/libjvm.dylib at 0x000000010b800000
R11=0xffffffff00000000 is an unknown value
R12=0x39b684e239b684e2 is an unknown value
R13=0x0000000000b2903b is an unknown value
R14=0x0000000000007fe8 is an unknown value
R15=0x00007ff5a8602320 is an unknown value


Stack: [0x00007000011cd000,0x00007000012cd000],  sp=0x00007000012cc150,  free space=1020k
Native frames: (J=compiled Java code, j=interpreted, Vv=VM code, C=native code)
V  [libjvm.dylib+0xa5450]
V  [libjvm.dylib+0xa4ad0]
V  [libjvm.dylib+0xa4bf1]
V  [libjvm.dylib+0x124028]
V  [libjvm.dylib+0x12068b]
V  [libjvm.dylib+0x119a2c]
V  [libjvm.dylib+0x121b67]
V  [libjvm.dylib+0xfe726]
V  [libjvm.dylib+0xe813d]
V  [libjvm.dylib+0xe84ba]
V  [libjvm.dylib+0xe8657]
V  [libjvm.dylib+0xe886c]
V  [libjvm.dylib+0xe8fee]
V  [libjvm.dylib+0x1b603e]
V  [libjvm.dylib+0x1b8585]
V  [libjvm.dylib+0x563d17]
V  [libjvm.dylib+0x565412]
V  [libjvm.dylib+0x484f82]
C  [libsystem_pthread.dylib+0x399d]  _pthread_body+0x83
C  [libsystem_pthread.dylib+0x391a]  _pthread_body+0x0
C  [libsystem_pthread.dylib+0x1351]  thread_start+0xd
C  0x0000000000000000


Current CompileTask:
C1:   2225  161 % !   3      
[error occurred during error reporting (printing current compile task), id 0xb]


---------------  P R O C E S S  ---------------

Java Threads: ( => current thread )
  0x00007ff5a884c800 JavaThread "Service Thread" daemon [_thread_blocked, id=20995, stack(0x00007000012d0000,0x00007000013d0000)]
=>0x00007ff5a8852800 JavaThread "C1 CompilerThread3" daemon [_thread_in_native, id=20483, stack(0x00007000011cd000,0x00007000012cd000)]
  0x00007ff5aa021000 JavaThread "C2 CompilerThread2" daemon [_thread_blocked, id=19971, stack(0x00007000010ca000,0x00007000011ca000)]
  0x00007ff5aa018000 JavaThread "C2 CompilerThread1" daemon [_thread_blocked, id=19459, stack(0x0000700000fc7000,0x00007000010c7000)]
  0x00007ff5a901c000 JavaThread "C2 CompilerThread0" daemon [_thread_blocked, id=18947, stack(0x0000700000ec4000,0x0000700000fc4000)]
  0x00007ff5a901b800 JavaThread "Signal Dispatcher" daemon [_thread_blocked, id=15887, stack(0x0000700000dc1000,0x0000700000ec1000)]
  0x00007ff5aa836800 JavaThread "Finalizer" daemon [_thread_blocked, id=14339, stack(0x0000700000c3b000,0x0000700000d3b000)]
  0x00007ff5aa007800 JavaThread "Reference Handler" daemon [_thread_blocked, id=13827, stack(0x0000700000b38000,0x0000700000c38000)]
  0x00007ff5aa802800 JavaThread "main" [_thread_in_native, id=5891, stack(0x000070000011a000,0x000070000021a000)]

Other Threads:
  0x00007ff5aa835800 VMThread [stack: 0x0000700000a35000,0x0000700000b35000] [id=13315]
  0x00007ff5a8853800 WatcherThread [stack: 0x00007000013d3000,0x00007000014d3000] [id=21507]

VM state:not at safepoint (normal execution)

VM Mutex/Monitor currently owned by a thread: None

Heap:
 PSYoungGen      total 76288K, used 41944K [0x000000076ab00000, 0x0000000770000000, 0x00000007c0000000)
  eden space 65536K, 64% used [0x000000076ab00000,0x000000076d3f61b8,0x000000076eb00000)
  from space 10752K, 0% used [0x000000076f580000,0x000000076f580000,0x0000000770000000)
  to   space 10752K, 0% used [0x000000076eb00000,0x000000076eb00000,0x000000076f580000)
 ParOldGen       total 175104K, used 0K [0x00000006c0000000, 0x00000006cab00000, 0x000000076ab00000)
  object space 175104K, 0% used [0x00000006c0000000,0x00000006c0000000,0x00000006cab00000)
 Metaspace       used 2964K, capacity 4664K, committed 4864K, reserved 1056768K
  class space    used 326K, capacity 424K, committed 512K, reserved 1048576K

Card table byte_map: [0x000000011bb54000,0x000000011c355000] byte_map_base: 0x0000000118554000

Marking Bits: (ParMarkBitMap*) 0x000000010c0e6eb0
 Begin Bits: [0x000000011c8ab000, 0x00000001208ab000)
 End Bits:   [0x00000001208ab000, 0x00000001248ab000)

Polling page: 0x000000010a7b3000

CodeCache: size=245760Kb used=1422Kb max_used=1438Kb free=244337Kb
 bounds [0x000000010c794000, 0x000000010ca04000, 0x000000011b794000]
 total_blobs=398 nmethods=160 adapters=152
 compilation: enabled

Compilation events (10 events):
Event: 0.275 Thread 0x00007ff5a901c000 nmethod 157 0x000000010c8ed610 code [0x000000010c8ed800, 0x000000010c8ee5a8]
Event: 0.276 Thread 0x00007ff5a901c000  158       4       java.lang.StringBuilder::<init> (18 bytes)
Event: 0.277 Thread 0x00007ff5aa018000 nmethod 156 0x000000010c8f4310 code [0x000000010c8f44c0, 0x000000010c8f4f98]
Event: 0.283 Thread 0x00007ff5a901c000 nmethod 158 0x000000010c8f84d0 code [0x000000010c8f8640, 0x000000010c8f8af8]
Event: 0.284 Thread 0x00007ff5aa018000  159       4       com.portaudio.BlockingStream::read (25 bytes)
Event: 0.285 Thread 0x00007ff5aa018000 nmethod 159 0x000000010c8e6490 code [0x000000010c8e65e0, 0x000000010c8e6688]
Event: 0.290 Thread 0x00007ff5aa021000 nmethod 155 0x000000010c8fbb90 code [0x000000010c8fbde0, 0x000000010c8fd3a0]
Event: 0.381 Thread 0x00007ff5a901c000  160       4       com.portaudio.BlockingStream::write (25 bytes)
Event: 0.381 Thread 0x00007ff5a901c000 nmethod 160 0x000000010c8ec610 code [0x000000010c8ec760, 0x000000010c8ec808]
Event: 2.213 Thread 0x00007ff5a8852800  161 % !   3       core.PortAudioAudioServer::run @ 239 (402 bytes)

GC Heap History (0 events):
No events

Deoptimization events (0 events):
No events

Internal exceptions (2 events):
Event: 0.026 Thread 0x00007ff5aa802800 Exception <a 'java/lang/NoSuchMethodError': Method sun.misc.Unsafe.defineClass(Ljava/lang/String;[BII)Ljava/lang/Class; name or signature does not match> (0x000000076ab07cc0) thrown at [/Users/java_re/workspace/8-2-build-macosx-x86_64/jdk8u91/6644/hotspot
Event: 0.026 Thread 0x00007ff5aa802800 Exception <a 'java/lang/NoSuchMethodError': Method sun.misc.Unsafe.prefetchRead(Ljava/lang/Object;J)V name or signature does not match> (0x000000076ab07fa8) thrown at [/Users/java_re/workspace/8-2-build-macosx-x86_64/jdk8u91/6644/hotspot/src/share/vm/prim

Events (10 events):
Event: 0.091 loading class com/portaudio/PortAudio
Event: 0.091 loading class com/portaudio/PortAudio done
Event: 0.092 loading class java/lang/ClassLoaderHelper
Event: 0.092 loading class java/lang/ClassLoaderHelper done
Event: 0.150 loading class com/portaudio/StreamParameters
Event: 0.150 loading class com/portaudio/StreamParameters done
Event: 0.150 loading class com/portaudio/DeviceInfo
Event: 0.150 loading class com/portaudio/DeviceInfo done
Event: 0.151 loading class com/portaudio/BlockingStream
Event: 0.151 loading class com/portaudio/BlockingStream done


Dynamic libraries:
0x000000000b75e000 	/System/Library/Frameworks/Cocoa.framework/Versions/A/Cocoa
0x000000000b75e000 	/System/Library/Frameworks/Security.framework/Versions/A/Security
0x000000000b75e000 	/System/Library/Frameworks/ApplicationServices.framework/Versions/A/ApplicationServices
0x000000000b75e000 	/usr/lib/libz.1.dylib
0x000000000b75e000 	/usr/lib/libSystem.B.dylib
0x000000000b75e000 	/usr/lib/libobjc.A.dylib
0x000000000b75e000 	/System/Library/Frameworks/CoreFoundation.framework/Versions/A/CoreFoundation
0x000000000b75e000 	/System/Library/Frameworks/Foundation.framework/Versions/C/Foundation
0x000000000b75e000 	/System/Library/Frameworks/AppKit.framework/Versions/C/AppKit
0x000000000b75e000 	/System/Library/Frameworks/CoreData.framework/Versions/A/CoreData
0x000000000b75e000 	/System/Library/PrivateFrameworks/RemoteViewServices.framework/Versions/A/RemoteViewServices
0x000000000b75e000 	/System/Library/PrivateFrameworks/UIFoundation.framework/Versions/A/UIFoundation
0x000000000b75e000 	/usr/lib/libScreenReader.dylib
0x000000000b75e000 	/System/Library/Frameworks/Accelerate.framework/Versions/A/Accelerate
0x000000000b75e000 	/System/Library/Frameworks/IOSurface.framework/Versions/A/IOSurface
0x000000000b75e000 	/System/Library/Frameworks/AudioToolbox.framework/Versions/A/AudioToolbox
0x000000000b75e000 	/System/Library/Frameworks/AudioUnit.framework/Versions/A/AudioUnit
0x000000000b75e000 	/System/Library/PrivateFrameworks/DataDetectorsCore.framework/Versions/A/DataDetectorsCore
0x000000000b75e000 	/System/Library/PrivateFrameworks/DesktopServicesPriv.framework/Versions/A/DesktopServicesPriv
0x000000000b75e000 	/System/Library/Frameworks/Carbon.framework/Versions/A/Frameworks/HIToolbox.framework/Versions/A/HIToolbox
0x000000000b75e000 	/System/Library/Frameworks/QuartzCore.framework/Versions/A/QuartzCore
0x000000000b75e000 	/System/Library/Frameworks/Carbon.framework/Versions/A/Frameworks/SpeechRecognition.framework/Versions/A/SpeechRecognition
0x000000000b75e000 	/usr/lib/libauto.dylib
0x000000000b75e000 	/usr/lib/libicucore.A.dylib
0x000000000b75e000 	/usr/lib/libxml2.2.dylib
0x000000000b75e000 	/System/Library/PrivateFrameworks/CoreUI.framework/Versions/A/CoreUI
0x000000000b75e000 	/System/Library/Frameworks/CoreAudio.framework/Versions/A/CoreAudio
0x000000000b75e000 	/System/Library/Frameworks/DiskArbitration.framework/Versions/A/DiskArbitration
0x000000000b75e000 	/usr/lib/liblangid.dylib
0x000000000b75e000 	/System/Library/PrivateFrameworks/MultitouchSupport.framework/Versions/A/MultitouchSupport
0x000000000b75e000 	/System/Library/Frameworks/IOKit.framework/Versions/A/IOKit
0x000000000b75e000 	/usr/lib/libDiagnosticMessagesClient.dylib
0x000000000b75e000 	/System/Library/Frameworks/CoreServices.framework/Versions/A/CoreServices
0x000000000b75e000 	/System/Library/PrivateFrameworks/PerformanceAnalysis.framework/Versions/A/PerformanceAnalysis
0x000000000b75e000 	/System/Library/PrivateFrameworks/GenerationalStorage.framework/Versions/A/GenerationalStorage
0x000000000b75e000 	/System/Library/Frameworks/OpenGL.framework/Versions/A/OpenGL
0x000000000b75e000 	/System/Library/PrivateFrameworks/Sharing.framework/Versions/A/Sharing
0x000000000b75e000 	/System/Library/Frameworks/CoreGraphics.framework/Versions/A/CoreGraphics
0x000000000b75e000 	/System/Library/Frameworks/CoreImage.framework/Versions/A/CoreImage
0x000000000b75e000 	/System/Library/Frameworks/CoreText.framework/Versions/A/CoreText
0x000000000b75e000 	/System/Library/Frameworks/ImageIO.framework/Versions/A/ImageIO
0x000000000b75e000 	/System/Library/PrivateFrameworks/Backup.framework/Versions/A/Backup
0x000000000b75e000 	/usr/lib/libextension.dylib
0x000000000b75e000 	/usr/lib/libarchive.2.dylib
0x000000000b75e000 	/System/Library/Frameworks/CFNetwork.framework/Versions/A/CFNetwork
0x000000000b75e000 	/System/Library/Frameworks/SystemConfiguration.framework/Versions/A/SystemConfiguration
0x000000000b75e000 	/usr/lib/libCRFSuite.dylib
0x000000000b75e000 	/usr/lib/libc++.1.dylib
0x000000000b75e000 	/usr/lib/libc++abi.dylib
0x000000000b75e000 	/usr/lib/system/libcache.dylib
0x000000000b75e000 	/usr/lib/system/libcommonCrypto.dylib
0x000000000b75e000 	/usr/lib/system/libcompiler_rt.dylib
0x000000000b75e000 	/usr/lib/system/libcopyfile.dylib
0x000000000b75e000 	/usr/lib/system/libcorecrypto.dylib
0x000000000b75e000 	/usr/lib/system/libdispatch.dylib
0x000000000b75e000 	/usr/lib/system/libdyld.dylib
0x000000000b75e000 	/usr/lib/system/libkeymgr.dylib
0x000000000b75e000 	/usr/lib/system/liblaunch.dylib
0x000000000b75e000 	/usr/lib/system/libmacho.dylib
0x000000000b75e000 	/usr/lib/system/libquarantine.dylib
0x000000000b75e000 	/usr/lib/system/libremovefile.dylib
0x000000000b75e000 	/usr/lib/system/libsystem_asl.dylib
0x000000000b75e000 	/usr/lib/system/libsystem_blocks.dylib
0x000000000b75e000 	/usr/lib/system/libsystem_c.dylib
0x000000000b75e000 	/usr/lib/system/libsystem_configuration.dylib
0x000000000b75e000 	/usr/lib/system/libsystem_coreservices.dylib
0x000000000b75e000 	/usr/lib/system/libsystem_coretls.dylib
0x000000000b75e000 	/usr/lib/system/libsystem_dnssd.dylib
0x000000000b75e000 	/usr/lib/system/libsystem_info.dylib
0x000000000b75e000 	/usr/lib/system/libsystem_kernel.dylib
0x000000000b75e000 	/usr/lib/system/libsystem_m.dylib
0x000000000b75e000 	/usr/lib/system/libsystem_malloc.dylib
0x000000000b75e000 	/usr/lib/system/libsystem_network.dylib
0x000000000b75e000 	/usr/lib/system/libsystem_networkextension.dylib
0x000000000b75e000 	/usr/lib/system/libsystem_notify.dylib
0x000000000b75e000 	/usr/lib/system/libsystem_platform.dylib
0x000000000b75e000 	/usr/lib/system/libsystem_pthread.dylib
0x000000000b75e000 	/usr/lib/system/libsystem_sandbox.dylib
0x000000000b75e000 	/usr/lib/system/libsystem_secinit.dylib
0x000000000b75e000 	/usr/lib/system/libsystem_trace.dylib
0x000000000b75e000 	/usr/lib/system/libunc.dylib
0x000000000b75e000 	/usr/lib/system/libunwind.dylib
0x000000000b75e000 	/usr/lib/system/libxpc.dylib
0x000000000b75e000 	/usr/lib/libenergytrace.dylib
0x000000000b75e000 	/usr/lib/libbsm.0.dylib
0x000000000b75e000 	/usr/lib/system/libkxld.dylib
0x000000000b75e000 	/usr/lib/libxar.1.dylib
0x000000000b75e000 	/usr/lib/libsqlite3.dylib
0x000000000b75e000 	/usr/lib/libpam.2.dylib
0x000000000b75e000 	/usr/lib/libOpenScriptingUtil.dylib
0x000000000b75e000 	/usr/lib/libbz2.1.0.dylib
0x000000000b75e000 	/usr/lib/liblzma.5.dylib
0x000000000b75e000 	/System/Library/Frameworks/CoreServices.framework/Versions/A/Frameworks/FSEvents.framework/Versions/A/FSEvents
0x000000000b75e000 	/System/Library/Frameworks/CoreServices.framework/Versions/A/Frameworks/CarbonCore.framework/Versions/A/CarbonCore
0x000000000b75e000 	/System/Library/Frameworks/CoreServices.framework/Versions/A/Frameworks/Metadata.framework/Versions/A/Metadata
0x000000000b75e000 	/System/Library/Frameworks/CoreServices.framework/Versions/A/Frameworks/OSServices.framework/Versions/A/OSServices
0x000000000b75e000 	/System/Library/Frameworks/CoreServices.framework/Versions/A/Frameworks/SearchKit.framework/Versions/A/SearchKit
0x000000000b75e000 	/System/Library/Frameworks/CoreServices.framework/Versions/A/Frameworks/AE.framework/Versions/A/AE
0x000000000b75e000 	/System/Library/Frameworks/CoreServices.framework/Versions/A/Frameworks/LaunchServices.framework/Versions/A/LaunchServices
0x000000000b75e000 	/System/Library/Frameworks/CoreServices.framework/Versions/A/Frameworks/DictionaryServices.framework/Versions/A/DictionaryServices
0x000000000b75e000 	/System/Library/Frameworks/CoreServices.framework/Versions/A/Frameworks/SharedFileList.framework/Versions/A/SharedFileList
0x000000000b75e000 	/System/Library/Frameworks/NetFS.framework/Versions/A/NetFS
0x000000000b75e000 	/System/Library/PrivateFrameworks/NetAuth.framework/Versions/A/NetAuth
0x000000000b75e000 	/System/Library/PrivateFrameworks/login.framework/Versions/A/Frameworks/loginsupport.framework/Versions/A/loginsupport
0x000000000b75e000 	/System/Library/PrivateFrameworks/TCC.framework/Versions/A/TCC
0x000000000b75e000 	/usr/lib/libmecabra.dylib
0x000000000b75e000 	/System/Library/Frameworks/ApplicationServices.framework/Versions/A/Frameworks/ATS.framework/Versions/A/ATS
0x000000000b75e000 	/System/Library/Frameworks/ApplicationServices.framework/Versions/A/Frameworks/ColorSync.framework/Versions/A/ColorSync
0x000000000b75e000 	/System/Library/Frameworks/ApplicationServices.framework/Versions/A/Frameworks/HIServices.framework/Versions/A/HIServices
0x000000000b75e000 	/System/Library/Frameworks/ApplicationServices.framework/Versions/A/Frameworks/LangAnalysis.framework/Versions/A/LangAnalysis
0x000000000b75e000 	/System/Library/Frameworks/ApplicationServices.framework/Versions/A/Frameworks/PrintCore.framework/Versions/A/PrintCore
0x000000000b75e000 	/System/Library/Frameworks/ApplicationServices.framework/Versions/A/Frameworks/QD.framework/Versions/A/QD
0x000000000b75e000 	/System/Library/Frameworks/ApplicationServices.framework/Versions/A/Frameworks/SpeechSynthesis.framework/Versions/A/SpeechSynthesis
0x000000000b75e000 	/System/Library/Frameworks/Metal.framework/Versions/A/Metal
0x000000000b75e000 	/System/Library/Frameworks/Accelerate.framework/Versions/A/Frameworks/vImage.framework/Versions/A/vImage
0x000000000b75e000 	/System/Library/Frameworks/Accelerate.framework/Versions/A/Frameworks/vecLib.framework/Versions/A/vecLib
0x000000000b75e000 	/System/Library/Frameworks/Accelerate.framework/Versions/A/Frameworks/vecLib.framework/Versions/A/libvDSP.dylib
0x000000000b75e000 	/System/Library/Frameworks/Accelerate.framework/Versions/A/Frameworks/vecLib.framework/Versions/A/libvMisc.dylib
0x000000000b75e000 	/System/Library/Frameworks/Accelerate.framework/Versions/A/Frameworks/vecLib.framework/Versions/A/libLAPACK.dylib
0x000000000b75e000 	/System/Library/Frameworks/Accelerate.framework/Versions/A/Frameworks/vecLib.framework/Versions/A/libBLAS.dylib
0x000000000b75e000 	/System/Library/Frameworks/Accelerate.framework/Versions/A/Frameworks/vecLib.framework/Versions/A/libLinearAlgebra.dylib
0x000000000b75e000 	/System/Library/Frameworks/Accelerate.framework/Versions/A/Frameworks/vecLib.framework/Versions/A/libSparseBLAS.dylib
0x000000000b75e000 	/System/Library/PrivateFrameworks/GPUCompiler.framework/libmetal_timestamp.dylib
0x000000000b75e000 	/System/Library/Frameworks/OpenGL.framework/Versions/A/Libraries/libCoreFSCache.dylib
0x000000000b75e000 	/System/Library/PrivateFrameworks/IOAccelerator.framework/Versions/A/IOAccelerator
0x000000000b75e000 	/System/Library/Frameworks/ApplicationServices.framework/Versions/A/Frameworks/ATS.framework/Versions/A/Resources/libFontParser.dylib
0x000000000b75e000 	/System/Library/Frameworks/ApplicationServices.framework/Versions/A/Frameworks/ATS.framework/Versions/A/Resources/libFontRegistry.dylib
0x000000000b75e000 	/System/Library/PrivateFrameworks/AppleVPA.framework/Versions/A/AppleVPA
0x000000000b75e000 	/System/Library/PrivateFrameworks/AppleJPEG.framework/Versions/A/AppleJPEG
0x000000000b75e000 	/System/Library/Frameworks/ImageIO.framework/Versions/A/Resources/libJPEG.dylib
0x000000000b75e000 	/System/Library/Frameworks/ImageIO.framework/Versions/A/Resources/libTIFF.dylib
0x000000000b75e000 	/System/Library/Frameworks/ImageIO.framework/Versions/A/Resources/libPng.dylib
0x000000000b75e000 	/System/Library/Frameworks/ImageIO.framework/Versions/A/Resources/libGIF.dylib
0x000000000b75e000 	/System/Library/Frameworks/ImageIO.framework/Versions/A/Resources/libJP2.dylib
0x000000000b75e000 	/System/Library/Frameworks/ImageIO.framework/Versions/A/Resources/libRadiance.dylib
0x000000000b75e000 	/System/Library/Frameworks/CoreVideo.framework/Versions/A/CoreVideo
0x000000000b75e000 	/System/Library/Frameworks/OpenGL.framework/Versions/A/Libraries/libGLU.dylib
0x000000000b75e000 	/System/Library/Frameworks/OpenGL.framework/Versions/A/Libraries/libGFXShared.dylib
0x000000000b75e000 	/System/Library/Frameworks/OpenGL.framework/Versions/A/Libraries/libGL.dylib
0x000000000b75e000 	/System/Library/Frameworks/OpenGL.framework/Versions/A/Libraries/libGLImage.dylib
0x000000000b75e000 	/System/Library/Frameworks/OpenGL.framework/Versions/A/Libraries/libCVMSPluginSupport.dylib
0x000000000b75e000 	/System/Library/Frameworks/OpenGL.framework/Versions/A/Libraries/libCoreVMClient.dylib
0x000000000b75e000 	/usr/lib/libcompression.dylib
0x000000000b75e000 	/usr/lib/libcups.2.dylib
0x000000000b75e000 	/System/Library/Frameworks/Kerberos.framework/Versions/A/Kerberos
0x000000000b75e000 	/System/Library/Frameworks/GSS.framework/Versions/A/GSS
0x000000000b75e000 	/usr/lib/libresolv.9.dylib
0x000000000b75e000 	/usr/lib/libiconv.2.dylib
0x000000000b75e000 	/System/Library/PrivateFrameworks/Heimdal.framework/Versions/A/Heimdal
0x000000000b75e000 	/usr/lib/libheimdal-asn1.dylib
0x000000000b75e000 	/System/Library/Frameworks/OpenDirectory.framework/Versions/A/OpenDirectory
0x000000000b75e000 	/System/Library/PrivateFrameworks/CommonAuth.framework/Versions/A/CommonAuth
0x000000000b75e000 	/System/Library/Frameworks/OpenDirectory.framework/Versions/A/Frameworks/CFOpenDirectory.framework/Versions/A/CFOpenDirectory
0x000000000b75e000 	/System/Library/Frameworks/SecurityFoundation.framework/Versions/A/SecurityFoundation
0x000000000b75e000 	/System/Library/PrivateFrameworks/LanguageModeling.framework/Versions/A/LanguageModeling
0x000000000b75e000 	/usr/lib/libmarisa.dylib
0x000000000b75e000 	/usr/lib/libChineseTokenizer.dylib
0x000000000b75e000 	/usr/lib/libcmph.dylib
0x000000000b75e000 	/System/Library/Frameworks/ServiceManagement.framework/Versions/A/ServiceManagement
0x000000000b75e000 	/usr/lib/libxslt.1.dylib
0x000000000b75e000 	/System/Library/Frameworks/Carbon.framework/Versions/A/Frameworks/Ink.framework/Versions/A/Ink
0x000000000b75e000 	/usr/lib/libFosl_dynamic.dylib
0x000000000b75e000 	/System/Library/PrivateFrameworks/FaceCore.framework/Versions/A/FaceCore
0x000000000b75e000 	/System/Library/Frameworks/OpenCL.framework/Versions/A/OpenCL
0x000000000b75e000 	/System/Library/PrivateFrameworks/CrashReporterSupport.framework/Versions/A/CrashReporterSupport
0x000000000b75e000 	/System/Library/PrivateFrameworks/IconServices.framework/Versions/A/IconServices
0x000000000b75e000 	/System/Library/PrivateFrameworks/Apple80211.framework/Versions/A/Apple80211
0x000000000b75e000 	/System/Library/Frameworks/CoreWLAN.framework/Versions/A/CoreWLAN
0x000000000b75e000 	/System/Library/Frameworks/IOBluetooth.framework/Versions/A/IOBluetooth
0x000000000b75e000 	/System/Library/PrivateFrameworks/CoreWiFi.framework/Versions/A/CoreWiFi
0x000000000b75e000 	/System/Library/Frameworks/CoreBluetooth.framework/Versions/A/CoreBluetooth
0x000000000b75e000 	/System/Library/PrivateFrameworks/ChunkingLibrary.framework/Versions/A/ChunkingLibrary
0x000000000b75e000 	/System/Library/PrivateFrameworks/DebugSymbols.framework/Versions/A/DebugSymbols
0x000000000b75e000 	/System/Library/PrivateFrameworks/CoreSymbolication.framework/Versions/A/CoreSymbolication
0x000000000b75e000 	/System/Library/PrivateFrameworks/Symbolication.framework/Versions/A/Symbolication
0x000000000b75e000 	/System/Library/PrivateFrameworks/SpeechRecognitionCore.framework/Versions/A/SpeechRecognitionCore
0x000000010b800000 	/Library/Java/JavaVirtualMachines/jdk1.8.0_91.jdk/Contents/Home/jre/lib/server/libjvm.dylib
0x000000000b75e000 	/usr/lib/libstdc++.6.dylib
0x000000010a770000 	/Library/Java/JavaVirtualMachines/jdk1.8.0_91.jdk/Contents/Home/jre/lib/libverify.dylib
0x000000010a77e000 	/Library/Java/JavaVirtualMachines/jdk1.8.0_91.jdk/Contents/Home/jre/lib/libjava.dylib
0x000000010a7bd000 	/Library/Java/JavaVirtualMachines/jdk1.8.0_91.jdk/Contents/Home/jre/lib/libzip.dylib
0x0000000127821000 	/System/Library/Frameworks/JavaVM.framework/Frameworks/JavaRuntimeSupport.framework/JavaRuntimeSupport
0x000000012783c000 	/System/Library/Frameworks/JavaVM.framework/Versions/A/Frameworks/JavaNativeFoundation.framework/Versions/A/JavaNativeFoundation
0x000000010a7ef000 	/System/Library/Frameworks/JavaVM.framework/Versions/A/JavaVM
0x000000000b75e000 	/System/Library/Frameworks/Carbon.framework/Versions/A/Carbon
0x0000000127851000 	/System/Library/PrivateFrameworks/JavaLaunching.framework/Versions/A/JavaLaunching
0x000000000b75e000 	/System/Library/Frameworks/Carbon.framework/Versions/A/Frameworks/CommonPanels.framework/Versions/A/CommonPanels
0x000000000b75e000 	/System/Library/Frameworks/Carbon.framework/Versions/A/Frameworks/Help.framework/Versions/A/Help
0x000000000b75e000 	/System/Library/Frameworks/Carbon.framework/Versions/A/Frameworks/ImageCapture.framework/Versions/A/ImageCapture
0x000000000b75e000 	/System/Library/Frameworks/Carbon.framework/Versions/A/Frameworks/OpenScripting.framework/Versions/A/OpenScripting
0x000000000b75e000 	/System/Library/Frameworks/Carbon.framework/Versions/A/Frameworks/Print.framework/Versions/A/Print
0x000000000b75e000 	/System/Library/Frameworks/Carbon.framework/Versions/A/Frameworks/SecurityHI.framework/Versions/A/SecurityHI
0x0000000129188000 	/Users/codeandchords/Documents/CodeAndChords/Visuals/Eclipse/workspace/CodeAndChordsEclipseProject/libs/libjportaudio.jnilib
0x000000012918e000 	/usr/local/lib/libportaudio.2.dylib
0x00000001291a6000 	/System/Library/Extensions/AppleHDA.kext/Contents/PlugIns/AppleHDAHALPlugIn.bundle/Contents/MacOS/AppleHDAHALPlugIn
0x00000001291b1000 	/Library/Audio/Plug-Ins/HAL/JackRouter.plugin/Contents/MacOS/JackRouter
0x00000001291f4000 	/usr/local/lib/libjack.0.dylib
0x000000000b75e000 	/System/Library/PrivateFrameworks/CoreServicesInternal.framework/Versions/A/CoreServicesInternal
0x00000001293e5000 	/System/Library/Components/CoreAudio.component/Contents/MacOS/CoreAudio

VM Arguments:
jvm_args: -Djava.library.path=/Users/codeandchords/Documents/CodeAndChords/Visuals/Eclipse/workspace/CodeAndChordsEclipseProject/libs -Dfile.encoding=UTF-8 
java_command: multiInputTest.Driver
java_class_path (initial): /Users/codeandchords/Documents/CodeAndChords/Visuals/Eclipse/workspace/CodeAndChordsEclipseProject/bin:/Users/codeandchords/Documents/CodeAndChords/Visuals/Eclipse/workspace/CodeAndChordsEclipseProject/core.jar:/Users/codeandchords/Documents/CodeAndChords/Visuals/Eclipse/workspace/CodeAndChordsEclipseProject/beads-io.jar:/Users/codeandchords/Documents/CodeAndChords/Visuals/Eclipse/workspace/CodeAndChordsEclipseProject/beads.jar:/Users/codeandchords/Documents/CodeAndChords/Visuals/Eclipse/workspace/CodeAndChordsEclipseProject/controlP5.jar:/Users/codeandchords/Documents/CodeAndChords/Visuals/Eclipse/workspace/CodeAndChordsEclipseProject/sound.jar:/Users/codeandchords/Documents/CodeAndChords/Visuals/Eclipse/workspace/CodeAndChordsEclipseProject/org-jaudiolibs-audioservers.jar:/Users/codeandchords/Documents/CodeAndChords/Visuals/Eclipse/workspace/CodeAndChordsEclipseProject/jportaudio.jar
Launcher Type: SUN_STANDARD

Environment Variables:
PATH=/usr/bin:/bin:/usr/sbin:/sbin
SHELL=/bin/bash

Signal Handlers:
SIGSEGV: [libjvm.dylib+0x5a97a1], sa_mask[0]=11111111011111110111111111111111, sa_flags=SA_ONSTACK|SA_RESTART|SA_SIGINFO
SIGBUS: [libjvm.dylib+0x5a97a1], sa_mask[0]=11111111011111110111111111111111, sa_flags=SA_RESTART|SA_SIGINFO
SIGFPE: [libjvm.dylib+0x482594], sa_mask[0]=11111111011111110111111111111111, sa_flags=SA_RESTART|SA_SIGINFO
SIGPIPE: [libjvm.dylib+0x482594], sa_mask[0]=11111111011111110111111111111111, sa_flags=SA_RESTART|SA_SIGINFO
SIGXFSZ: [libjvm.dylib+0x482594], sa_mask[0]=11111111011111110111111111111111, sa_flags=SA_RESTART|SA_SIGINFO
SIGILL: [libjvm.dylib+0x482594], sa_mask[0]=11111111011111110111111111111111, sa_flags=SA_RESTART|SA_SIGINFO
SIGUSR1: SIG_DFL, sa_mask[0]=00000000000000000000000000000000, sa_flags=none
SIGUSR2: [libjvm.dylib+0x4820b2], sa_mask[0]=00100000000000000000000000000000, sa_flags=SA_RESTART|SA_SIGINFO
SIGHUP: [libjvm.dylib+0x480689], sa_mask[0]=11111111011111110111111111111111, sa_flags=SA_RESTART|SA_SIGINFO
SIGINT: [libjvm.dylib+0x480689], sa_mask[0]=11111111011111110111111111111111, sa_flags=SA_RESTART|SA_SIGINFO
SIGTERM: [libjvm.dylib+0x480689], sa_mask[0]=11111111011111110111111111111111, sa_flags=SA_RESTART|SA_SIGINFO
SIGQUIT: [libjvm.dylib+0x480689], sa_mask[0]=11111111011111110111111111111111, sa_flags=SA_RESTART|SA_SIGINFO


---------------  S Y S T E M  ---------------

OS:Bsduname:Darwin 15.6.0 Darwin Kernel Version 15.6.0: Mon Aug 29 20:21:34 PDT 2016; root:xnu-3248.60.11~1/RELEASE_X86_64 x86_64
rlimit: STACK 8192k, CORE 0k, NPROC 709, NOFILE 10240, AS infinity
load average:2.57 2.38 2.08

CPU:total 8 (4 cores per cpu, 2 threads per core) family 6 model 70 stepping 1, cmov, cx8, fxsr, mmx, sse, sse2, sse3, ssse3, sse4.1, sse4.2, popcnt, avx, avx2, aes, clmul, erms, lzcnt, ht, tsc, tscinvbit, bmi1, bmi2

Memory: 4k page, physical 16777216k(1483392k free)

/proc/meminfo:


vm_info: Java HotSpot(TM) 64-Bit Server VM (25.91-b14) for bsd-amd64 JRE (1.8.0_91-b14), built on Apr  1 2016 01:03:00 by "java_re" with gcc 4.2.1 (Based on Apple Inc. build 5658) (LLVM build 2336.11.00)

time: Mon Jul  3 17:52:25 2017
elapsed time: 2 seconds (0d 0h 0m 2s)

