#
# A fatal error has been detected by the Java Runtime Environment:
#
#  SIGSEGV (0xb) at pc=0x000000010267a620, pid=30089, tid=13315
#
# JRE version: Java(TM) SE Runtime Environment (8.0_91-b14) (build 1.8.0_91-b14)
# Java VM: Java HotSpot(TM) 64-Bit Server VM (25.91-b14 mixed mode bsd-amd64 compressed oops)
# Problematic frame:
# V  [libjvm.dylib+0x47a620]  OopMapSet::find_map_at_offset(int) const+0x1e
#
# Failed to write core dump. Core dumps have been disabled. To enable core dumping, try "ulimit -c unlimited" before starting Java again
#
# If you would like to submit a bug report, please visit:
#   http://bugreport.java.com/bugreport/crash.jsp
#

---------------  T H R E A D  ---------------

Current thread (0x00007fa34a812000):  VMThread [stack: 0x0000700000a35000,0x0000700000b35000] [id=13315]

siginfo: si_signo: 11 (SIGSEGV), si_code: 0 (unknown), si_addr: 0x0000000000000000

Registers:
RAX=0x00000000bd164e64, RBX=0x0000700000b344b0, RCX=0x0000000000000000, RDX=0xbd0fc1a7bd0fc1a7
RSP=0x0000700000b34320, RBP=0x0000700000b34320, RSI=0x00000000000001f4, RDI=0x00007fa34c8c2200
R8 =0x0000000000000000, R9 =0x0000000000000400, R10=0x0000000000000002, R11=0x00007fa349e00000
R12=0x0000700000b344b0, R13=0x0000700000b34480, R14=0x0000700000b34480, R15=0x0000000000000014
RIP=0x000000010267a620, EFLAGS=0x0000000000010217, ERR=0x0000000000000000
  TRAPNO=0x000000000000000d

Top of Stack: (sp=0x0000700000b34320)
0x0000700000b34320:   0000700000b343a0 000000010267aed4
0x0000700000b34330:   0000000000000000 00007fa349e14520
0x0000700000b34340:   0000000500000008 18c1000000000006
0x0000700000b34350:   000000000000ffff 00007fa349e17f10
0x0000700000b34360:   00007fa349e14510 00007fa349e14520
0x0000700000b34370:   00007fa349e148f8 00000000000003d8
0x0000700000b34380:   0000700000b34438 0000700000b344b0
0x0000700000b34390:   0000700000219750 0000000000000014
0x0000700000b343a0:   0000700000b343f0 000000010244b480
0x0000700000b343b0:   0000700000b343f0 000000010319c2bd
0x0000700000b343c0:   00007000002197e0 0000700000b34438
0x0000700000b343d0:   0000700000b34438 00007fa349e06320
0x0000700000b343e0:   0000700000b344b0 0000700000b34480
0x0000700000b343f0:   0000700000b34420 000000010244b6b2
0x0000700000b34400:   0000700000b34480 0000000102adce49
0x0000700000b34410:   0000700000b34480 0000000000000001
0x0000700000b34420:   0000700000b34470 00000001023f20cd
0x0000700000b34430:   0000000000000000 0000700000219750
0x0000700000b34440:   00000001032fe354 00000001032fdf10
0x0000700000b34450:   0000700000b34470 000000010272c15c
0x0000700000b34460:   0000000102a2be30 0000000102a2be30
0x0000700000b34470:   0000700000b34a80 00000001027623b0
0x0000700000b34480:   0000700000219750 00000001032fe354
0x0000700000b34490:   00000001032fdf10 0000000000000000
0x0000700000b344a0:   000000076ab1ef38 0000700000219750
0x0000700000b344b0:   0000000000000000 0000000000000000
0x0000700000b344c0:   0000000000000000 0000000000000000
0x0000700000b344d0:   0000000000000000 0000000000000000
0x0000700000b344e0:   0000000000000000 0000000000000000
0x0000700000b344f0:   0000000000000000 0000000000000000
0x0000700000b34500:   0000700000219740 0000700000219740
0x0000700000b34510:   0000000000000000 0000000000000000 

Instructions: (pc=0x000000010267a620)
0x000000010267a600:   c3 90 55 48 89 e5 8b 07 31 c9 eb 0c 4c 8b 04 ca
0x000000010267a610:   41 39 30 7d 0b 48 ff c1 39 c1 48 8b 57 08 7c ec
0x000000010267a620:   48 8b 04 ca 5d c3 55 48 89 e5 48 8b 07 5d c3 90
0x000000010267a630:   55 48 89 e5 53 48 83 ec 08 48 8b 05 e8 bd 46 00 

Register to memory mapping:

RAX=0x00000000bd164e64 is an unknown value
RBX=0x0000700000b344b0 is an unknown value
RCX=0x0000000000000000 is an unknown value
RDX=0xbd0fc1a7bd0fc1a7 is an unknown value
RSP=0x0000700000b34320 is an unknown value
RBP=0x0000700000b34320 is an unknown value
RSI=0x00000000000001f4 is an unknown value
RDI=0x00007fa34c8c2200 is an unknown value
R8 =0x0000000000000000 is an unknown value
R9 =0x0000000000000400 is an unknown value
R10=0x0000000000000002 is an unknown value
R11=0x00007fa349e00000 is an unknown value
R12=0x0000700000b344b0 is an unknown value
R13=0x0000700000b34480 is an unknown value
R14=0x0000700000b34480 is an unknown value
R15=0x0000000000000014 is an unknown value


Stack: [0x0000700000a35000,0x0000700000b35000],  sp=0x0000700000b34320,  free space=1020k
Native frames: (J=compiled Java code, j=interpreted, Vv=VM code, C=native code)
V  [libjvm.dylib+0x47a620]  OopMapSet::find_map_at_offset(int) const+0x1e
V  [libjvm.dylib+0x47aed4]  OopMapSet::update_register_map(frame const*, RegisterMap*)+0x5c
V  [libjvm.dylib+0x24b480]  frame::sender_for_compiled_frame(RegisterMap*) const+0x70
V  [libjvm.dylib+0x24b6b2]  frame::sender(RegisterMap*) const+0x72
V  [libjvm.dylib+0x1f20cd]  StackFrameStream::next()+0x25
V  [libjvm.dylib+0x5623b0]  JavaThread::nmethods_do(CodeBlobClosure*)+0x58
V  [libjvm.dylib+0x5623e9]  Threads::nmethods_do(CodeBlobClosure*)+0x21
V  [libjvm.dylib+0x4db648]  SafepointSynchronize::do_cleanup_tasks()+0xaa
V  [libjvm.dylib+0x4dbc4e]  SafepointSynchronize::begin()+0x3f4
V  [libjvm.dylib+0x5af415]  VMThread::loop()+0x209
V  [libjvm.dylib+0x5aee53]  VMThread::run()+0x79
V  [libjvm.dylib+0x484f82]  java_start(Thread*)+0xf6
C  [libsystem_pthread.dylib+0x399d]  _pthread_body+0x83
C  [libsystem_pthread.dylib+0x391a]  _pthread_body+0x0
C  [libsystem_pthread.dylib+0x1351]  thread_start+0xd


---------------  P R O C E S S  ---------------

Java Threads: ( => current thread )
  0x00007fa34a832000 JavaThread "Service Thread" daemon [_thread_blocked, id=21251, stack(0x0000700001353000,0x0000700001453000)]
  0x00007fa34d01b800 JavaThread "C1 CompilerThread3" daemon [_thread_blocked, id=20739, stack(0x0000700001250000,0x0000700001350000)]
  0x00007fa34d01b000 JavaThread "C2 CompilerThread2" daemon [_thread_blocked, id=20227, stack(0x000070000114d000,0x000070000124d000)]
  0x00007fa34a035800 JavaThread "C2 CompilerThread1" daemon [_thread_blocked, id=19715, stack(0x000070000104a000,0x000070000114a000)]
  0x00007fa34c820800 JavaThread "C2 CompilerThread0" daemon [_thread_blocked, id=19203, stack(0x0000700000f47000,0x0000700001047000)]
  0x00007fa34c820000 JavaThread "Signal Dispatcher" daemon [_thread_blocked, id=14863, stack(0x0000700000e44000,0x0000700000f44000)]
  0x00007fa34d006800 JavaThread "Finalizer" daemon [_thread_blocked, id=14339, stack(0x0000700000c3b000,0x0000700000d3b000)]
  0x00007fa34a813000 JavaThread "Reference Handler" daemon [_thread_blocked, id=13827, stack(0x0000700000b38000,0x0000700000c38000)]
  0x00007fa34a803000 JavaThread "main" [_thread_blocked, id=5891, stack(0x000070000011a000,0x000070000021a000)]

Other Threads:
=>0x00007fa34a812000 VMThread [stack: 0x0000700000a35000,0x0000700000b35000] [id=13315]
  0x00007fa34b82e800 WatcherThread [stack: 0x0000700001456000,0x0000700001556000] [id=21763]

VM state:at safepoint (normal execution)

VM Mutex/Monitor currently owned by a thread:  ([mutex/lock_event])
[0x00007fa349c10760] Safepoint_lock - owner thread: 0x00007fa34a812000
[0x00007fa349c107e0] Threads_lock - owner thread: 0x00007fa34a812000

Heap:
 PSYoungGen      total 76288K, used 13107K [0x000000076ab00000, 0x0000000770000000, 0x00000007c0000000)
  eden space 65536K, 20% used [0x000000076ab00000,0x000000076b7cceb0,0x000000076eb00000)
  from space 10752K, 0% used [0x000000076f580000,0x000000076f580000,0x0000000770000000)
  to   space 10752K, 0% used [0x000000076eb00000,0x000000076eb00000,0x000000076f580000)
 ParOldGen       total 175104K, used 0K [0x00000006c0000000, 0x00000006cab00000, 0x000000076ab00000)
  object space 175104K, 0% used [0x00000006c0000000,0x00000006c0000000,0x00000006cab00000)
 Metaspace       used 2956K, capacity 4664K, committed 4864K, reserved 1056768K
  class space    used 324K, capacity 424K, committed 512K, reserved 1048576K

Card table byte_map: [0x0000000112554000,0x0000000112d55000] byte_map_base: 0x000000010ef54000

Marking Bits: (ParMarkBitMap*) 0x0000000102ae6eb0
 Begin Bits: [0x00000001132ab000, 0x00000001172ab000)
 End Bits:   [0x00000001172ab000, 0x000000011b2ab000)

Polling page: 0x0000000101059000

CodeCache: size=245760Kb used=1427Kb max_used=1443Kb free=244332Kb
 bounds [0x0000000103194000, 0x0000000103404000, 0x0000000112194000]
 total_blobs=403 nmethods=165 adapters=152
 compilation: enabled

Compilation events (10 events):
Event: 0.270 Thread 0x00007fa34d01b000  161   !   4       java.io.PrintStream::newLine (73 bytes)
Event: 0.277 Thread 0x00007fa34c820800 nmethod 160 0x00000001032f6310 code [0x00000001032f64c0, 0x00000001032f6f98]
Event: 0.277 Thread 0x00007fa34c820800  162       4       java.lang.StringBuilder::<init> (18 bytes)
Event: 0.282 Thread 0x00007fa34d01b000 nmethod 161 0x00000001032eb990 code [0x00000001032ebb80, 0x00000001032ec928]
Event: 0.283 Thread 0x00007fa34d01b000  164       4       com.portaudio.BlockingStream::write (25 bytes)
Event: 0.284 Thread 0x00007fa34d01b000 nmethod 164 0x00000001032dbb10 code [0x00000001032dbc60, 0x00000001032dbd08]
Event: 0.284 Thread 0x00007fa34c820800 nmethod 162 0x00000001032fd510 code [0x00000001032fd680, 0x00000001032fdb58]
Event: 0.289 Thread 0x00007fa34a035800 nmethod 159 0x00000001032fdf10 code [0x00000001032fe160, 0x00000001032ff720]
Event: 0.448 Thread 0x00007fa34d01b000  165       4       com.portaudio.BlockingStream::read (25 bytes)
Event: 0.449 Thread 0x00007fa34d01b000 nmethod 165 0x00000001032e3b90 code [0x00000001032e3ce0, 0x00000001032e3d88]

GC Heap History (0 events):
No events

Deoptimization events (0 events):
No events

Internal exceptions (2 events):
Event: 0.027 Thread 0x00007fa34a803000 Exception <a 'java/lang/NoSuchMethodError': Method sun.misc.Unsafe.defineClass(Ljava/lang/String;[BII)Ljava/lang/Class; name or signature does not match> (0x000000076ab07cc0) thrown at [/Users/java_re/workspace/8-2-build-macosx-x86_64/jdk8u91/6644/hotspot
Event: 0.027 Thread 0x00007fa34a803000 Exception <a 'java/lang/NoSuchMethodError': Method sun.misc.Unsafe.prefetchRead(Ljava/lang/Object;J)V name or signature does not match> (0x000000076ab07fa8) thrown at [/Users/java_re/workspace/8-2-build-macosx-x86_64/jdk8u91/6644/hotspot/src/share/vm/prim

Events (10 events):
Event: 0.097 loading class com/portaudio/PortAudio
Event: 0.097 loading class com/portaudio/PortAudio done
Event: 0.099 loading class java/lang/ClassLoaderHelper
Event: 0.099 loading class java/lang/ClassLoaderHelper done
Event: 0.167 loading class com/portaudio/StreamParameters
Event: 0.167 loading class com/portaudio/StreamParameters done
Event: 0.167 loading class com/portaudio/DeviceInfo
Event: 0.167 loading class com/portaudio/DeviceInfo done
Event: 0.168 loading class com/portaudio/BlockingStream
Event: 0.168 loading class com/portaudio/BlockingStream done


Dynamic libraries:
0x000000000b75e000 	/System/Library/Frameworks/Cocoa.framework/Versions/A/Cocoa
0x000000000b75e000 	/System/Library/Frameworks/Security.framework/Versions/A/Security
0x000000000b75e000 	/System/Library/Frameworks/ApplicationServices.framework/Versions/A/ApplicationServices
0x000000000b75e000 	/usr/lib/libz.1.dylib
0x000000000b75e000 	/usr/lib/libSystem.B.dylib
0x000000000b75e000 	/usr/lib/libobjc.A.dylib
0x000000000b75e000 	/System/Library/Frameworks/CoreFoundation.framework/Versions/A/CoreFoundation
0x000000000b75e000 	/System/Library/Frameworks/Foundation.framework/Versions/C/Foundation
0x000000000b75e000 	/System/Library/Frameworks/AppKit.framework/Versions/C/AppKit
0x000000000b75e000 	/System/Library/Frameworks/CoreData.framework/Versions/A/CoreData
0x000000000b75e000 	/System/Library/PrivateFrameworks/RemoteViewServices.framework/Versions/A/RemoteViewServices
0x000000000b75e000 	/System/Library/PrivateFrameworks/UIFoundation.framework/Versions/A/UIFoundation
0x000000000b75e000 	/usr/lib/libScreenReader.dylib
0x000000000b75e000 	/System/Library/Frameworks/Accelerate.framework/Versions/A/Accelerate
0x000000000b75e000 	/System/Library/Frameworks/IOSurface.framework/Versions/A/IOSurface
0x000000000b75e000 	/System/Library/Frameworks/AudioToolbox.framework/Versions/A/AudioToolbox
0x000000000b75e000 	/System/Library/Frameworks/AudioUnit.framework/Versions/A/AudioUnit
0x000000000b75e000 	/System/Library/PrivateFrameworks/DataDetectorsCore.framework/Versions/A/DataDetectorsCore
0x000000000b75e000 	/System/Library/PrivateFrameworks/DesktopServicesPriv.framework/Versions/A/DesktopServicesPriv
0x000000000b75e000 	/System/Library/Frameworks/Carbon.framework/Versions/A/Frameworks/HIToolbox.framework/Versions/A/HIToolbox
0x000000000b75e000 	/System/Library/Frameworks/QuartzCore.framework/Versions/A/QuartzCore
0x000000000b75e000 	/System/Library/Frameworks/Carbon.framework/Versions/A/Frameworks/SpeechRecognition.framework/Versions/A/SpeechRecognition
0x000000000b75e000 	/usr/lib/libauto.dylib
0x000000000b75e000 	/usr/lib/libicucore.A.dylib
0x000000000b75e000 	/usr/lib/libxml2.2.dylib
0x000000000b75e000 	/System/Library/PrivateFrameworks/CoreUI.framework/Versions/A/CoreUI
0x000000000b75e000 	/System/Library/Frameworks/CoreAudio.framework/Versions/A/CoreAudio
0x000000000b75e000 	/System/Library/Frameworks/DiskArbitration.framework/Versions/A/DiskArbitration
0x000000000b75e000 	/usr/lib/liblangid.dylib
0x000000000b75e000 	/System/Library/PrivateFrameworks/MultitouchSupport.framework/Versions/A/MultitouchSupport
0x000000000b75e000 	/System/Library/Frameworks/IOKit.framework/Versions/A/IOKit
0x000000000b75e000 	/usr/lib/libDiagnosticMessagesClient.dylib
0x000000000b75e000 	/System/Library/Frameworks/CoreServices.framework/Versions/A/CoreServices
0x000000000b75e000 	/System/Library/PrivateFrameworks/PerformanceAnalysis.framework/Versions/A/PerformanceAnalysis
0x000000000b75e000 	/System/Library/PrivateFrameworks/GenerationalStorage.framework/Versions/A/GenerationalStorage
0x000000000b75e000 	/System/Library/Frameworks/OpenGL.framework/Versions/A/OpenGL
0x000000000b75e000 	/System/Library/PrivateFrameworks/Sharing.framework/Versions/A/Sharing
0x000000000b75e000 	/System/Library/Frameworks/CoreGraphics.framework/Versions/A/CoreGraphics
0x000000000b75e000 	/System/Library/Frameworks/CoreImage.framework/Versions/A/CoreImage
0x000000000b75e000 	/System/Library/Frameworks/CoreText.framework/Versions/A/CoreText
0x000000000b75e000 	/System/Library/Frameworks/ImageIO.framework/Versions/A/ImageIO
0x000000000b75e000 	/System/Library/PrivateFrameworks/Backup.framework/Versions/A/Backup
0x000000000b75e000 	/usr/lib/libextension.dylib
0x000000000b75e000 	/usr/lib/libarchive.2.dylib
0x000000000b75e000 	/System/Library/Frameworks/CFNetwork.framework/Versions/A/CFNetwork
0x000000000b75e000 	/System/Library/Frameworks/SystemConfiguration.framework/Versions/A/SystemConfiguration
0x000000000b75e000 	/usr/lib/libCRFSuite.dylib
0x000000000b75e000 	/usr/lib/libc++.1.dylib
0x000000000b75e000 	/usr/lib/libc++abi.dylib
0x000000000b75e000 	/usr/lib/system/libcache.dylib
0x000000000b75e000 	/usr/lib/system/libcommonCrypto.dylib
0x000000000b75e000 	/usr/lib/system/libcompiler_rt.dylib
0x000000000b75e000 	/usr/lib/system/libcopyfile.dylib
0x000000000b75e000 	/usr/lib/system/libcorecrypto.dylib
0x000000000b75e000 	/usr/lib/system/libdispatch.dylib
0x000000000b75e000 	/usr/lib/system/libdyld.dylib
0x000000000b75e000 	/usr/lib/system/libkeymgr.dylib
0x000000000b75e000 	/usr/lib/system/liblaunch.dylib
0x000000000b75e000 	/usr/lib/system/libmacho.dylib
0x000000000b75e000 	/usr/lib/system/libquarantine.dylib
0x000000000b75e000 	/usr/lib/system/libremovefile.dylib
0x000000000b75e000 	/usr/lib/system/libsystem_asl.dylib
0x000000000b75e000 	/usr/lib/system/libsystem_blocks.dylib
0x000000000b75e000 	/usr/lib/system/libsystem_c.dylib
0x000000000b75e000 	/usr/lib/system/libsystem_configuration.dylib
0x000000000b75e000 	/usr/lib/system/libsystem_coreservices.dylib
0x000000000b75e000 	/usr/lib/system/libsystem_coretls.dylib
0x000000000b75e000 	/usr/lib/system/libsystem_dnssd.dylib
0x000000000b75e000 	/usr/lib/system/libsystem_info.dylib
0x000000000b75e000 	/usr/lib/system/libsystem_kernel.dylib
0x000000000b75e000 	/usr/lib/system/libsystem_m.dylib
0x000000000b75e000 	/usr/lib/system/libsystem_malloc.dylib
0x000000000b75e000 	/usr/lib/system/libsystem_network.dylib
0x000000000b75e000 	/usr/lib/system/libsystem_networkextension.dylib
0x000000000b75e000 	/usr/lib/system/libsystem_notify.dylib
0x000000000b75e000 	/usr/lib/system/libsystem_platform.dylib
0x000000000b75e000 	/usr/lib/system/libsystem_pthread.dylib
0x000000000b75e000 	/usr/lib/system/libsystem_sandbox.dylib
0x000000000b75e000 	/usr/lib/system/libsystem_secinit.dylib
0x000000000b75e000 	/usr/lib/system/libsystem_trace.dylib
0x000000000b75e000 	/usr/lib/system/libunc.dylib
0x000000000b75e000 	/usr/lib/system/libunwind.dylib
0x000000000b75e000 	/usr/lib/system/libxpc.dylib
0x000000000b75e000 	/usr/lib/libenergytrace.dylib
0x000000000b75e000 	/usr/lib/libbsm.0.dylib
0x000000000b75e000 	/usr/lib/system/libkxld.dylib
0x000000000b75e000 	/usr/lib/libxar.1.dylib
0x000000000b75e000 	/usr/lib/libsqlite3.dylib
0x000000000b75e000 	/usr/lib/libpam.2.dylib
0x000000000b75e000 	/usr/lib/libOpenScriptingUtil.dylib
0x000000000b75e000 	/usr/lib/libbz2.1.0.dylib
0x000000000b75e000 	/usr/lib/liblzma.5.dylib
0x000000000b75e000 	/System/Library/Frameworks/CoreServices.framework/Versions/A/Frameworks/FSEvents.framework/Versions/A/FSEvents
0x000000000b75e000 	/System/Library/Frameworks/CoreServices.framework/Versions/A/Frameworks/CarbonCore.framework/Versions/A/CarbonCore
0x000000000b75e000 	/System/Library/Frameworks/CoreServices.framework/Versions/A/Frameworks/Metadata.framework/Versions/A/Metadata
0x000000000b75e000 	/System/Library/Frameworks/CoreServices.framework/Versions/A/Frameworks/OSServices.framework/Versions/A/OSServices
0x000000000b75e000 	/System/Library/Frameworks/CoreServices.framework/Versions/A/Frameworks/SearchKit.framework/Versions/A/SearchKit
0x000000000b75e000 	/System/Library/Frameworks/CoreServices.framework/Versions/A/Frameworks/AE.framework/Versions/A/AE
0x000000000b75e000 	/System/Library/Frameworks/CoreServices.framework/Versions/A/Frameworks/LaunchServices.framework/Versions/A/LaunchServices
0x000000000b75e000 	/System/Library/Frameworks/CoreServices.framework/Versions/A/Frameworks/DictionaryServices.framework/Versions/A/DictionaryServices
0x000000000b75e000 	/System/Library/Frameworks/CoreServices.framework/Versions/A/Frameworks/SharedFileList.framework/Versions/A/SharedFileList
0x000000000b75e000 	/System/Library/Frameworks/NetFS.framework/Versions/A/NetFS
0x000000000b75e000 	/System/Library/PrivateFrameworks/NetAuth.framework/Versions/A/NetAuth
0x000000000b75e000 	/System/Library/PrivateFrameworks/login.framework/Versions/A/Frameworks/loginsupport.framework/Versions/A/loginsupport
0x000000000b75e000 	/System/Library/PrivateFrameworks/TCC.framework/Versions/A/TCC
0x000000000b75e000 	/usr/lib/libmecabra.dylib
0x000000000b75e000 	/System/Library/Frameworks/ApplicationServices.framework/Versions/A/Frameworks/ATS.framework/Versions/A/ATS
0x000000000b75e000 	/System/Library/Frameworks/ApplicationServices.framework/Versions/A/Frameworks/ColorSync.framework/Versions/A/ColorSync
0x000000000b75e000 	/System/Library/Frameworks/ApplicationServices.framework/Versions/A/Frameworks/HIServices.framework/Versions/A/HIServices
0x000000000b75e000 	/System/Library/Frameworks/ApplicationServices.framework/Versions/A/Frameworks/LangAnalysis.framework/Versions/A/LangAnalysis
0x000000000b75e000 	/System/Library/Frameworks/ApplicationServices.framework/Versions/A/Frameworks/PrintCore.framework/Versions/A/PrintCore
0x000000000b75e000 	/System/Library/Frameworks/ApplicationServices.framework/Versions/A/Frameworks/QD.framework/Versions/A/QD
0x000000000b75e000 	/System/Library/Frameworks/ApplicationServices.framework/Versions/A/Frameworks/SpeechSynthesis.framework/Versions/A/SpeechSynthesis
0x000000000b75e000 	/System/Library/Frameworks/Metal.framework/Versions/A/Metal
0x000000000b75e000 	/System/Library/Frameworks/Accelerate.framework/Versions/A/Frameworks/vImage.framework/Versions/A/vImage
0x000000000b75e000 	/System/Library/Frameworks/Accelerate.framework/Versions/A/Frameworks/vecLib.framework/Versions/A/vecLib
0x000000000b75e000 	/System/Library/Frameworks/Accelerate.framework/Versions/A/Frameworks/vecLib.framework/Versions/A/libvDSP.dylib
0x000000000b75e000 	/System/Library/Frameworks/Accelerate.framework/Versions/A/Frameworks/vecLib.framework/Versions/A/libvMisc.dylib
0x000000000b75e000 	/System/Library/Frameworks/Accelerate.framework/Versions/A/Frameworks/vecLib.framework/Versions/A/libLAPACK.dylib
0x000000000b75e000 	/System/Library/Frameworks/Accelerate.framework/Versions/A/Frameworks/vecLib.framework/Versions/A/libBLAS.dylib
0x000000000b75e000 	/System/Library/Frameworks/Accelerate.framework/Versions/A/Frameworks/vecLib.framework/Versions/A/libLinearAlgebra.dylib
0x000000000b75e000 	/System/Library/Frameworks/Accelerate.framework/Versions/A/Frameworks/vecLib.framework/Versions/A/libSparseBLAS.dylib
0x000000000b75e000 	/System/Library/PrivateFrameworks/GPUCompiler.framework/libmetal_timestamp.dylib
0x000000000b75e000 	/System/Library/Frameworks/OpenGL.framework/Versions/A/Libraries/libCoreFSCache.dylib
0x000000000b75e000 	/System/Library/PrivateFrameworks/IOAccelerator.framework/Versions/A/IOAccelerator
0x000000000b75e000 	/System/Library/Frameworks/ApplicationServices.framework/Versions/A/Frameworks/ATS.framework/Versions/A/Resources/libFontParser.dylib
0x000000000b75e000 	/System/Library/Frameworks/ApplicationServices.framework/Versions/A/Frameworks/ATS.framework/Versions/A/Resources/libFontRegistry.dylib
0x000000000b75e000 	/System/Library/PrivateFrameworks/AppleVPA.framework/Versions/A/AppleVPA
0x000000000b75e000 	/System/Library/PrivateFrameworks/AppleJPEG.framework/Versions/A/AppleJPEG
0x000000000b75e000 	/System/Library/Frameworks/ImageIO.framework/Versions/A/Resources/libJPEG.dylib
0x000000000b75e000 	/System/Library/Frameworks/ImageIO.framework/Versions/A/Resources/libTIFF.dylib
0x000000000b75e000 	/System/Library/Frameworks/ImageIO.framework/Versions/A/Resources/libPng.dylib
0x000000000b75e000 	/System/Library/Frameworks/ImageIO.framework/Versions/A/Resources/libGIF.dylib
0x000000000b75e000 	/System/Library/Frameworks/ImageIO.framework/Versions/A/Resources/libJP2.dylib
0x000000000b75e000 	/System/Library/Frameworks/ImageIO.framework/Versions/A/Resources/libRadiance.dylib
0x000000000b75e000 	/System/Library/Frameworks/CoreVideo.framework/Versions/A/CoreVideo
0x000000000b75e000 	/System/Library/Frameworks/OpenGL.framework/Versions/A/Libraries/libGLU.dylib
0x000000000b75e000 	/System/Library/Frameworks/OpenGL.framework/Versions/A/Libraries/libGFXShared.dylib
0x000000000b75e000 	/System/Library/Frameworks/OpenGL.framework/Versions/A/Libraries/libGL.dylib
0x000000000b75e000 	/System/Library/Frameworks/OpenGL.framework/Versions/A/Libraries/libGLImage.dylib
0x000000000b75e000 	/System/Library/Frameworks/OpenGL.framework/Versions/A/Libraries/libCVMSPluginSupport.dylib
0x000000000b75e000 	/System/Library/Frameworks/OpenGL.framework/Versions/A/Libraries/libCoreVMClient.dylib
0x000000000b75e000 	/usr/lib/libcompression.dylib
0x000000000b75e000 	/usr/lib/libcups.2.dylib
0x000000000b75e000 	/System/Library/Frameworks/Kerberos.framework/Versions/A/Kerberos
0x000000000b75e000 	/System/Library/Frameworks/GSS.framework/Versions/A/GSS
0x000000000b75e000 	/usr/lib/libresolv.9.dylib
0x000000000b75e000 	/usr/lib/libiconv.2.dylib
0x000000000b75e000 	/System/Library/PrivateFrameworks/Heimdal.framework/Versions/A/Heimdal
0x000000000b75e000 	/usr/lib/libheimdal-asn1.dylib
0x000000000b75e000 	/System/Library/Frameworks/OpenDirectory.framework/Versions/A/OpenDirectory
0x000000000b75e000 	/System/Library/PrivateFrameworks/CommonAuth.framework/Versions/A/CommonAuth
0x000000000b75e000 	/System/Library/Frameworks/OpenDirectory.framework/Versions/A/Frameworks/CFOpenDirectory.framework/Versions/A/CFOpenDirectory
0x000000000b75e000 	/System/Library/Frameworks/SecurityFoundation.framework/Versions/A/SecurityFoundation
0x000000000b75e000 	/System/Library/PrivateFrameworks/LanguageModeling.framework/Versions/A/LanguageModeling
0x000000000b75e000 	/usr/lib/libmarisa.dylib
0x000000000b75e000 	/usr/lib/libChineseTokenizer.dylib
0x000000000b75e000 	/usr/lib/libcmph.dylib
0x000000000b75e000 	/System/Library/Frameworks/ServiceManagement.framework/Versions/A/ServiceManagement
0x000000000b75e000 	/usr/lib/libxslt.1.dylib
0x000000000b75e000 	/System/Library/Frameworks/Carbon.framework/Versions/A/Frameworks/Ink.framework/Versions/A/Ink
0x000000000b75e000 	/usr/lib/libFosl_dynamic.dylib
0x000000000b75e000 	/System/Library/PrivateFrameworks/FaceCore.framework/Versions/A/FaceCore
0x000000000b75e000 	/System/Library/Frameworks/OpenCL.framework/Versions/A/OpenCL
0x000000000b75e000 	/System/Library/PrivateFrameworks/CrashReporterSupport.framework/Versions/A/CrashReporterSupport
0x000000000b75e000 	/System/Library/PrivateFrameworks/IconServices.framework/Versions/A/IconServices
0x000000000b75e000 	/System/Library/PrivateFrameworks/Apple80211.framework/Versions/A/Apple80211
0x000000000b75e000 	/System/Library/Frameworks/CoreWLAN.framework/Versions/A/CoreWLAN
0x000000000b75e000 	/System/Library/Frameworks/IOBluetooth.framework/Versions/A/IOBluetooth
0x000000000b75e000 	/System/Library/PrivateFrameworks/CoreWiFi.framework/Versions/A/CoreWiFi
0x000000000b75e000 	/System/Library/Frameworks/CoreBluetooth.framework/Versions/A/CoreBluetooth
0x000000000b75e000 	/System/Library/PrivateFrameworks/ChunkingLibrary.framework/Versions/A/ChunkingLibrary
0x000000000b75e000 	/System/Library/PrivateFrameworks/DebugSymbols.framework/Versions/A/DebugSymbols
0x000000000b75e000 	/System/Library/PrivateFrameworks/CoreSymbolication.framework/Versions/A/CoreSymbolication
0x000000000b75e000 	/System/Library/PrivateFrameworks/Symbolication.framework/Versions/A/Symbolication
0x000000000b75e000 	/System/Library/PrivateFrameworks/SpeechRecognitionCore.framework/Versions/A/SpeechRecognitionCore
0x0000000102200000 	/Library/Java/JavaVirtualMachines/jdk1.8.0_91.jdk/Contents/Home/jre/lib/server/libjvm.dylib
0x000000000b75e000 	/usr/lib/libstdc++.6.dylib
0x0000000101016000 	/Library/Java/JavaVirtualMachines/jdk1.8.0_91.jdk/Contents/Home/jre/lib/libverify.dylib
0x0000000101024000 	/Library/Java/JavaVirtualMachines/jdk1.8.0_91.jdk/Contents/Home/jre/lib/libjava.dylib
0x0000000101063000 	/Library/Java/JavaVirtualMachines/jdk1.8.0_91.jdk/Contents/Home/jre/lib/libzip.dylib
0x000000011e0c0000 	/System/Library/Frameworks/JavaVM.framework/Frameworks/JavaRuntimeSupport.framework/JavaRuntimeSupport
0x000000011e0db000 	/System/Library/Frameworks/JavaVM.framework/Versions/A/Frameworks/JavaNativeFoundation.framework/Versions/A/JavaNativeFoundation
0x000000011e0f0000 	/System/Library/Frameworks/JavaVM.framework/Versions/A/JavaVM
0x000000000b75e000 	/System/Library/Frameworks/Carbon.framework/Versions/A/Carbon
0x000000011e0fd000 	/System/Library/PrivateFrameworks/JavaLaunching.framework/Versions/A/JavaLaunching
0x000000000b75e000 	/System/Library/Frameworks/Carbon.framework/Versions/A/Frameworks/CommonPanels.framework/Versions/A/CommonPanels
0x000000000b75e000 	/System/Library/Frameworks/Carbon.framework/Versions/A/Frameworks/Help.framework/Versions/A/Help
0x000000000b75e000 	/System/Library/Frameworks/Carbon.framework/Versions/A/Frameworks/ImageCapture.framework/Versions/A/ImageCapture
0x000000000b75e000 	/System/Library/Frameworks/Carbon.framework/Versions/A/Frameworks/OpenScripting.framework/Versions/A/OpenScripting
0x000000000b75e000 	/System/Library/Frameworks/Carbon.framework/Versions/A/Frameworks/Print.framework/Versions/A/Print
0x000000000b75e000 	/System/Library/Frameworks/Carbon.framework/Versions/A/Frameworks/SecurityHI.framework/Versions/A/SecurityHI
0x000000011fa2e000 	/Users/codeandchords/Documents/CodeAndChords/Visuals/Eclipse/workspace/CodeAndChordsEclipseProject/libs/libjportaudio.jnilib
0x000000011fa34000 	/usr/local/lib/libportaudio.2.dylib
0x000000011fa4c000 	/System/Library/Extensions/AppleHDA.kext/Contents/PlugIns/AppleHDAHALPlugIn.bundle/Contents/MacOS/AppleHDAHALPlugIn
0x000000011fa57000 	/Library/Audio/Plug-Ins/HAL/JackRouter.plugin/Contents/MacOS/JackRouter
0x000000011fa9a000 	/usr/local/lib/libjack.0.dylib
0x000000000b75e000 	/System/Library/PrivateFrameworks/CoreServicesInternal.framework/Versions/A/CoreServicesInternal
0x000000011fc8b000 	/System/Library/Components/CoreAudio.component/Contents/MacOS/CoreAudio

VM Arguments:
jvm_args: -Djava.library.path=/Users/codeandchords/Documents/CodeAndChords/Visuals/Eclipse/workspace/CodeAndChordsEclipseProject/libs -Dfile.encoding=UTF-8 
java_command: multiInputTest.Driver
java_class_path (initial): /Users/codeandchords/Documents/CodeAndChords/Visuals/Eclipse/workspace/CodeAndChordsEclipseProject/bin:/Users/codeandchords/Documents/CodeAndChords/Visuals/Eclipse/workspace/CodeAndChordsEclipseProject/core.jar:/Users/codeandchords/Documents/CodeAndChords/Visuals/Eclipse/workspace/CodeAndChordsEclipseProject/beads-io.jar:/Users/codeandchords/Documents/CodeAndChords/Visuals/Eclipse/workspace/CodeAndChordsEclipseProject/beads.jar:/Users/codeandchords/Documents/CodeAndChords/Visuals/Eclipse/workspace/CodeAndChordsEclipseProject/controlP5.jar:/Users/codeandchords/Documents/CodeAndChords/Visuals/Eclipse/workspace/CodeAndChordsEclipseProject/sound.jar:/Users/codeandchords/Documents/CodeAndChords/Visuals/Eclipse/workspace/CodeAndChordsEclipseProject/org-jaudiolibs-audioservers.jar:/Users/codeandchords/Documents/CodeAndChords/Visuals/Eclipse/workspace/CodeAndChordsEclipseProject/jportaudio.jar
Launcher Type: SUN_STANDARD

Environment Variables:
PATH=/usr/bin:/bin:/usr/sbin:/sbin
SHELL=/bin/bash

Signal Handlers:
SIGSEGV: [libjvm.dylib+0x5a97a1], sa_mask[0]=11111111011111110111111111111111, sa_flags=SA_ONSTACK|SA_RESTART|SA_SIGINFO
SIGBUS: [libjvm.dylib+0x5a97a1], sa_mask[0]=11111111011111110111111111111111, sa_flags=SA_RESTART|SA_SIGINFO
SIGFPE: [libjvm.dylib+0x482594], sa_mask[0]=11111111011111110111111111111111, sa_flags=SA_RESTART|SA_SIGINFO
SIGPIPE: [libjvm.dylib+0x482594], sa_mask[0]=11111111011111110111111111111111, sa_flags=SA_RESTART|SA_SIGINFO
SIGXFSZ: [libjvm.dylib+0x482594], sa_mask[0]=11111111011111110111111111111111, sa_flags=SA_RESTART|SA_SIGINFO
SIGILL: [libjvm.dylib+0x482594], sa_mask[0]=11111111011111110111111111111111, sa_flags=SA_RESTART|SA_SIGINFO
SIGUSR1: SIG_DFL, sa_mask[0]=00000000000000000000000000000000, sa_flags=none
SIGUSR2: [libjvm.dylib+0x4820b2], sa_mask[0]=00100000000000000000000000000000, sa_flags=SA_RESTART|SA_SIGINFO
SIGHUP: [libjvm.dylib+0x480689], sa_mask[0]=11111111011111110111111111111111, sa_flags=SA_RESTART|SA_SIGINFO
SIGINT: [libjvm.dylib+0x480689], sa_mask[0]=11111111011111110111111111111111, sa_flags=SA_RESTART|SA_SIGINFO
SIGTERM: [libjvm.dylib+0x480689], sa_mask[0]=11111111011111110111111111111111, sa_flags=SA_RESTART|SA_SIGINFO
SIGQUIT: [libjvm.dylib+0x480689], sa_mask[0]=11111111011111110111111111111111, sa_flags=SA_RESTART|SA_SIGINFO


---------------  S Y S T E M  ---------------

OS:Bsduname:Darwin 15.6.0 Darwin Kernel Version 15.6.0: Mon Aug 29 20:21:34 PDT 2016; root:xnu-3248.60.11~1/RELEASE_X86_64 x86_64
rlimit: STACK 8192k, CORE 0k, NPROC 709, NOFILE 10240, AS infinity
load average:2.06 2.04 1.91

CPU:total 8 (4 cores per cpu, 2 threads per core) family 6 model 70 stepping 1, cmov, cx8, fxsr, mmx, sse, sse2, sse3, ssse3, sse4.1, sse4.2, popcnt, avx, avx2, aes, clmul, erms, lzcnt, ht, tsc, tscinvbit, bmi1, bmi2

Memory: 4k page, physical 16777216k(1521524k free)

/proc/meminfo:


vm_info: Java HotSpot(TM) 64-Bit Server VM (25.91-b14) for bsd-amd64 JRE (1.8.0_91-b14), built on Apr  1 2016 01:03:00 by "java_re" with gcc 4.2.1 (Based on Apple Inc. build 5658) (LLVM build 2336.11.00)

time: Mon Jul  3 17:49:24 2017
elapsed time: 1 seconds (0d 0h 0m 1s)

