#
# A fatal error has been detected by the Java Runtime Environment:
#
#  SIGILL (0x4) at pc=0x00007fff9619002f, pid=29853, tid=75791
#
# JRE version: Java(TM) SE Runtime Environment (8.0_91-b14) (build 1.8.0_91-b14)
# Java VM: Java HotSpot(TM) 64-Bit Server VM (25.91-b14 mixed mode bsd-amd64 compressed oops)
# Problematic frame:
# C  [libobjc.A.dylib+0x1302f]  _objc_trap()+0x4
#
# Failed to write core dump. Core dumps have been disabled. To enable core dumping, try "ulimit -c unlimited" before starting Java again
#
# If you would like to submit a bug report, please visit:
#   http://bugreport.java.com/bugreport/crash.jsp
#

---------------  T H R E A D  ---------------

Current thread is native thread

siginfo: si_signo: 4 (SIGILL), si_code: 1 (ILL_ILLOPC), si_addr: 0x00007fff9619002f

Registers:
RAX=0x0000000000000000, RBX=0x00007fb30482e000, RCX=0x0000000000000000, RDX=0x00007fff7d196b30
RSP=0x0000700001555cc0, RBP=0x0000700001555cc0, RSI=0x0000010000000100, RDI=0x00007fff7d196b10
R8 =0x00000000fffffffc, R9 =0x00007fff7d196b28, R10=0x00000000ffffffff, R11=0xfffffffffff4d410
R12=0x000000003c9c2386, R13=0x000000003c9c2386, R14=0x0000000000000001, R15=0xbbbaf1bcbbbaf1bc
RIP=0x00007fff9619002f, EFLAGS=0x0000000000010202, ERR=0x0000000000000000
  TRAPNO=0x0000000000000006

Top of Stack: (sp=0x0000700001555cc0)
0x0000700001555cc0:   0000700001555db0 00007fff9619017f
0x0000700001555cd0:   0000000080000000 00007fb30482e000
0x0000700001555ce0:   000000003abec6e5 000000003abec6e5
0x0000700001555cf0:   000000003c9c2386 000000003c9c2386
0x0000700001555d00:   0000000000000001 00007fff7dfb0480
0x0000700001555d10:   0000700001555d20 00007fff98a61b35
0x0000700001555d20:   0000700001555d60 00007fff98a5faa5
0x0000700001555d30:   0000000000000001 0000000000000000
0x0000700001555d40:   00007fb306a00950 0000000000010001
0x0000700001555d50:   00007fb303e35e60 0000000000000000
0x0000700001555d60:   0000700001555de0 00007fff98a63200
0x0000700001555d70:   00007fb30482f000 00007fb30482e000
0x0000700001555d80:   00007fb303f01700 00007fb303f02230
0x0000700001555d90:   0000003000000030 0000700001555df0
0x0000700001555da0:   0000700001555cd0 00007fb303e35ee0
0x0000700001555db0:   0000700001555e20 00007fff9619b2d7
0x0000700001555dc0:   00000000a1a1a1a1 00007fb34f545541
0x0000700001555dd0:   00007fb3454c4552 00007fb321455341
0x0000700001555de0:   bbbaf1bcbbbaf1bc 0000700001556000
0x0000700001555df0:   3abec6e53abec6e5 00007fb30482e000
0x0000700001555e00:   00007fb303e35ee0 000000000001280f
0x0000700001555e10:   00007fb303e35ee0 000000012a05f200
0x0000700001555e20:   0000700001555e40 00007fff9618376d
0x0000700001555e30:   0000000000000000 0000000000000000
0x0000700001555e40:   0000700001555eb0 00007fff98a61c01
0x0000700001555e50:   0000000000000000 00007fb303e36030
0x0000700001555e60:   00007fb303e36030 00005006d3fc38ad
0x0000700001555e70:   0000700001555eb0 0000000000000000
0x0000700001555e80:   0000000000000000 00007fb303e35fe8
0x0000700001555e90:   00007fb303e35f60 000000000001280f
0x0000700001555ea0:   00007fb303e35ee0 000000012a05f200
0x0000700001555eb0:   0000700001555ef0 00007fff98a63d06 

Instructions: (pc=0x00007fff9619002f)
0x00007fff9619000f:   00 00 bf 02 00 00 00 48 89 de 48 89 c2 e8 a1 bf
0x00007fff9619001f:   00 00 48 81 c4 98 00 00 00 5b 5d c3 55 48 89 e5
0x00007fff9619002f:   0f 0b 55 48 89 e5 48 81 ec d0 00 00 00 84 c0 74
0x00007fff9619003f:   2e c5 f8 29 85 60 ff ff ff c5 f8 29 8d 70 ff ff 

Register to memory mapping:

RAX=0x0000000000000000 is an unknown value
RBX=0x00007fb30482e000 is an unknown value
RCX=0x0000000000000000 is an unknown value
RDX=0x00007fff7d196b30: _ZZL14_objc_crashlogPKcE13crashlog_lock+0x20 in /usr/lib/libobjc.A.dylib at 0x00007fff9617d000
RSP=0x0000700001555cc0 is an unknown value
RBP=0x0000700001555cc0 is an unknown value
RSI=0x0000010000000100 is an unknown value
RDI=0x00007fff7d196b10: _ZZL14_objc_crashlogPKcE13crashlog_lock+0 in /usr/lib/libobjc.A.dylib at 0x00007fff9617d000
R8 =0x00000000fffffffc is an unknown value
R9 =0x00007fff7d196b28: _ZZL14_objc_crashlogPKcE13crashlog_lock+0x18 in /usr/lib/libobjc.A.dylib at 0x00007fff9617d000
R10=0x00000000ffffffff is an unknown value
R11=0xfffffffffff4d410 is an unknown value
R12=0x000000003c9c2386 is an unknown value
R13=0x000000003c9c2386 is an unknown value
R14=0x0000000000000001 is an unknown value
R15=0xbbbaf1bcbbbaf1bc is an unknown value


Stack: [0x00007000014d6000,0x0000700001556000],  sp=0x0000700001555cc0,  free space=511k
Native frames: (J=compiled Java code, j=interpreted, Vv=VM code, C=native code)
C  [libobjc.A.dylib+0x1302f]  _objc_trap()+0x4
C  [libobjc.A.dylib+0x1317f]  _objc_inform+0x0
C  [libobjc.A.dylib+0x1e2d7]  (anonymous namespace)::AutoreleasePoolPage::busted(bool)+0x89
C  [libobjc.A.dylib+0x676d]  objc_autoreleasePoolPush+0x40
C  [libdispatch.dylib+0x5c01]  _dispatch_root_queue_drain+0xc8
C  [libdispatch.dylib+0x7d06]  _dispatch_worker_thread+0x7f
C  [libsystem_pthread.dylib+0x399d]  _pthread_body+0x83
C  [libsystem_pthread.dylib+0x391a]  _pthread_body+0x0
C  [libsystem_pthread.dylib+0x1351]  thread_start+0xd


---------------  P R O C E S S  ---------------

VM state:not at safepoint (normal execution)

VM Mutex/Monitor currently owned by a thread: None

Heap:
 PSYoungGen      total 76288K, used 2621K [0x000000076ab00000, 0x0000000770000000, 0x00000007c0000000)
  eden space 65536K, 4% used [0x000000076ab00000,0x000000076ad8f5e8,0x000000076eb00000)
  from space 10752K, 0% used [0x000000076f580000,0x000000076f580000,0x0000000770000000)
  to   space 10752K, 0% used [0x000000076eb00000,0x000000076eb00000,0x000000076f580000)
 ParOldGen       total 175104K, used 0K [0x00000006c0000000, 0x00000006cab00000, 0x000000076ab00000)
  object space 175104K, 0% used [0x00000006c0000000,0x00000006c0000000,0x00000006cab00000)
 Metaspace       used 2930K, capacity 4664K, committed 4864K, reserved 1056768K
  class space    used 326K, capacity 424K, committed 512K, reserved 1048576K

Card table byte_map: [0x0000000118954000,0x0000000119155000] byte_map_base: 0x0000000115354000

Marking Bits: (ParMarkBitMap*) 0x0000000108ee6eb0
 Begin Bits: [0x00000001196ab000, 0x000000011d6ab000)
 End Bits:   [0x000000011d6ab000, 0x00000001216ab000)

Polling page: 0x000000010754a000

CodeCache: size=245760Kb used=1225Kb max_used=1237Kb free=244534Kb
 bounds [0x0000000109594000, 0x0000000109804000, 0x0000000118594000]
 total_blobs=318 nmethods=80 adapters=152
 compilation: enabled

Compilation events (10 events):
Event: 0.163 Thread 0x00007fb30502f000   76       4       com.portaudio.BlockingStream::write (25 bytes)
Event: 0.163 Thread 0x00007fb308014800   77       4       com.portaudio.BlockingStream::read (25 bytes)
Event: 0.163 Thread 0x00007fb30502f000 nmethod 76 0x00000001096c0450 code [0x00000001096c05a0, 0x00000001096c0648]
Event: 0.163 Thread 0x00007fb308014800 nmethod 77 0x00000001096c0710 code [0x00000001096c0860, 0x00000001096c0908]
Event: 0.253 Thread 0x00007fb30507f800   78 % !   3       core.PortAudioAudioServer::run @ 238 (312 bytes)
Event: 0.255 Thread 0x00007fb30507f800 nmethod 78% 0x00000001096c09d0 code [0x00000001096c0e40, 0x00000001096c3148]
Event: 0.255 Thread 0x00007fb30507f800   79   !   3       core.PortAudioAudioServer::run (312 bytes)
Event: 0.256 Thread 0x00007fb30507f800 nmethod 79 0x00000001096c4cd0 code [0x00000001096c5120, 0x00000001096c72e8]
Event: 0.321 Thread 0x00007fb305030000   80 % !   4       core.PortAudioAudioServer::run @ 238 (312 bytes)
Event: 0.323 Thread 0x00007fb305030000 nmethod 80% 0x00000001096be810 code [0x00000001096be9a0, 0x00000001096beba0]

GC Heap History (0 events):
No events

Deoptimization events (0 events):
No events

Internal exceptions (2 events):
Event: 0.024 Thread 0x00007fb308001800 Exception <a 'java/lang/NoSuchMethodError': Method sun.misc.Unsafe.defineClass(Ljava/lang/String;[BII)Ljava/lang/Class; name or signature does not match> (0x000000076ab07cc0) thrown at [/Users/java_re/workspace/8-2-build-macosx-x86_64/jdk8u91/6644/hotspot
Event: 0.024 Thread 0x00007fb308001800 Exception <a 'java/lang/NoSuchMethodError': Method sun.misc.Unsafe.prefetchRead(Ljava/lang/Object;J)V name or signature does not match> (0x000000076ab07fa8) thrown at [/Users/java_re/workspace/8-2-build-macosx-x86_64/jdk8u91/6644/hotspot/src/share/vm/prim

Events (10 events):
Event: 0.087 loading class java/lang/ClassLoaderHelper
Event: 0.087 loading class java/lang/ClassLoaderHelper done
Event: 0.141 loading class com/portaudio/StreamParameters
Event: 0.141 loading class com/portaudio/StreamParameters done
Event: 0.141 loading class com/portaudio/DeviceInfo
Event: 0.141 loading class com/portaudio/DeviceInfo done
Event: 0.142 loading class com/portaudio/BlockingStream
Event: 0.142 loading class com/portaudio/BlockingStream done
Event: 0.334 Thread 0x00007fb308001800 DEOPT PACKING pc=0x00000001096c2db2 sp=0x0000700000219760
Event: 0.334 Thread 0x00007fb308001800 DEOPT UNPACKING pc=0x00000001095db633 sp=0x0000700000219560 mode 0


Dynamic libraries:
0x000000000b75e000 	/System/Library/Frameworks/Cocoa.framework/Versions/A/Cocoa
0x000000000b75e000 	/System/Library/Frameworks/Security.framework/Versions/A/Security
0x000000000b75e000 	/System/Library/Frameworks/ApplicationServices.framework/Versions/A/ApplicationServices
0x000000000b75e000 	/usr/lib/libz.1.dylib
0x000000000b75e000 	/usr/lib/libSystem.B.dylib
0x000000000b75e000 	/usr/lib/libobjc.A.dylib
0x000000000b75e000 	/System/Library/Frameworks/CoreFoundation.framework/Versions/A/CoreFoundation
0x000000000b75e000 	/System/Library/Frameworks/Foundation.framework/Versions/C/Foundation
0x000000000b75e000 	/System/Library/Frameworks/AppKit.framework/Versions/C/AppKit
0x000000000b75e000 	/System/Library/Frameworks/CoreData.framework/Versions/A/CoreData
0x000000000b75e000 	/System/Library/PrivateFrameworks/RemoteViewServices.framework/Versions/A/RemoteViewServices
0x000000000b75e000 	/System/Library/PrivateFrameworks/UIFoundation.framework/Versions/A/UIFoundation
0x000000000b75e000 	/usr/lib/libScreenReader.dylib
0x000000000b75e000 	/System/Library/Frameworks/Accelerate.framework/Versions/A/Accelerate
0x000000000b75e000 	/System/Library/Frameworks/IOSurface.framework/Versions/A/IOSurface
0x000000000b75e000 	/System/Library/Frameworks/AudioToolbox.framework/Versions/A/AudioToolbox
0x000000000b75e000 	/System/Library/Frameworks/AudioUnit.framework/Versions/A/AudioUnit
0x000000000b75e000 	/System/Library/PrivateFrameworks/DataDetectorsCore.framework/Versions/A/DataDetectorsCore
0x000000000b75e000 	/System/Library/PrivateFrameworks/DesktopServicesPriv.framework/Versions/A/DesktopServicesPriv
0x000000000b75e000 	/System/Library/Frameworks/Carbon.framework/Versions/A/Frameworks/HIToolbox.framework/Versions/A/HIToolbox
0x000000000b75e000 	/System/Library/Frameworks/QuartzCore.framework/Versions/A/QuartzCore
0x000000000b75e000 	/System/Library/Frameworks/Carbon.framework/Versions/A/Frameworks/SpeechRecognition.framework/Versions/A/SpeechRecognition
0x000000000b75e000 	/usr/lib/libauto.dylib
0x000000000b75e000 	/usr/lib/libicucore.A.dylib
0x000000000b75e000 	/usr/lib/libxml2.2.dylib
0x000000000b75e000 	/System/Library/PrivateFrameworks/CoreUI.framework/Versions/A/CoreUI
0x000000000b75e000 	/System/Library/Frameworks/CoreAudio.framework/Versions/A/CoreAudio
0x000000000b75e000 	/System/Library/Frameworks/DiskArbitration.framework/Versions/A/DiskArbitration
0x000000000b75e000 	/usr/lib/liblangid.dylib
0x000000000b75e000 	/System/Library/PrivateFrameworks/MultitouchSupport.framework/Versions/A/MultitouchSupport
0x000000000b75e000 	/System/Library/Frameworks/IOKit.framework/Versions/A/IOKit
0x000000000b75e000 	/usr/lib/libDiagnosticMessagesClient.dylib
0x000000000b75e000 	/System/Library/Frameworks/CoreServices.framework/Versions/A/CoreServices
0x000000000b75e000 	/System/Library/PrivateFrameworks/PerformanceAnalysis.framework/Versions/A/PerformanceAnalysis
0x000000000b75e000 	/System/Library/PrivateFrameworks/GenerationalStorage.framework/Versions/A/GenerationalStorage
0x000000000b75e000 	/System/Library/Frameworks/OpenGL.framework/Versions/A/OpenGL
0x000000000b75e000 	/System/Library/PrivateFrameworks/Sharing.framework/Versions/A/Sharing
0x000000000b75e000 	/System/Library/Frameworks/CoreGraphics.framework/Versions/A/CoreGraphics
0x000000000b75e000 	/System/Library/Frameworks/CoreImage.framework/Versions/A/CoreImage
0x000000000b75e000 	/System/Library/Frameworks/CoreText.framework/Versions/A/CoreText
0x000000000b75e000 	/System/Library/Frameworks/ImageIO.framework/Versions/A/ImageIO
0x000000000b75e000 	/System/Library/PrivateFrameworks/Backup.framework/Versions/A/Backup
0x000000000b75e000 	/usr/lib/libextension.dylib
0x000000000b75e000 	/usr/lib/libarchive.2.dylib
0x000000000b75e000 	/System/Library/Frameworks/CFNetwork.framework/Versions/A/CFNetwork
0x000000000b75e000 	/System/Library/Frameworks/SystemConfiguration.framework/Versions/A/SystemConfiguration
0x000000000b75e000 	/usr/lib/libCRFSuite.dylib
0x000000000b75e000 	/usr/lib/libc++.1.dylib
0x000000000b75e000 	/usr/lib/libc++abi.dylib
0x000000000b75e000 	/usr/lib/system/libcache.dylib
0x000000000b75e000 	/usr/lib/system/libcommonCrypto.dylib
0x000000000b75e000 	/usr/lib/system/libcompiler_rt.dylib
0x000000000b75e000 	/usr/lib/system/libcopyfile.dylib
0x000000000b75e000 	/usr/lib/system/libcorecrypto.dylib
0x000000000b75e000 	/usr/lib/system/libdispatch.dylib
0x000000000b75e000 	/usr/lib/system/libdyld.dylib
0x000000000b75e000 	/usr/lib/system/libkeymgr.dylib
0x000000000b75e000 	/usr/lib/system/liblaunch.dylib
0x000000000b75e000 	/usr/lib/system/libmacho.dylib
0x000000000b75e000 	/usr/lib/system/libquarantine.dylib
0x000000000b75e000 	/usr/lib/system/libremovefile.dylib
0x000000000b75e000 	/usr/lib/system/libsystem_asl.dylib
0x000000000b75e000 	/usr/lib/system/libsystem_blocks.dylib
0x000000000b75e000 	/usr/lib/system/libsystem_c.dylib
0x000000000b75e000 	/usr/lib/system/libsystem_configuration.dylib
0x000000000b75e000 	/usr/lib/system/libsystem_coreservices.dylib
0x000000000b75e000 	/usr/lib/system/libsystem_coretls.dylib
0x000000000b75e000 	/usr/lib/system/libsystem_dnssd.dylib
0x000000000b75e000 	/usr/lib/system/libsystem_info.dylib
0x000000000b75e000 	/usr/lib/system/libsystem_kernel.dylib
0x000000000b75e000 	/usr/lib/system/libsystem_m.dylib
0x000000000b75e000 	/usr/lib/system/libsystem_malloc.dylib
0x000000000b75e000 	/usr/lib/system/libsystem_network.dylib
0x000000000b75e000 	/usr/lib/system/libsystem_networkextension.dylib
0x000000000b75e000 	/usr/lib/system/libsystem_notify.dylib
0x000000000b75e000 	/usr/lib/system/libsystem_platform.dylib
0x000000000b75e000 	/usr/lib/system/libsystem_pthread.dylib
0x000000000b75e000 	/usr/lib/system/libsystem_sandbox.dylib
0x000000000b75e000 	/usr/lib/system/libsystem_secinit.dylib
0x000000000b75e000 	/usr/lib/system/libsystem_trace.dylib
0x000000000b75e000 	/usr/lib/system/libunc.dylib
0x000000000b75e000 	/usr/lib/system/libunwind.dylib
0x000000000b75e000 	/usr/lib/system/libxpc.dylib
0x000000000b75e000 	/usr/lib/libenergytrace.dylib
0x000000000b75e000 	/usr/lib/libbsm.0.dylib
0x000000000b75e000 	/usr/lib/system/libkxld.dylib
0x000000000b75e000 	/usr/lib/libxar.1.dylib
0x000000000b75e000 	/usr/lib/libsqlite3.dylib
0x000000000b75e000 	/usr/lib/libpam.2.dylib
0x000000000b75e000 	/usr/lib/libOpenScriptingUtil.dylib
0x000000000b75e000 	/usr/lib/libbz2.1.0.dylib
0x000000000b75e000 	/usr/lib/liblzma.5.dylib
0x000000000b75e000 	/System/Library/Frameworks/CoreServices.framework/Versions/A/Frameworks/FSEvents.framework/Versions/A/FSEvents
0x000000000b75e000 	/System/Library/Frameworks/CoreServices.framework/Versions/A/Frameworks/CarbonCore.framework/Versions/A/CarbonCore
0x000000000b75e000 	/System/Library/Frameworks/CoreServices.framework/Versions/A/Frameworks/Metadata.framework/Versions/A/Metadata
0x000000000b75e000 	/System/Library/Frameworks/CoreServices.framework/Versions/A/Frameworks/OSServices.framework/Versions/A/OSServices
0x000000000b75e000 	/System/Library/Frameworks/CoreServices.framework/Versions/A/Frameworks/SearchKit.framework/Versions/A/SearchKit
0x000000000b75e000 	/System/Library/Frameworks/CoreServices.framework/Versions/A/Frameworks/AE.framework/Versions/A/AE
0x000000000b75e000 	/System/Library/Frameworks/CoreServices.framework/Versions/A/Frameworks/LaunchServices.framework/Versions/A/LaunchServices
0x000000000b75e000 	/System/Library/Frameworks/CoreServices.framework/Versions/A/Frameworks/DictionaryServices.framework/Versions/A/DictionaryServices
0x000000000b75e000 	/System/Library/Frameworks/CoreServices.framework/Versions/A/Frameworks/SharedFileList.framework/Versions/A/SharedFileList
0x000000000b75e000 	/System/Library/Frameworks/NetFS.framework/Versions/A/NetFS
0x000000000b75e000 	/System/Library/PrivateFrameworks/NetAuth.framework/Versions/A/NetAuth
0x000000000b75e000 	/System/Library/PrivateFrameworks/login.framework/Versions/A/Frameworks/loginsupport.framework/Versions/A/loginsupport
0x000000000b75e000 	/System/Library/PrivateFrameworks/TCC.framework/Versions/A/TCC
0x000000000b75e000 	/usr/lib/libmecabra.dylib
0x000000000b75e000 	/System/Library/Frameworks/ApplicationServices.framework/Versions/A/Frameworks/ATS.framework/Versions/A/ATS
0x000000000b75e000 	/System/Library/Frameworks/ApplicationServices.framework/Versions/A/Frameworks/ColorSync.framework/Versions/A/ColorSync
0x000000000b75e000 	/System/Library/Frameworks/ApplicationServices.framework/Versions/A/Frameworks/HIServices.framework/Versions/A/HIServices
0x000000000b75e000 	/System/Library/Frameworks/ApplicationServices.framework/Versions/A/Frameworks/LangAnalysis.framework/Versions/A/LangAnalysis
0x000000000b75e000 	/System/Library/Frameworks/ApplicationServices.framework/Versions/A/Frameworks/PrintCore.framework/Versions/A/PrintCore
0x000000000b75e000 	/System/Library/Frameworks/ApplicationServices.framework/Versions/A/Frameworks/QD.framework/Versions/A/QD
0x000000000b75e000 	/System/Library/Frameworks/ApplicationServices.framework/Versions/A/Frameworks/SpeechSynthesis.framework/Versions/A/SpeechSynthesis
0x000000000b75e000 	/System/Library/Frameworks/Metal.framework/Versions/A/Metal
0x000000000b75e000 	/System/Library/Frameworks/Accelerate.framework/Versions/A/Frameworks/vImage.framework/Versions/A/vImage
0x000000000b75e000 	/System/Library/Frameworks/Accelerate.framework/Versions/A/Frameworks/vecLib.framework/Versions/A/vecLib
0x000000000b75e000 	/System/Library/Frameworks/Accelerate.framework/Versions/A/Frameworks/vecLib.framework/Versions/A/libvDSP.dylib
0x000000000b75e000 	/System/Library/Frameworks/Accelerate.framework/Versions/A/Frameworks/vecLib.framework/Versions/A/libvMisc.dylib
0x000000000b75e000 	/System/Library/Frameworks/Accelerate.framework/Versions/A/Frameworks/vecLib.framework/Versions/A/libLAPACK.dylib
0x000000000b75e000 	/System/Library/Frameworks/Accelerate.framework/Versions/A/Frameworks/vecLib.framework/Versions/A/libBLAS.dylib
0x000000000b75e000 	/System/Library/Frameworks/Accelerate.framework/Versions/A/Frameworks/vecLib.framework/Versions/A/libLinearAlgebra.dylib
0x000000000b75e000 	/System/Library/Frameworks/Accelerate.framework/Versions/A/Frameworks/vecLib.framework/Versions/A/libSparseBLAS.dylib
0x000000000b75e000 	/System/Library/PrivateFrameworks/GPUCompiler.framework/libmetal_timestamp.dylib
0x000000000b75e000 	/System/Library/Frameworks/OpenGL.framework/Versions/A/Libraries/libCoreFSCache.dylib
0x000000000b75e000 	/System/Library/PrivateFrameworks/IOAccelerator.framework/Versions/A/IOAccelerator
0x000000000b75e000 	/System/Library/Frameworks/ApplicationServices.framework/Versions/A/Frameworks/ATS.framework/Versions/A/Resources/libFontParser.dylib
0x000000000b75e000 	/System/Library/Frameworks/ApplicationServices.framework/Versions/A/Frameworks/ATS.framework/Versions/A/Resources/libFontRegistry.dylib
0x000000000b75e000 	/System/Library/PrivateFrameworks/AppleVPA.framework/Versions/A/AppleVPA
0x000000000b75e000 	/System/Library/PrivateFrameworks/AppleJPEG.framework/Versions/A/AppleJPEG
0x000000000b75e000 	/System/Library/Frameworks/ImageIO.framework/Versions/A/Resources/libJPEG.dylib
0x000000000b75e000 	/System/Library/Frameworks/ImageIO.framework/Versions/A/Resources/libTIFF.dylib
0x000000000b75e000 	/System/Library/Frameworks/ImageIO.framework/Versions/A/Resources/libPng.dylib
0x000000000b75e000 	/System/Library/Frameworks/ImageIO.framework/Versions/A/Resources/libGIF.dylib
0x000000000b75e000 	/System/Library/Frameworks/ImageIO.framework/Versions/A/Resources/libJP2.dylib
0x000000000b75e000 	/System/Library/Frameworks/ImageIO.framework/Versions/A/Resources/libRadiance.dylib
0x000000000b75e000 	/System/Library/Frameworks/CoreVideo.framework/Versions/A/CoreVideo
0x000000000b75e000 	/System/Library/Frameworks/OpenGL.framework/Versions/A/Libraries/libGLU.dylib
0x000000000b75e000 	/System/Library/Frameworks/OpenGL.framework/Versions/A/Libraries/libGFXShared.dylib
0x000000000b75e000 	/System/Library/Frameworks/OpenGL.framework/Versions/A/Libraries/libGL.dylib
0x000000000b75e000 	/System/Library/Frameworks/OpenGL.framework/Versions/A/Libraries/libGLImage.dylib
0x000000000b75e000 	/System/Library/Frameworks/OpenGL.framework/Versions/A/Libraries/libCVMSPluginSupport.dylib
0x000000000b75e000 	/System/Library/Frameworks/OpenGL.framework/Versions/A/Libraries/libCoreVMClient.dylib
0x000000000b75e000 	/usr/lib/libcompression.dylib
0x000000000b75e000 	/usr/lib/libcups.2.dylib
0x000000000b75e000 	/System/Library/Frameworks/Kerberos.framework/Versions/A/Kerberos
0x000000000b75e000 	/System/Library/Frameworks/GSS.framework/Versions/A/GSS
0x000000000b75e000 	/usr/lib/libresolv.9.dylib
0x000000000b75e000 	/usr/lib/libiconv.2.dylib
0x000000000b75e000 	/System/Library/PrivateFrameworks/Heimdal.framework/Versions/A/Heimdal
0x000000000b75e000 	/usr/lib/libheimdal-asn1.dylib
0x000000000b75e000 	/System/Library/Frameworks/OpenDirectory.framework/Versions/A/OpenDirectory
0x000000000b75e000 	/System/Library/PrivateFrameworks/CommonAuth.framework/Versions/A/CommonAuth
0x000000000b75e000 	/System/Library/Frameworks/OpenDirectory.framework/Versions/A/Frameworks/CFOpenDirectory.framework/Versions/A/CFOpenDirectory
0x000000000b75e000 	/System/Library/Frameworks/SecurityFoundation.framework/Versions/A/SecurityFoundation
0x000000000b75e000 	/System/Library/PrivateFrameworks/LanguageModeling.framework/Versions/A/LanguageModeling
0x000000000b75e000 	/usr/lib/libmarisa.dylib
0x000000000b75e000 	/usr/lib/libChineseTokenizer.dylib
0x000000000b75e000 	/usr/lib/libcmph.dylib
0x000000000b75e000 	/System/Library/Frameworks/ServiceManagement.framework/Versions/A/ServiceManagement
0x000000000b75e000 	/usr/lib/libxslt.1.dylib
0x000000000b75e000 	/System/Library/Frameworks/Carbon.framework/Versions/A/Frameworks/Ink.framework/Versions/A/Ink
0x000000000b75e000 	/usr/lib/libFosl_dynamic.dylib
0x000000000b75e000 	/System/Library/PrivateFrameworks/FaceCore.framework/Versions/A/FaceCore
0x000000000b75e000 	/System/Library/Frameworks/OpenCL.framework/Versions/A/OpenCL
0x000000000b75e000 	/System/Library/PrivateFrameworks/CrashReporterSupport.framework/Versions/A/CrashReporterSupport
0x000000000b75e000 	/System/Library/PrivateFrameworks/IconServices.framework/Versions/A/IconServices
0x000000000b75e000 	/System/Library/PrivateFrameworks/Apple80211.framework/Versions/A/Apple80211
0x000000000b75e000 	/System/Library/Frameworks/CoreWLAN.framework/Versions/A/CoreWLAN
0x000000000b75e000 	/System/Library/Frameworks/IOBluetooth.framework/Versions/A/IOBluetooth
0x000000000b75e000 	/System/Library/PrivateFrameworks/CoreWiFi.framework/Versions/A/CoreWiFi
0x000000000b75e000 	/System/Library/Frameworks/CoreBluetooth.framework/Versions/A/CoreBluetooth
0x000000000b75e000 	/System/Library/PrivateFrameworks/ChunkingLibrary.framework/Versions/A/ChunkingLibrary
0x000000000b75e000 	/System/Library/PrivateFrameworks/DebugSymbols.framework/Versions/A/DebugSymbols
0x000000000b75e000 	/System/Library/PrivateFrameworks/CoreSymbolication.framework/Versions/A/CoreSymbolication
0x000000000b75e000 	/System/Library/PrivateFrameworks/Symbolication.framework/Versions/A/Symbolication
0x000000000b75e000 	/System/Library/PrivateFrameworks/SpeechRecognitionCore.framework/Versions/A/SpeechRecognitionCore
0x0000000108600000 	/Library/Java/JavaVirtualMachines/jdk1.8.0_91.jdk/Contents/Home/jre/lib/server/libjvm.dylib
0x000000000b75e000 	/usr/lib/libstdc++.6.dylib
0x0000000107507000 	/Library/Java/JavaVirtualMachines/jdk1.8.0_91.jdk/Contents/Home/jre/lib/libverify.dylib
0x0000000107515000 	/Library/Java/JavaVirtualMachines/jdk1.8.0_91.jdk/Contents/Home/jre/lib/libjava.dylib
0x0000000107554000 	/Library/Java/JavaVirtualMachines/jdk1.8.0_91.jdk/Contents/Home/jre/lib/libzip.dylib
0x00000001245b1000 	/System/Library/Frameworks/JavaVM.framework/Frameworks/JavaRuntimeSupport.framework/JavaRuntimeSupport
0x00000001245cc000 	/System/Library/Frameworks/JavaVM.framework/Versions/A/Frameworks/JavaNativeFoundation.framework/Versions/A/JavaNativeFoundation
0x00000001245e1000 	/System/Library/Frameworks/JavaVM.framework/Versions/A/JavaVM
0x000000000b75e000 	/System/Library/Frameworks/Carbon.framework/Versions/A/Carbon
0x00000001245ee000 	/System/Library/PrivateFrameworks/JavaLaunching.framework/Versions/A/JavaLaunching
0x000000000b75e000 	/System/Library/Frameworks/Carbon.framework/Versions/A/Frameworks/CommonPanels.framework/Versions/A/CommonPanels
0x000000000b75e000 	/System/Library/Frameworks/Carbon.framework/Versions/A/Frameworks/Help.framework/Versions/A/Help
0x000000000b75e000 	/System/Library/Frameworks/Carbon.framework/Versions/A/Frameworks/ImageCapture.framework/Versions/A/ImageCapture
0x000000000b75e000 	/System/Library/Frameworks/Carbon.framework/Versions/A/Frameworks/OpenScripting.framework/Versions/A/OpenScripting
0x000000000b75e000 	/System/Library/Frameworks/Carbon.framework/Versions/A/Frameworks/Print.framework/Versions/A/Print
0x000000000b75e000 	/System/Library/Frameworks/Carbon.framework/Versions/A/Frameworks/SecurityHI.framework/Versions/A/SecurityHI
0x0000000125f1f000 	/Users/codeandchords/Documents/CodeAndChords/Visuals/Eclipse/workspace/CodeAndChordsEclipseProject/libs/libjportaudio.jnilib
0x0000000125f25000 	/usr/local/lib/libportaudio.2.dylib
0x0000000125f3d000 	/System/Library/Extensions/AppleHDA.kext/Contents/PlugIns/AppleHDAHALPlugIn.bundle/Contents/MacOS/AppleHDAHALPlugIn
0x0000000125f48000 	/Library/Audio/Plug-Ins/HAL/JackRouter.plugin/Contents/MacOS/JackRouter
0x0000000125f8b000 	/usr/local/lib/libjack.0.dylib
0x000000000b75e000 	/System/Library/PrivateFrameworks/CoreServicesInternal.framework/Versions/A/CoreServicesInternal
0x0000000126176000 	/System/Library/Components/CoreAudio.component/Contents/MacOS/CoreAudio

VM Arguments:
jvm_args: -Djava.library.path=/Users/codeandchords/Documents/CodeAndChords/Visuals/Eclipse/workspace/CodeAndChordsEclipseProject/libs -Dfile.encoding=UTF-8 
java_command: multiInputTest.Driver
java_class_path (initial): /Users/codeandchords/Documents/CodeAndChords/Visuals/Eclipse/workspace/CodeAndChordsEclipseProject/bin:/Users/codeandchords/Documents/CodeAndChords/Visuals/Eclipse/workspace/CodeAndChordsEclipseProject/core.jar:/Users/codeandchords/Documents/CodeAndChords/Visuals/Eclipse/workspace/CodeAndChordsEclipseProject/beads-io.jar:/Users/codeandchords/Documents/CodeAndChords/Visuals/Eclipse/workspace/CodeAndChordsEclipseProject/beads.jar:/Users/codeandchords/Documents/CodeAndChords/Visuals/Eclipse/workspace/CodeAndChordsEclipseProject/controlP5.jar:/Users/codeandchords/Documents/CodeAndChords/Visuals/Eclipse/workspace/CodeAndChordsEclipseProject/sound.jar:/Users/codeandchords/Documents/CodeAndChords/Visuals/Eclipse/workspace/CodeAndChordsEclipseProject/org-jaudiolibs-audioservers.jar:/Users/codeandchords/Documents/CodeAndChords/Visuals/Eclipse/workspace/CodeAndChordsEclipseProject/jportaudio.jar
Launcher Type: SUN_STANDARD

Environment Variables:
PATH=/usr/bin:/bin:/usr/sbin:/sbin
SHELL=/bin/bash

Signal Handlers:
SIGSEGV: [libjvm.dylib+0x5a97a1], sa_mask[0]=11111111011111110111111111111111, sa_flags=SA_ONSTACK|SA_RESTART|SA_SIGINFO
SIGBUS: [libjvm.dylib+0x5a97a1], sa_mask[0]=11111111011111110111111111111111, sa_flags=SA_RESTART|SA_SIGINFO
SIGFPE: [libjvm.dylib+0x482594], sa_mask[0]=11111111011111110111111111111111, sa_flags=SA_RESTART|SA_SIGINFO
SIGPIPE: [libjvm.dylib+0x482594], sa_mask[0]=11111111011111110111111111111111, sa_flags=SA_RESTART|SA_SIGINFO
SIGXFSZ: [libjvm.dylib+0x482594], sa_mask[0]=11111111011111110111111111111111, sa_flags=SA_RESTART|SA_SIGINFO
SIGILL: [libjvm.dylib+0x482594], sa_mask[0]=11111111011111110111111111111111, sa_flags=SA_RESTART|SA_SIGINFO
SIGUSR1: SIG_DFL, sa_mask[0]=00000000000000000000000000000000, sa_flags=none
SIGUSR2: [libjvm.dylib+0x4820b2], sa_mask[0]=00100000000000000000000000000000, sa_flags=SA_RESTART|SA_SIGINFO
SIGHUP: [libjvm.dylib+0x480689], sa_mask[0]=11111111011111110111111111111111, sa_flags=SA_RESTART|SA_SIGINFO
SIGINT: [libjvm.dylib+0x480689], sa_mask[0]=11111111011111110111111111111111, sa_flags=SA_RESTART|SA_SIGINFO
SIGTERM: [libjvm.dylib+0x480689], sa_mask[0]=11111111011111110111111111111111, sa_flags=SA_RESTART|SA_SIGINFO
SIGQUIT: [libjvm.dylib+0x480689], sa_mask[0]=11111111011111110111111111111111, sa_flags=SA_RESTART|SA_SIGINFO


---------------  S Y S T E M  ---------------

OS:Bsduname:Darwin 15.6.0 Darwin Kernel Version 15.6.0: Mon Aug 29 20:21:34 PDT 2016; root:xnu-3248.60.11~1/RELEASE_X86_64 x86_64
rlimit: STACK 8192k, CORE 0k, NPROC 709, NOFILE 10240, AS infinity
load average:1.87 1.65 1.60

CPU:total 8 (4 cores per cpu, 2 threads per core) family 6 model 70 stepping 1, cmov, cx8, fxsr, mmx, sse, sse2, sse3, ssse3, sse4.1, sse4.2, popcnt, avx, avx2, aes, clmul, erms, lzcnt, ht, tsc, tscinvbit, bmi1, bmi2

Memory: 4k page, physical 16777216k(2816500k free)

/proc/meminfo:


vm_info: Java HotSpot(TM) 64-Bit Server VM (25.91-b14) for bsd-amd64 JRE (1.8.0_91-b14), built on Apr  1 2016 01:03:00 by "java_re" with gcc 4.2.1 (Based on Apple Inc. build 5658) (LLVM build 2336.11.00)

time: Mon Jul  3 13:23:13 2017
elapsed time: 1 seconds (0d 0h 0m 1s)

