#
# A fatal error has been detected by the Java Runtime Environment:
#
#  SIGSEGV (0xb) at pc=0x00007fff8c94201c, pid=30150, tid=5891
#
# JRE version: Java(TM) SE Runtime Environment (8.0_91-b14) (build 1.8.0_91-b14)
# Java VM: Java HotSpot(TM) 64-Bit Server VM (25.91-b14 mixed mode bsd-amd64 compressed oops)
# Problematic frame:
# C  [libsystem_platform.dylib+0x501c]  _platform_memmove$VARIANT$Haswell+0xfc
#
# Failed to write core dump. Core dumps have been disabled. To enable core dumping, try "ulimit -c unlimited" before starting Java again
#
# If you would like to submit a bug report, please visit:
#   http://bugreport.java.com/bugreport/crash.jsp
# The crash happened outside the Java Virtual Machine in native code.
# See problematic frame for where to report the bug.
#

---------------  T H R E A D  ---------------

Current thread (0x00007fc0cb806000):  JavaThread "main" [_thread_in_native, id=5891, stack(0x000070000011a000,0x000070000021a000)]

siginfo: si_signo: 11 (SIGSEGV), si_code: 1 (SEGV_MAPERR), si_addr: 0x00000001289ed000

Registers:
RAX=0x00000001289ed000, RBX=0x00007fc0cb02b718, RCX=0x0000000000000020, RDX=0x0000000000000fe0
RSP=0x00007000002195e0, RBP=0x00007000002195e0, RSI=0x00007fc0cc007020, RDI=0x00000001289ed020
R8 =0x0000000000000fff, R9 =0x0000000000000000, R10=0x00000001289ed000, R11=0xffff80405c9e6000
R12=0x0000000000000200, R13=0x00000001289ed000, R14=0x0000000000000200, R15=0x0000000000000000
RIP=0x00007fff8c94201c, EFLAGS=0x0000000000010202, ERR=0x0000000000000006
  TRAPNO=0x000000000000000e

Top of Stack: (sp=0x00007000002195e0)
0x00007000002195e0:   0000700000219630 0000000128550c81
0x00007000002195f0:   00007fc0cb02b540 00000001289ed000
0x0000700000219600:   0000000000000000 00007fc0cb02b718
0x0000700000219610:   000000000000e8cc 00000001248c43e8
0x0000700000219620:   00007fc0cb02b540 00000001289ed000
0x0000700000219630:   0000700000219660 000000012855065b
0x0000700000219640:   00000001248c43e8 0000000000000000
0x0000700000219650:   0000700000219788 00007fc0cb806000
0x0000700000219660:   00007000002196f0 000000012853d639
0x0000700000219670:   00007000002196e0 000000010aee507f
0x0000700000219680:   00007fc0cb806000 00007fc0cb806000
0x0000700000219690:   00007fc0cb806000 00000001248c43e8
0x00007000002196a0:   00007fc0cb806000 00000001248c43e8
0x00007000002196b0:   00007fc0cb02b540 00000001248c43e8
0x00007000002196c0:   000000012895f000 000204cc248c43e8
0x00007000002196d0:   0000700000219780 0000700000219788
0x00007000002196e0:   00007fc0cb8061f8 000000010bbab872
0x00007000002196f0:   0000700000219758 000000010bbab9d4
0x0000700000219700:   0000700000219758 000000010bbab767
0x0000700000219710:   000000010bbab722 0000700000219718
0x0000700000219720:   00000001248c43e8 0000700000219788
0x0000700000219730:   00000001248c5020 0000000000000000
0x0000700000219740:   00000001248c43e8 0000000000000000
0x0000700000219750:   0000700000219778 00007000002197d0
0x0000700000219760:   000000010bb9ba90 0000000000000000
0x0000700000219770:   000000010bba5520 00000000000204cc
0x0000700000219780:   000000076ad8f5e8 000000076ac1d940
0x0000700000219790:   0000700000219790 00000001248c452d
0x00007000002197a0:   00007000002197f0 00000001248c5020
0x00007000002197b0:   0000000000000000 00000001248c4568
0x00007000002197c0:   0000700000219778 00007000002197e0
0x00007000002197d0:   0000700000219838 000000010bb9ba90 

Instructions: (pc=0x00007fff8c94201c)
0x00007fff8c941ffc:   1f 44 00 00 c5 fc 10 06 48 83 c7 20 48 83 e7 e0
0x00007fff8c94200c:   48 89 f9 48 29 c1 48 01 ce 48 29 ca c5 fc 10 0e
0x00007fff8c94201c:   c5 fc 11 00 c5 fc 10 56 20 48 83 c6 40 48 81 ea
0x00007fff8c94202c:   80 00 00 00 76 4e 48 f7 c6 1f 00 00 00 74 25 c5 

Register to memory mapping:

RAX=0x00000001289ed000 is an unknown value
RBX=0x00007fc0cb02b718 is an unknown value
RCX=0x0000000000000020 is an unknown value
RDX=0x0000000000000fe0 is an unknown value
RSP=0x00007000002195e0 is pointing into the stack for thread: 0x00007fc0cb806000
RBP=0x00007000002195e0 is pointing into the stack for thread: 0x00007fc0cb806000
RSI=0x00007fc0cc007020 is an unknown value
RDI=0x00000001289ed020 is an unknown value
R8 =0x0000000000000fff is an unknown value
R9 =0x0000000000000000 is an unknown value
R10=0x00000001289ed000 is an unknown value
R11=0xffff80405c9e6000 is an unknown value
R12=0x0000000000000200 is an unknown value
R13=0x00000001289ed000 is an unknown value
R14=0x0000000000000200 is an unknown value
R15=0x0000000000000000 is an unknown value


Stack: [0x000070000011a000,0x000070000021a000],  sp=0x00007000002195e0,  free space=1021k
Native frames: (J=compiled Java code, j=interpreted, Vv=VM code, C=native code)
C  [libsystem_platform.dylib+0x501c]  _platform_memmove$VARIANT$Haswell+0xfc
C  [libportaudio.2.dylib+0xec81]  PaUtil_ReadRingBuffer+0xa1
C  [libportaudio.2.dylib+0xe65b]  ReadStream+0x5b
C  [libjportaudio.jnilib+0x1639]  Java_com_portaudio_BlockingStream_readFloats+0x119
j  com.portaudio.BlockingStream.readFloats([FI)Z+0
j  com.portaudio.BlockingStream.read([FI)Z+21
j  core.PortAudioAudioServer.run()V+294
j  multiInputTest.Driver.main([Ljava/lang/String;)V+32
v  ~StubRoutines::call_stub
V  [libjvm.dylib+0x2ec1e6]  JavaCalls::call_helper(JavaValue*, methodHandle*, JavaCallArguments*, Thread*)+0x6ae
V  [libjvm.dylib+0x322fbe]  jni_invoke_static(JNIEnv_*, JavaValue*, _jobject*, JNICallType, _jmethodID*, JNI_ArgumentPusher*, Thread*)+0x1bf
V  [libjvm.dylib+0x31bd35]  jni_CallStaticVoidMethod+0x15d
C  [java+0x393e]  JavaMain+0x9b1
C  [libsystem_pthread.dylib+0x399d]  _pthread_body+0x83
C  [libsystem_pthread.dylib+0x391a]  _pthread_body+0x0
C  [libsystem_pthread.dylib+0x1351]  thread_start+0xd
C  0x0000000000000000

Java frames: (J=compiled Java code, j=interpreted, Vv=VM code)
j  com.portaudio.BlockingStream.readFloats([FI)Z+0
j  com.portaudio.BlockingStream.read([FI)Z+21
j  core.PortAudioAudioServer.run()V+294
j  multiInputTest.Driver.main([Ljava/lang/String;)V+32
v  ~StubRoutines::call_stub

---------------  P R O C E S S  ---------------

Java Threads: ( => current thread )
  0x00007fc0c904c800 JavaThread "Service Thread" daemon [_thread_blocked, id=21251, stack(0x0000700001353000,0x0000700001453000)]
  0x00007fc0c9023800 JavaThread "C1 CompilerThread3" daemon [_thread_blocked, id=20739, stack(0x0000700001250000,0x0000700001350000)]
  0x00007fc0cb854000 JavaThread "C2 CompilerThread2" daemon [_thread_blocked, id=20227, stack(0x000070000114d000,0x000070000124d000)]
  0x00007fc0c9022800 JavaThread "C2 CompilerThread1" daemon [_thread_blocked, id=19715, stack(0x000070000104a000,0x000070000114a000)]
  0x00007fc0c8805000 JavaThread "C2 CompilerThread0" daemon [_thread_blocked, id=19203, stack(0x0000700000f47000,0x0000700001047000)]
  0x00007fc0c8809000 JavaThread "Signal Dispatcher" daemon [_thread_blocked, id=14863, stack(0x0000700000e44000,0x0000700000f44000)]
  0x00007fc0cc805000 JavaThread "Finalizer" daemon [_thread_blocked, id=14339, stack(0x0000700000c3b000,0x0000700000d3b000)]
  0x00007fc0cc802000 JavaThread "Reference Handler" daemon [_thread_blocked, id=13827, stack(0x0000700000b38000,0x0000700000c38000)]
=>0x00007fc0cb806000 JavaThread "main" [_thread_in_native, id=5891, stack(0x000070000011a000,0x000070000021a000)]

Other Threads:
  0x00007fc0cb84f800 VMThread [stack: 0x0000700000a35000,0x0000700000b35000] [id=13315]
  0x00007fc0cc809800 WatcherThread [stack: 0x0000700001456000,0x0000700001556000] [id=21763]

VM state:not at safepoint (normal execution)

VM Mutex/Monitor currently owned by a thread: None

Heap:
 PSYoungGen      total 76288K, used 3655K [0x000000076ab00000, 0x0000000770000000, 0x00000007c0000000)
  eden space 65536K, 5% used [0x000000076ab00000,0x000000076ae91c68,0x000000076eb00000)
  from space 10752K, 0% used [0x000000076f580000,0x000000076f580000,0x0000000770000000)
  to   space 10752K, 0% used [0x000000076eb00000,0x000000076eb00000,0x000000076f580000)
 ParOldGen       total 175104K, used 0K [0x00000006c0000000, 0x00000006cab00000, 0x000000076ab00000)
  object space 175104K, 0% used [0x00000006c0000000,0x00000006c0000000,0x00000006cab00000)
 Metaspace       used 2922K, capacity 4664K, committed 4864K, reserved 1056768K
  class space    used 324K, capacity 424K, committed 512K, reserved 1048576K

Card table byte_map: [0x000000011af54000,0x000000011b755000] byte_map_base: 0x0000000117954000

Marking Bits: (ParMarkBitMap*) 0x000000010b4e6eb0
 Begin Bits: [0x000000011bcab000, 0x000000011fcab000)
 End Bits:   [0x000000011fcab000, 0x0000000123cab000)

Polling page: 0x0000000109b67000

CodeCache: size=245760Kb used=1190Kb max_used=1190Kb free=244569Kb
 bounds [0x000000010bb94000, 0x000000010be04000, 0x000000011ab94000]
 total_blobs=302 nmethods=64 adapters=152
 compilation: enabled

Compilation events (10 events):
Event: 0.089 Thread 0x00007fc0c9023800   58       1       java.lang.StringCoding$StringEncoder::requestedCharsetName (5 bytes)
Event: 0.089 Thread 0x00007fc0c9023800 nmethod 58 0x000000010bcba3d0 code [0x000000010bcba520, 0x000000010bcba630]
Event: 0.138 Thread 0x00007fc0c9023800   60       3       sun.misc.MetaIndex::mayContain (51 bytes)
Event: 0.139 Thread 0x00007fc0c9023800 nmethod 60 0x000000010bcbaa10 code [0x000000010bcbabc0, 0x000000010bcbb238]
Event: 0.139 Thread 0x00007fc0c9023800   61       3       java.lang.AbstractStringBuilder::<init> (12 bytes)
Event: 0.139 Thread 0x00007fc0c9023800 nmethod 61 0x000000010bcbb4d0 code [0x000000010bcbb640, 0x000000010bcbb890]
Event: 0.139 Thread 0x00007fc0c9023800   63       3       java.util.Arrays::copyOf (19 bytes)
Event: 0.139 Thread 0x00007fc0c9023800 nmethod 63 0x000000010bcbb950 code [0x000000010bcbbae0, 0x000000010bcbbe08]
Event: 0.139 Thread 0x00007fc0c9023800   62   !   3       sun.misc.URLClassPath$JarLoader::getResource (85 bytes)
Event: 0.140 Thread 0x00007fc0c9023800 nmethod 62 0x000000010bcbbf10 code [0x000000010bcbc1c0, 0x000000010bcbd198]

GC Heap History (0 events):
No events

Deoptimization events (0 events):
No events

Internal exceptions (2 events):
Event: 0.025 Thread 0x00007fc0cb806000 Exception <a 'java/lang/NoSuchMethodError': Method sun.misc.Unsafe.defineClass(Ljava/lang/String;[BII)Ljava/lang/Class; name or signature does not match> (0x000000076ab07cc0) thrown at [/Users/java_re/workspace/8-2-build-macosx-x86_64/jdk8u91/6644/hotspot
Event: 0.025 Thread 0x00007fc0cb806000 Exception <a 'java/lang/NoSuchMethodError': Method sun.misc.Unsafe.prefetchRead(Ljava/lang/Object;J)V name or signature does not match> (0x000000076ab07fa8) thrown at [/Users/java_re/workspace/8-2-build-macosx-x86_64/jdk8u91/6644/hotspot/src/share/vm/prim

Events (10 events):
Event: 0.088 loading class com/portaudio/PortAudio
Event: 0.088 loading class com/portaudio/PortAudio done
Event: 0.089 loading class java/lang/ClassLoaderHelper
Event: 0.089 loading class java/lang/ClassLoaderHelper done
Event: 0.138 loading class com/portaudio/StreamParameters
Event: 0.138 loading class com/portaudio/StreamParameters done
Event: 0.138 loading class com/portaudio/DeviceInfo
Event: 0.138 loading class com/portaudio/DeviceInfo done
Event: 0.139 loading class com/portaudio/BlockingStream
Event: 0.139 loading class com/portaudio/BlockingStream done


Dynamic libraries:
0x000000000b75e000 	/System/Library/Frameworks/Cocoa.framework/Versions/A/Cocoa
0x000000000b75e000 	/System/Library/Frameworks/Security.framework/Versions/A/Security
0x000000000b75e000 	/System/Library/Frameworks/ApplicationServices.framework/Versions/A/ApplicationServices
0x000000000b75e000 	/usr/lib/libz.1.dylib
0x000000000b75e000 	/usr/lib/libSystem.B.dylib
0x000000000b75e000 	/usr/lib/libobjc.A.dylib
0x000000000b75e000 	/System/Library/Frameworks/CoreFoundation.framework/Versions/A/CoreFoundation
0x000000000b75e000 	/System/Library/Frameworks/Foundation.framework/Versions/C/Foundation
0x000000000b75e000 	/System/Library/Frameworks/AppKit.framework/Versions/C/AppKit
0x000000000b75e000 	/System/Library/Frameworks/CoreData.framework/Versions/A/CoreData
0x000000000b75e000 	/System/Library/PrivateFrameworks/RemoteViewServices.framework/Versions/A/RemoteViewServices
0x000000000b75e000 	/System/Library/PrivateFrameworks/UIFoundation.framework/Versions/A/UIFoundation
0x000000000b75e000 	/usr/lib/libScreenReader.dylib
0x000000000b75e000 	/System/Library/Frameworks/Accelerate.framework/Versions/A/Accelerate
0x000000000b75e000 	/System/Library/Frameworks/IOSurface.framework/Versions/A/IOSurface
0x000000000b75e000 	/System/Library/Frameworks/AudioToolbox.framework/Versions/A/AudioToolbox
0x000000000b75e000 	/System/Library/Frameworks/AudioUnit.framework/Versions/A/AudioUnit
0x000000000b75e000 	/System/Library/PrivateFrameworks/DataDetectorsCore.framework/Versions/A/DataDetectorsCore
0x000000000b75e000 	/System/Library/PrivateFrameworks/DesktopServicesPriv.framework/Versions/A/DesktopServicesPriv
0x000000000b75e000 	/System/Library/Frameworks/Carbon.framework/Versions/A/Frameworks/HIToolbox.framework/Versions/A/HIToolbox
0x000000000b75e000 	/System/Library/Frameworks/QuartzCore.framework/Versions/A/QuartzCore
0x000000000b75e000 	/System/Library/Frameworks/Carbon.framework/Versions/A/Frameworks/SpeechRecognition.framework/Versions/A/SpeechRecognition
0x000000000b75e000 	/usr/lib/libauto.dylib
0x000000000b75e000 	/usr/lib/libicucore.A.dylib
0x000000000b75e000 	/usr/lib/libxml2.2.dylib
0x000000000b75e000 	/System/Library/PrivateFrameworks/CoreUI.framework/Versions/A/CoreUI
0x000000000b75e000 	/System/Library/Frameworks/CoreAudio.framework/Versions/A/CoreAudio
0x000000000b75e000 	/System/Library/Frameworks/DiskArbitration.framework/Versions/A/DiskArbitration
0x000000000b75e000 	/usr/lib/liblangid.dylib
0x000000000b75e000 	/System/Library/PrivateFrameworks/MultitouchSupport.framework/Versions/A/MultitouchSupport
0x000000000b75e000 	/System/Library/Frameworks/IOKit.framework/Versions/A/IOKit
0x000000000b75e000 	/usr/lib/libDiagnosticMessagesClient.dylib
0x000000000b75e000 	/System/Library/Frameworks/CoreServices.framework/Versions/A/CoreServices
0x000000000b75e000 	/System/Library/PrivateFrameworks/PerformanceAnalysis.framework/Versions/A/PerformanceAnalysis
0x000000000b75e000 	/System/Library/PrivateFrameworks/GenerationalStorage.framework/Versions/A/GenerationalStorage
0x000000000b75e000 	/System/Library/Frameworks/OpenGL.framework/Versions/A/OpenGL
0x000000000b75e000 	/System/Library/PrivateFrameworks/Sharing.framework/Versions/A/Sharing
0x000000000b75e000 	/System/Library/Frameworks/CoreGraphics.framework/Versions/A/CoreGraphics
0x000000000b75e000 	/System/Library/Frameworks/CoreImage.framework/Versions/A/CoreImage
0x000000000b75e000 	/System/Library/Frameworks/CoreText.framework/Versions/A/CoreText
0x000000000b75e000 	/System/Library/Frameworks/ImageIO.framework/Versions/A/ImageIO
0x000000000b75e000 	/System/Library/PrivateFrameworks/Backup.framework/Versions/A/Backup
0x000000000b75e000 	/usr/lib/libextension.dylib
0x000000000b75e000 	/usr/lib/libarchive.2.dylib
0x000000000b75e000 	/System/Library/Frameworks/CFNetwork.framework/Versions/A/CFNetwork
0x000000000b75e000 	/System/Library/Frameworks/SystemConfiguration.framework/Versions/A/SystemConfiguration
0x000000000b75e000 	/usr/lib/libCRFSuite.dylib
0x000000000b75e000 	/usr/lib/libc++.1.dylib
0x000000000b75e000 	/usr/lib/libc++abi.dylib
0x000000000b75e000 	/usr/lib/system/libcache.dylib
0x000000000b75e000 	/usr/lib/system/libcommonCrypto.dylib
0x000000000b75e000 	/usr/lib/system/libcompiler_rt.dylib
0x000000000b75e000 	/usr/lib/system/libcopyfile.dylib
0x000000000b75e000 	/usr/lib/system/libcorecrypto.dylib
0x000000000b75e000 	/usr/lib/system/libdispatch.dylib
0x000000000b75e000 	/usr/lib/system/libdyld.dylib
0x000000000b75e000 	/usr/lib/system/libkeymgr.dylib
0x000000000b75e000 	/usr/lib/system/liblaunch.dylib
0x000000000b75e000 	/usr/lib/system/libmacho.dylib
0x000000000b75e000 	/usr/lib/system/libquarantine.dylib
0x000000000b75e000 	/usr/lib/system/libremovefile.dylib
0x000000000b75e000 	/usr/lib/system/libsystem_asl.dylib
0x000000000b75e000 	/usr/lib/system/libsystem_blocks.dylib
0x000000000b75e000 	/usr/lib/system/libsystem_c.dylib
0x000000000b75e000 	/usr/lib/system/libsystem_configuration.dylib
0x000000000b75e000 	/usr/lib/system/libsystem_coreservices.dylib
0x000000000b75e000 	/usr/lib/system/libsystem_coretls.dylib
0x000000000b75e000 	/usr/lib/system/libsystem_dnssd.dylib
0x000000000b75e000 	/usr/lib/system/libsystem_info.dylib
0x000000000b75e000 	/usr/lib/system/libsystem_kernel.dylib
0x000000000b75e000 	/usr/lib/system/libsystem_m.dylib
0x000000000b75e000 	/usr/lib/system/libsystem_malloc.dylib
0x000000000b75e000 	/usr/lib/system/libsystem_network.dylib
0x000000000b75e000 	/usr/lib/system/libsystem_networkextension.dylib
0x000000000b75e000 	/usr/lib/system/libsystem_notify.dylib
0x000000000b75e000 	/usr/lib/system/libsystem_platform.dylib
0x000000000b75e000 	/usr/lib/system/libsystem_pthread.dylib
0x000000000b75e000 	/usr/lib/system/libsystem_sandbox.dylib
0x000000000b75e000 	/usr/lib/system/libsystem_secinit.dylib
0x000000000b75e000 	/usr/lib/system/libsystem_trace.dylib
0x000000000b75e000 	/usr/lib/system/libunc.dylib
0x000000000b75e000 	/usr/lib/system/libunwind.dylib
0x000000000b75e000 	/usr/lib/system/libxpc.dylib
0x000000000b75e000 	/usr/lib/libenergytrace.dylib
0x000000000b75e000 	/usr/lib/libbsm.0.dylib
0x000000000b75e000 	/usr/lib/system/libkxld.dylib
0x000000000b75e000 	/usr/lib/libxar.1.dylib
0x000000000b75e000 	/usr/lib/libsqlite3.dylib
0x000000000b75e000 	/usr/lib/libpam.2.dylib
0x000000000b75e000 	/usr/lib/libOpenScriptingUtil.dylib
0x000000000b75e000 	/usr/lib/libbz2.1.0.dylib
0x000000000b75e000 	/usr/lib/liblzma.5.dylib
0x000000000b75e000 	/System/Library/Frameworks/CoreServices.framework/Versions/A/Frameworks/FSEvents.framework/Versions/A/FSEvents
0x000000000b75e000 	/System/Library/Frameworks/CoreServices.framework/Versions/A/Frameworks/CarbonCore.framework/Versions/A/CarbonCore
0x000000000b75e000 	/System/Library/Frameworks/CoreServices.framework/Versions/A/Frameworks/Metadata.framework/Versions/A/Metadata
0x000000000b75e000 	/System/Library/Frameworks/CoreServices.framework/Versions/A/Frameworks/OSServices.framework/Versions/A/OSServices
0x000000000b75e000 	/System/Library/Frameworks/CoreServices.framework/Versions/A/Frameworks/SearchKit.framework/Versions/A/SearchKit
0x000000000b75e000 	/System/Library/Frameworks/CoreServices.framework/Versions/A/Frameworks/AE.framework/Versions/A/AE
0x000000000b75e000 	/System/Library/Frameworks/CoreServices.framework/Versions/A/Frameworks/LaunchServices.framework/Versions/A/LaunchServices
0x000000000b75e000 	/System/Library/Frameworks/CoreServices.framework/Versions/A/Frameworks/DictionaryServices.framework/Versions/A/DictionaryServices
0x000000000b75e000 	/System/Library/Frameworks/CoreServices.framework/Versions/A/Frameworks/SharedFileList.framework/Versions/A/SharedFileList
0x000000000b75e000 	/System/Library/Frameworks/NetFS.framework/Versions/A/NetFS
0x000000000b75e000 	/System/Library/PrivateFrameworks/NetAuth.framework/Versions/A/NetAuth
0x000000000b75e000 	/System/Library/PrivateFrameworks/login.framework/Versions/A/Frameworks/loginsupport.framework/Versions/A/loginsupport
0x000000000b75e000 	/System/Library/PrivateFrameworks/TCC.framework/Versions/A/TCC
0x000000000b75e000 	/usr/lib/libmecabra.dylib
0x000000000b75e000 	/System/Library/Frameworks/ApplicationServices.framework/Versions/A/Frameworks/ATS.framework/Versions/A/ATS
0x000000000b75e000 	/System/Library/Frameworks/ApplicationServices.framework/Versions/A/Frameworks/ColorSync.framework/Versions/A/ColorSync
0x000000000b75e000 	/System/Library/Frameworks/ApplicationServices.framework/Versions/A/Frameworks/HIServices.framework/Versions/A/HIServices
0x000000000b75e000 	/System/Library/Frameworks/ApplicationServices.framework/Versions/A/Frameworks/LangAnalysis.framework/Versions/A/LangAnalysis
0x000000000b75e000 	/System/Library/Frameworks/ApplicationServices.framework/Versions/A/Frameworks/PrintCore.framework/Versions/A/PrintCore
0x000000000b75e000 	/System/Library/Frameworks/ApplicationServices.framework/Versions/A/Frameworks/QD.framework/Versions/A/QD
0x000000000b75e000 	/System/Library/Frameworks/ApplicationServices.framework/Versions/A/Frameworks/SpeechSynthesis.framework/Versions/A/SpeechSynthesis
0x000000000b75e000 	/System/Library/Frameworks/Metal.framework/Versions/A/Metal
0x000000000b75e000 	/System/Library/Frameworks/Accelerate.framework/Versions/A/Frameworks/vImage.framework/Versions/A/vImage
0x000000000b75e000 	/System/Library/Frameworks/Accelerate.framework/Versions/A/Frameworks/vecLib.framework/Versions/A/vecLib
0x000000000b75e000 	/System/Library/Frameworks/Accelerate.framework/Versions/A/Frameworks/vecLib.framework/Versions/A/libvDSP.dylib
0x000000000b75e000 	/System/Library/Frameworks/Accelerate.framework/Versions/A/Frameworks/vecLib.framework/Versions/A/libvMisc.dylib
0x000000000b75e000 	/System/Library/Frameworks/Accelerate.framework/Versions/A/Frameworks/vecLib.framework/Versions/A/libLAPACK.dylib
0x000000000b75e000 	/System/Library/Frameworks/Accelerate.framework/Versions/A/Frameworks/vecLib.framework/Versions/A/libBLAS.dylib
0x000000000b75e000 	/System/Library/Frameworks/Accelerate.framework/Versions/A/Frameworks/vecLib.framework/Versions/A/libLinearAlgebra.dylib
0x000000000b75e000 	/System/Library/Frameworks/Accelerate.framework/Versions/A/Frameworks/vecLib.framework/Versions/A/libSparseBLAS.dylib
0x000000000b75e000 	/System/Library/PrivateFrameworks/GPUCompiler.framework/libmetal_timestamp.dylib
0x000000000b75e000 	/System/Library/Frameworks/OpenGL.framework/Versions/A/Libraries/libCoreFSCache.dylib
0x000000000b75e000 	/System/Library/PrivateFrameworks/IOAccelerator.framework/Versions/A/IOAccelerator
0x000000000b75e000 	/System/Library/Frameworks/ApplicationServices.framework/Versions/A/Frameworks/ATS.framework/Versions/A/Resources/libFontParser.dylib
0x000000000b75e000 	/System/Library/Frameworks/ApplicationServices.framework/Versions/A/Frameworks/ATS.framework/Versions/A/Resources/libFontRegistry.dylib
0x000000000b75e000 	/System/Library/PrivateFrameworks/AppleVPA.framework/Versions/A/AppleVPA
0x000000000b75e000 	/System/Library/PrivateFrameworks/AppleJPEG.framework/Versions/A/AppleJPEG
0x000000000b75e000 	/System/Library/Frameworks/ImageIO.framework/Versions/A/Resources/libJPEG.dylib
0x000000000b75e000 	/System/Library/Frameworks/ImageIO.framework/Versions/A/Resources/libTIFF.dylib
0x000000000b75e000 	/System/Library/Frameworks/ImageIO.framework/Versions/A/Resources/libPng.dylib
0x000000000b75e000 	/System/Library/Frameworks/ImageIO.framework/Versions/A/Resources/libGIF.dylib
0x000000000b75e000 	/System/Library/Frameworks/ImageIO.framework/Versions/A/Resources/libJP2.dylib
0x000000000b75e000 	/System/Library/Frameworks/ImageIO.framework/Versions/A/Resources/libRadiance.dylib
0x000000000b75e000 	/System/Library/Frameworks/CoreVideo.framework/Versions/A/CoreVideo
0x000000000b75e000 	/System/Library/Frameworks/OpenGL.framework/Versions/A/Libraries/libGLU.dylib
0x000000000b75e000 	/System/Library/Frameworks/OpenGL.framework/Versions/A/Libraries/libGFXShared.dylib
0x000000000b75e000 	/System/Library/Frameworks/OpenGL.framework/Versions/A/Libraries/libGL.dylib
0x000000000b75e000 	/System/Library/Frameworks/OpenGL.framework/Versions/A/Libraries/libGLImage.dylib
0x000000000b75e000 	/System/Library/Frameworks/OpenGL.framework/Versions/A/Libraries/libCVMSPluginSupport.dylib
0x000000000b75e000 	/System/Library/Frameworks/OpenGL.framework/Versions/A/Libraries/libCoreVMClient.dylib
0x000000000b75e000 	/usr/lib/libcompression.dylib
0x000000000b75e000 	/usr/lib/libcups.2.dylib
0x000000000b75e000 	/System/Library/Frameworks/Kerberos.framework/Versions/A/Kerberos
0x000000000b75e000 	/System/Library/Frameworks/GSS.framework/Versions/A/GSS
0x000000000b75e000 	/usr/lib/libresolv.9.dylib
0x000000000b75e000 	/usr/lib/libiconv.2.dylib
0x000000000b75e000 	/System/Library/PrivateFrameworks/Heimdal.framework/Versions/A/Heimdal
0x000000000b75e000 	/usr/lib/libheimdal-asn1.dylib
0x000000000b75e000 	/System/Library/Frameworks/OpenDirectory.framework/Versions/A/OpenDirectory
0x000000000b75e000 	/System/Library/PrivateFrameworks/CommonAuth.framework/Versions/A/CommonAuth
0x000000000b75e000 	/System/Library/Frameworks/OpenDirectory.framework/Versions/A/Frameworks/CFOpenDirectory.framework/Versions/A/CFOpenDirectory
0x000000000b75e000 	/System/Library/Frameworks/SecurityFoundation.framework/Versions/A/SecurityFoundation
0x000000000b75e000 	/System/Library/PrivateFrameworks/LanguageModeling.framework/Versions/A/LanguageModeling
0x000000000b75e000 	/usr/lib/libmarisa.dylib
0x000000000b75e000 	/usr/lib/libChineseTokenizer.dylib
0x000000000b75e000 	/usr/lib/libcmph.dylib
0x000000000b75e000 	/System/Library/Frameworks/ServiceManagement.framework/Versions/A/ServiceManagement
0x000000000b75e000 	/usr/lib/libxslt.1.dylib
0x000000000b75e000 	/System/Library/Frameworks/Carbon.framework/Versions/A/Frameworks/Ink.framework/Versions/A/Ink
0x000000000b75e000 	/usr/lib/libFosl_dynamic.dylib
0x000000000b75e000 	/System/Library/PrivateFrameworks/FaceCore.framework/Versions/A/FaceCore
0x000000000b75e000 	/System/Library/Frameworks/OpenCL.framework/Versions/A/OpenCL
0x000000000b75e000 	/System/Library/PrivateFrameworks/CrashReporterSupport.framework/Versions/A/CrashReporterSupport
0x000000000b75e000 	/System/Library/PrivateFrameworks/IconServices.framework/Versions/A/IconServices
0x000000000b75e000 	/System/Library/PrivateFrameworks/Apple80211.framework/Versions/A/Apple80211
0x000000000b75e000 	/System/Library/Frameworks/CoreWLAN.framework/Versions/A/CoreWLAN
0x000000000b75e000 	/System/Library/Frameworks/IOBluetooth.framework/Versions/A/IOBluetooth
0x000000000b75e000 	/System/Library/PrivateFrameworks/CoreWiFi.framework/Versions/A/CoreWiFi
0x000000000b75e000 	/System/Library/Frameworks/CoreBluetooth.framework/Versions/A/CoreBluetooth
0x000000000b75e000 	/System/Library/PrivateFrameworks/ChunkingLibrary.framework/Versions/A/ChunkingLibrary
0x000000000b75e000 	/System/Library/PrivateFrameworks/DebugSymbols.framework/Versions/A/DebugSymbols
0x000000000b75e000 	/System/Library/PrivateFrameworks/CoreSymbolication.framework/Versions/A/CoreSymbolication
0x000000000b75e000 	/System/Library/PrivateFrameworks/Symbolication.framework/Versions/A/Symbolication
0x000000000b75e000 	/System/Library/PrivateFrameworks/SpeechRecognitionCore.framework/Versions/A/SpeechRecognitionCore
0x000000010ac00000 	/Library/Java/JavaVirtualMachines/jdk1.8.0_91.jdk/Contents/Home/jre/lib/server/libjvm.dylib
0x000000000b75e000 	/usr/lib/libstdc++.6.dylib
0x0000000109b24000 	/Library/Java/JavaVirtualMachines/jdk1.8.0_91.jdk/Contents/Home/jre/lib/libverify.dylib
0x0000000109b32000 	/Library/Java/JavaVirtualMachines/jdk1.8.0_91.jdk/Contents/Home/jre/lib/libjava.dylib
0x0000000109b71000 	/Library/Java/JavaVirtualMachines/jdk1.8.0_91.jdk/Contents/Home/jre/lib/libzip.dylib
0x0000000126bd1000 	/System/Library/Frameworks/JavaVM.framework/Frameworks/JavaRuntimeSupport.framework/JavaRuntimeSupport
0x0000000126bec000 	/System/Library/Frameworks/JavaVM.framework/Versions/A/Frameworks/JavaNativeFoundation.framework/Versions/A/JavaNativeFoundation
0x0000000109bf3000 	/System/Library/Frameworks/JavaVM.framework/Versions/A/JavaVM
0x000000000b75e000 	/System/Library/Frameworks/Carbon.framework/Versions/A/Carbon
0x0000000126c01000 	/System/Library/PrivateFrameworks/JavaLaunching.framework/Versions/A/JavaLaunching
0x000000000b75e000 	/System/Library/Frameworks/Carbon.framework/Versions/A/Frameworks/CommonPanels.framework/Versions/A/CommonPanels
0x000000000b75e000 	/System/Library/Frameworks/Carbon.framework/Versions/A/Frameworks/Help.framework/Versions/A/Help
0x000000000b75e000 	/System/Library/Frameworks/Carbon.framework/Versions/A/Frameworks/ImageCapture.framework/Versions/A/ImageCapture
0x000000000b75e000 	/System/Library/Frameworks/Carbon.framework/Versions/A/Frameworks/OpenScripting.framework/Versions/A/OpenScripting
0x000000000b75e000 	/System/Library/Frameworks/Carbon.framework/Versions/A/Frameworks/Print.framework/Versions/A/Print
0x000000000b75e000 	/System/Library/Frameworks/Carbon.framework/Versions/A/Frameworks/SecurityHI.framework/Versions/A/SecurityHI
0x000000012853c000 	/Users/codeandchords/Documents/CodeAndChords/Visuals/Eclipse/workspace/CodeAndChordsEclipseProject/libs/libjportaudio.jnilib
0x0000000128542000 	/usr/local/lib/libportaudio.2.dylib
0x000000012855a000 	/System/Library/Extensions/AppleHDA.kext/Contents/PlugIns/AppleHDAHALPlugIn.bundle/Contents/MacOS/AppleHDAHALPlugIn
0x0000000128565000 	/Library/Audio/Plug-Ins/HAL/JackRouter.plugin/Contents/MacOS/JackRouter
0x00000001285a8000 	/usr/local/lib/libjack.0.dylib
0x000000000b75e000 	/System/Library/PrivateFrameworks/CoreServicesInternal.framework/Versions/A/CoreServicesInternal
0x0000000128799000 	/System/Library/Components/CoreAudio.component/Contents/MacOS/CoreAudio

VM Arguments:
jvm_args: -Djava.library.path=/Users/codeandchords/Documents/CodeAndChords/Visuals/Eclipse/workspace/CodeAndChordsEclipseProject/libs -Dfile.encoding=UTF-8 
java_command: multiInputTest.Driver
java_class_path (initial): /Users/codeandchords/Documents/CodeAndChords/Visuals/Eclipse/workspace/CodeAndChordsEclipseProject/bin:/Users/codeandchords/Documents/CodeAndChords/Visuals/Eclipse/workspace/CodeAndChordsEclipseProject/core.jar:/Users/codeandchords/Documents/CodeAndChords/Visuals/Eclipse/workspace/CodeAndChordsEclipseProject/beads-io.jar:/Users/codeandchords/Documents/CodeAndChords/Visuals/Eclipse/workspace/CodeAndChordsEclipseProject/beads.jar:/Users/codeandchords/Documents/CodeAndChords/Visuals/Eclipse/workspace/CodeAndChordsEclipseProject/controlP5.jar:/Users/codeandchords/Documents/CodeAndChords/Visuals/Eclipse/workspace/CodeAndChordsEclipseProject/sound.jar:/Users/codeandchords/Documents/CodeAndChords/Visuals/Eclipse/workspace/CodeAndChordsEclipseProject/org-jaudiolibs-audioservers.jar:/Users/codeandchords/Documents/CodeAndChords/Visuals/Eclipse/workspace/CodeAndChordsEclipseProject/jportaudio.jar
Launcher Type: SUN_STANDARD

Environment Variables:
PATH=/usr/bin:/bin:/usr/sbin:/sbin
SHELL=/bin/bash

Signal Handlers:
SIGSEGV: [libjvm.dylib+0x5a97a1], sa_mask[0]=11111111011111110111111111111111, sa_flags=SA_ONSTACK|SA_RESTART|SA_SIGINFO
SIGBUS: [libjvm.dylib+0x5a97a1], sa_mask[0]=11111111011111110111111111111111, sa_flags=SA_RESTART|SA_SIGINFO
SIGFPE: [libjvm.dylib+0x482594], sa_mask[0]=11111111011111110111111111111111, sa_flags=SA_RESTART|SA_SIGINFO
SIGPIPE: [libjvm.dylib+0x482594], sa_mask[0]=11111111011111110111111111111111, sa_flags=SA_RESTART|SA_SIGINFO
SIGXFSZ: [libjvm.dylib+0x482594], sa_mask[0]=11111111011111110111111111111111, sa_flags=SA_RESTART|SA_SIGINFO
SIGILL: [libjvm.dylib+0x482594], sa_mask[0]=11111111011111110111111111111111, sa_flags=SA_RESTART|SA_SIGINFO
SIGUSR1: SIG_DFL, sa_mask[0]=00000000000000000000000000000000, sa_flags=none
SIGUSR2: [libjvm.dylib+0x4820b2], sa_mask[0]=00100000000000000000000000000000, sa_flags=SA_RESTART|SA_SIGINFO
SIGHUP: [libjvm.dylib+0x480689], sa_mask[0]=11111111011111110111111111111111, sa_flags=SA_RESTART|SA_SIGINFO
SIGINT: [libjvm.dylib+0x480689], sa_mask[0]=11111111011111110111111111111111, sa_flags=SA_RESTART|SA_SIGINFO
SIGTERM: [libjvm.dylib+0x480689], sa_mask[0]=11111111011111110111111111111111, sa_flags=SA_RESTART|SA_SIGINFO
SIGQUIT: [libjvm.dylib+0x480689], sa_mask[0]=11111111011111110111111111111111, sa_flags=SA_RESTART|SA_SIGINFO


---------------  S Y S T E M  ---------------

OS:Bsduname:Darwin 15.6.0 Darwin Kernel Version 15.6.0: Mon Aug 29 20:21:34 PDT 2016; root:xnu-3248.60.11~1/RELEASE_X86_64 x86_64
rlimit: STACK 8192k, CORE 0k, NPROC 709, NOFILE 10240, AS infinity
load average:2.07 2.11 2.09

CPU:total 8 (4 cores per cpu, 2 threads per core) family 6 model 70 stepping 1, cmov, cx8, fxsr, mmx, sse, sse2, sse3, ssse3, sse4.1, sse4.2, popcnt, avx, avx2, aes, clmul, erms, lzcnt, ht, tsc, tscinvbit, bmi1, bmi2

Memory: 4k page, physical 16777216k(1468828k free)

/proc/meminfo:


vm_info: Java HotSpot(TM) 64-Bit Server VM (25.91-b14) for bsd-amd64 JRE (1.8.0_91-b14), built on Apr  1 2016 01:03:00 by "java_re" with gcc 4.2.1 (Based on Apple Inc. build 5658) (LLVM build 2336.11.00)

time: Mon Jul  3 18:21:51 2017
elapsed time: 1 seconds (0d 0h 0m 1s)

