#
# A fatal error has been detected by the Java Runtime Environment:
#
#  SIGILL (0x4) at pc=0x00007fff915ec79f, pid=29878, tid=15619
#
# JRE version: Java(TM) SE Runtime Environment (8.0_91-b14) (build 1.8.0_91-b14)
# Java VM: Java HotSpot(TM) 64-Bit Server VM (25.91-b14 mixed mode bsd-amd64 compressed oops)
# Problematic frame:
# C  [libsystem_c.dylib+0x5e79f]  __abort+0xb1
#
# Failed to write core dump. Core dumps have been disabled. To enable core dumping, try "ulimit -c unlimited" before starting Java again
#
# If you would like to submit a bug report, please visit:
#   http://bugreport.java.com/bugreport/crash.jsp
#

---------------  T H R E A D  ---------------

Current thread is native thread

siginfo: si_signo: 4 (SIGILL), si_code: 1 (ILL_ILLOPC), si_addr: 0x00007fff915ec79f

Registers:
RAX=0x0000000000000000, RBX=0x0000700000dbdbe0, RCX=0x00007fff8c27b6f2, RDX=0x0000000000000000
RSP=0x0000700000dbdbd0, RBP=0x0000700000dbdbf0, RSI=0x0000700000dbdbe0, RDI=0x0000000000000003
R8 =0x0000000000000000, R9 =0x0000000000989680, R10=0x0000700000dbe050, R11=0x0000000000000246
R12=0x0000000000000001, R13=0x0000000126789000, R14=0x0000000000000000, R15=0x0000000107a8e000
RIP=0x00007fff915ec79f, EFLAGS=0x0000000000010246, ERR=0x0000000000000000
  TRAPNO=0x0000000000000006

Top of Stack: (sp=0x0000700000dbdbd0)
0x0000700000dbdbd0:   ffffffff00dbdbf0 0000000000000000
0x0000700000dbdbe0:   00000000ffffffe7 0000700000dbdc10
0x0000700000dbdbf0:   0000700000dbdc20 00007fff915ec6ee
0x0000700000dbdc00:   ffffffff00dbdc20 00007fff915ed868
0x0000700000dbdc10:   00000000ffffffdf 00007f8fb102fc08
0x0000700000dbdc20:   0000700000dbdd40 00007fff9563d396
0x0000700000dbdc30:   0000000107aa8a00 00000001267890c0
0x0000700000dbdc40:   0000000107aa9400 0000000000000a00
0x0000700000dbdc50:   0000700000dbdd40 00007fff9562fee5
0x0000700000dbdc60:   0000000107aa9400 000000000000017e
0x0000700000dbdc70:   000000000000000e 0000000107aa9400
0x0000700000dbdc80:   00007f8fb5005000 0000000107a8e000
0x0000700000dbdc90:   0000700000dbdd40 00007fff95635046
0x0000700000dbdca0:   0000000000000000 0000000000000000
0x0000700000dbdcb0:   0000000000000000 0000000107a8e000
0x0000700000dbdcc0:   0000700000dbdd60 00007fff95631dcc
0x0000700000dbdcd0:   00007f8fb57f8000 0000000000000012
0x0000700000dbdce0:   00007f8fb5002400 00007f8fb5000000
0x0000700000dbdcf0:   0000000000000c00 00007f8fb5000000
0x0000700000dbdd00:   ff80000000000001 00007fff00000006
0x0000700000dbdd10:   5900af36233c7302 000000000000003c
0x0000700000dbdd20:   0000000107a8e000 00007f8fb102fc08
0x0000700000dbdd30:   0000000000000000 00007f8fb102fc00
0x0000700000dbdd40:   0000700000dbdd80 00007fff95633373
0x0000700000dbdd50:   0000000107aa8a00 00007f8fb1027400
0x0000700000dbdd60:   0000000107a8e000 0000000000000000
0x0000700000dbdd70:   00007f8fb1000044 0000000107aa8a00
0x0000700000dbdd80:   0000700000dbde20 00007fff95631a7c
0x0000700000dbdd90:   0000000000001000 0000000107a8e000
0x0000700000dbdda0:   0000700000dbddd0 0000000000000040
0x0000700000dbddb0:   00007f8fb17f8000 000000000000013a
0x0000700000dbddc0:   000000000000017e 00007f8fb1000000 

Instructions: (pc=0x00007fff915ec79f)
0x00007fff915ec77f:   bf 10 27 00 00 e8 e5 72 02 00 c7 45 f0 e7 ff ff
0x00007fff915ec78f:   ff bf 03 00 00 00 31 d2 48 89 de e8 f5 6a 02 00
0x00007fff915ec79f:   0f 0b 55 48 89 e5 41 56 53 48 81 ec d0 00 00 00
0x00007fff915ec7af:   49 89 fe 84 c0 74 29 0f 29 85 50 ff ff ff 0f 29 

Register to memory mapping:

RAX=0x0000000000000000 is an unknown value
RBX=0x0000700000dbdbe0 is an unknown value
RCX=0x00007fff8c27b6f2: sigprocmask+0xa in /usr/lib/system/libsystem_kernel.dylib at 0x00007fff8c263000
RDX=0x0000000000000000 is an unknown value
RSP=0x0000700000dbdbd0 is an unknown value
RBP=0x0000700000dbdbf0 is an unknown value
RSI=0x0000700000dbdbe0 is an unknown value
RDI=0x0000000000000003 is an unknown value
R8 =0x0000000000000000 is an unknown value
R9 =0x0000000000989680 is an unknown value
R10=0x0000700000dbe050 is an unknown value
R11=0x0000000000000246 is an unknown value
R12=0x0000000000000001 is an unknown value
R13=0x0000000126789000 is an unknown value
R14=0x0000000000000000 is an unknown value
R15=0x0000000107a8e000 is an unknown value


Stack: [0x0000700000d3e000,0x0000700000dbe000],  sp=0x0000700000dbdbd0,  free space=510k
Native frames: (J=compiled Java code, j=interpreted, Vv=VM code, C=native code)
C  [libsystem_c.dylib+0x5e79f]  __abort+0xb1
C  [libsystem_c.dylib+0x5e6ee]  __abort+0x0
C  [libsystem_malloc.dylib+0x10396]  szone_error+0x272
C  [libsystem_malloc.dylib+0x6373]  small_free_list_remove_ptr+0x98
C  [libsystem_malloc.dylib+0x4a7c]  szone_free_definite_size+0x6fe
C  [CoreFoundation+0xcd756]  __CFTSDFinalize+0x86
C  [libsystem_pthread.dylib+0x53dc]  _pthread_tsd_cleanup+0x22b
C  [libsystem_pthread.dylib+0x4f63]  _pthread_exit+0x75
C  [libsystem_pthread.dylib+0x3582]  pthread_attr_getschedpolicy+0x0
C  [libsystem_pthread.dylib+0x1341]  start_wqthread+0xd


---------------  P R O C E S S  ---------------

VM state:not at safepoint (normal execution)

VM Mutex/Monitor currently owned by a thread: None

Heap:
 PSYoungGen      total 76288K, used 3932K [0x000000076ab00000, 0x0000000770000000, 0x00000007c0000000)
  eden space 65536K, 6% used [0x000000076ab00000,0x000000076aed70e0,0x000000076eb00000)
  from space 10752K, 0% used [0x000000076f580000,0x000000076f580000,0x0000000770000000)
  to   space 10752K, 0% used [0x000000076eb00000,0x000000076eb00000,0x000000076f580000)
 ParOldGen       total 175104K, used 0K [0x00000006c0000000, 0x00000006cab00000, 0x000000076ab00000)
  object space 175104K, 0% used [0x00000006c0000000,0x00000006c0000000,0x00000006cab00000)
 Metaspace       used 2957K, capacity 4664K, committed 4864K, reserved 1056768K
  class space    used 325K, capacity 424K, committed 512K, reserved 1048576K

Card table byte_map: [0x0000000119154000,0x0000000119955000] byte_map_base: 0x0000000115b54000

Marking Bits: (ParMarkBitMap*) 0x00000001096e6eb0
 Begin Bits: [0x0000000119eab000, 0x000000011deab000)
 End Bits:   [0x000000011deab000, 0x0000000121eab000)

Polling page: 0x0000000107d36000

CodeCache: size=245760Kb used=1188Kb max_used=1188Kb free=244571Kb
 bounds [0x0000000109d94000, 0x000000010a004000, 0x0000000118d94000]
 total_blobs=300 nmethods=70 adapters=152
 compilation: enabled

Compilation events (10 events):
Event: 0.210 Thread 0x00007f8fb384e000   66       3       java.lang.CharacterDataLatin1::toLowerCase (39 bytes)
Event: 0.210 Thread 0x00007f8fb384e000 nmethod 66 0x0000000109eba3d0 code [0x0000000109eba540, 0x0000000109eba7d0]
Event: 0.210 Thread 0x00007f8fb384e000   69       3       java.util.Arrays::copyOf (19 bytes)
Event: 0.210 Thread 0x00007f8fb384e000 nmethod 69 0x0000000109eba950 code [0x0000000109ebaae0, 0x0000000109ebae08]
Event: 0.210 Thread 0x00007f8fb384e000   67   !   3       sun.misc.URLClassPath$JarLoader::getResource (85 bytes)
Event: 0.212 Thread 0x00007f8fb384e000 nmethod 67 0x0000000109ebaf50 code [0x0000000109ebb200, 0x0000000109ebc218]
Event: 0.212 Thread 0x00007f8fb384e000   68       3       java.lang.String::toCharArray (25 bytes)
Event: 0.212 Thread 0x00007f8fb384e000 nmethod 68 0x0000000109ebcc50 code [0x0000000109ebcdc0, 0x0000000109ebd048]
Event: 0.212 Thread 0x00007f8fb384e000   70       3       java.lang.AbstractStringBuilder::<init> (12 bytes)
Event: 0.212 Thread 0x00007f8fb384e000 nmethod 70 0x0000000109ebd150 code [0x0000000109ebd2c0, 0x0000000109ebd510]

GC Heap History (0 events):
No events

Deoptimization events (0 events):
No events

Internal exceptions (2 events):
Event: 0.028 Thread 0x00007f8fb1011000 Exception <a 'java/lang/NoSuchMethodError': Method sun.misc.Unsafe.defineClass(Ljava/lang/String;[BII)Ljava/lang/Class; name or signature does not match> (0x000000076ab07cc0) thrown at [/Users/java_re/workspace/8-2-build-macosx-x86_64/jdk8u91/6644/hotspot
Event: 0.028 Thread 0x00007f8fb1011000 Exception <a 'java/lang/NoSuchMethodError': Method sun.misc.Unsafe.prefetchRead(Ljava/lang/Object;J)V name or signature does not match> (0x000000076ab07fa8) thrown at [/Users/java_re/workspace/8-2-build-macosx-x86_64/jdk8u91/6644/hotspot/src/share/vm/prim

Events (10 events):
Event: 5.839 Executing VM operation: GetOrSetLocal
Event: 5.839 Executing VM operation: GetOrSetLocal done
Event: 5.839 Executing VM operation: GetOrSetLocal
Event: 5.840 Executing VM operation: GetOrSetLocal done
Event: 5.840 Executing VM operation: GetOrSetLocal
Event: 5.840 Executing VM operation: GetOrSetLocal done
Event: 5.840 Executing VM operation: GetOrSetLocal
Event: 5.840 Executing VM operation: GetOrSetLocal done
Event: 5.840 Executing VM operation: GetOrSetLocal
Event: 5.840 Executing VM operation: GetOrSetLocal done


Dynamic libraries:
0x000000000b75e000 	/System/Library/Frameworks/Cocoa.framework/Versions/A/Cocoa
0x000000000b75e000 	/System/Library/Frameworks/Security.framework/Versions/A/Security
0x000000000b75e000 	/System/Library/Frameworks/ApplicationServices.framework/Versions/A/ApplicationServices
0x000000000b75e000 	/usr/lib/libz.1.dylib
0x000000000b75e000 	/usr/lib/libSystem.B.dylib
0x000000000b75e000 	/usr/lib/libobjc.A.dylib
0x000000000b75e000 	/System/Library/Frameworks/CoreFoundation.framework/Versions/A/CoreFoundation
0x000000000b75e000 	/System/Library/Frameworks/Foundation.framework/Versions/C/Foundation
0x000000000b75e000 	/System/Library/Frameworks/AppKit.framework/Versions/C/AppKit
0x000000000b75e000 	/System/Library/Frameworks/CoreData.framework/Versions/A/CoreData
0x000000000b75e000 	/System/Library/PrivateFrameworks/RemoteViewServices.framework/Versions/A/RemoteViewServices
0x000000000b75e000 	/System/Library/PrivateFrameworks/UIFoundation.framework/Versions/A/UIFoundation
0x000000000b75e000 	/usr/lib/libScreenReader.dylib
0x000000000b75e000 	/System/Library/Frameworks/Accelerate.framework/Versions/A/Accelerate
0x000000000b75e000 	/System/Library/Frameworks/IOSurface.framework/Versions/A/IOSurface
0x000000000b75e000 	/System/Library/Frameworks/AudioToolbox.framework/Versions/A/AudioToolbox
0x000000000b75e000 	/System/Library/Frameworks/AudioUnit.framework/Versions/A/AudioUnit
0x000000000b75e000 	/System/Library/PrivateFrameworks/DataDetectorsCore.framework/Versions/A/DataDetectorsCore
0x000000000b75e000 	/System/Library/PrivateFrameworks/DesktopServicesPriv.framework/Versions/A/DesktopServicesPriv
0x000000000b75e000 	/System/Library/Frameworks/Carbon.framework/Versions/A/Frameworks/HIToolbox.framework/Versions/A/HIToolbox
0x000000000b75e000 	/System/Library/Frameworks/QuartzCore.framework/Versions/A/QuartzCore
0x000000000b75e000 	/System/Library/Frameworks/Carbon.framework/Versions/A/Frameworks/SpeechRecognition.framework/Versions/A/SpeechRecognition
0x000000000b75e000 	/usr/lib/libauto.dylib
0x000000000b75e000 	/usr/lib/libicucore.A.dylib
0x000000000b75e000 	/usr/lib/libxml2.2.dylib
0x000000000b75e000 	/System/Library/PrivateFrameworks/CoreUI.framework/Versions/A/CoreUI
0x000000000b75e000 	/System/Library/Frameworks/CoreAudio.framework/Versions/A/CoreAudio
0x000000000b75e000 	/System/Library/Frameworks/DiskArbitration.framework/Versions/A/DiskArbitration
0x000000000b75e000 	/usr/lib/liblangid.dylib
0x000000000b75e000 	/System/Library/PrivateFrameworks/MultitouchSupport.framework/Versions/A/MultitouchSupport
0x000000000b75e000 	/System/Library/Frameworks/IOKit.framework/Versions/A/IOKit
0x000000000b75e000 	/usr/lib/libDiagnosticMessagesClient.dylib
0x000000000b75e000 	/System/Library/Frameworks/CoreServices.framework/Versions/A/CoreServices
0x000000000b75e000 	/System/Library/PrivateFrameworks/PerformanceAnalysis.framework/Versions/A/PerformanceAnalysis
0x000000000b75e000 	/System/Library/PrivateFrameworks/GenerationalStorage.framework/Versions/A/GenerationalStorage
0x000000000b75e000 	/System/Library/Frameworks/OpenGL.framework/Versions/A/OpenGL
0x000000000b75e000 	/System/Library/PrivateFrameworks/Sharing.framework/Versions/A/Sharing
0x000000000b75e000 	/System/Library/Frameworks/CoreGraphics.framework/Versions/A/CoreGraphics
0x000000000b75e000 	/System/Library/Frameworks/CoreImage.framework/Versions/A/CoreImage
0x000000000b75e000 	/System/Library/Frameworks/CoreText.framework/Versions/A/CoreText
0x000000000b75e000 	/System/Library/Frameworks/ImageIO.framework/Versions/A/ImageIO
0x000000000b75e000 	/System/Library/PrivateFrameworks/Backup.framework/Versions/A/Backup
0x000000000b75e000 	/usr/lib/libextension.dylib
0x000000000b75e000 	/usr/lib/libarchive.2.dylib
0x000000000b75e000 	/System/Library/Frameworks/CFNetwork.framework/Versions/A/CFNetwork
0x000000000b75e000 	/System/Library/Frameworks/SystemConfiguration.framework/Versions/A/SystemConfiguration
0x000000000b75e000 	/usr/lib/libCRFSuite.dylib
0x000000000b75e000 	/usr/lib/libc++.1.dylib
0x000000000b75e000 	/usr/lib/libc++abi.dylib
0x000000000b75e000 	/usr/lib/system/libcache.dylib
0x000000000b75e000 	/usr/lib/system/libcommonCrypto.dylib
0x000000000b75e000 	/usr/lib/system/libcompiler_rt.dylib
0x000000000b75e000 	/usr/lib/system/libcopyfile.dylib
0x000000000b75e000 	/usr/lib/system/libcorecrypto.dylib
0x000000000b75e000 	/usr/lib/system/libdispatch.dylib
0x000000000b75e000 	/usr/lib/system/libdyld.dylib
0x000000000b75e000 	/usr/lib/system/libkeymgr.dylib
0x000000000b75e000 	/usr/lib/system/liblaunch.dylib
0x000000000b75e000 	/usr/lib/system/libmacho.dylib
0x000000000b75e000 	/usr/lib/system/libquarantine.dylib
0x000000000b75e000 	/usr/lib/system/libremovefile.dylib
0x000000000b75e000 	/usr/lib/system/libsystem_asl.dylib
0x000000000b75e000 	/usr/lib/system/libsystem_blocks.dylib
0x000000000b75e000 	/usr/lib/system/libsystem_c.dylib
0x000000000b75e000 	/usr/lib/system/libsystem_configuration.dylib
0x000000000b75e000 	/usr/lib/system/libsystem_coreservices.dylib
0x000000000b75e000 	/usr/lib/system/libsystem_coretls.dylib
0x000000000b75e000 	/usr/lib/system/libsystem_dnssd.dylib
0x000000000b75e000 	/usr/lib/system/libsystem_info.dylib
0x000000000b75e000 	/usr/lib/system/libsystem_kernel.dylib
0x000000000b75e000 	/usr/lib/system/libsystem_m.dylib
0x000000000b75e000 	/usr/lib/system/libsystem_malloc.dylib
0x000000000b75e000 	/usr/lib/system/libsystem_network.dylib
0x000000000b75e000 	/usr/lib/system/libsystem_networkextension.dylib
0x000000000b75e000 	/usr/lib/system/libsystem_notify.dylib
0x000000000b75e000 	/usr/lib/system/libsystem_platform.dylib
0x000000000b75e000 	/usr/lib/system/libsystem_pthread.dylib
0x000000000b75e000 	/usr/lib/system/libsystem_sandbox.dylib
0x000000000b75e000 	/usr/lib/system/libsystem_secinit.dylib
0x000000000b75e000 	/usr/lib/system/libsystem_trace.dylib
0x000000000b75e000 	/usr/lib/system/libunc.dylib
0x000000000b75e000 	/usr/lib/system/libunwind.dylib
0x000000000b75e000 	/usr/lib/system/libxpc.dylib
0x000000000b75e000 	/usr/lib/libenergytrace.dylib
0x000000000b75e000 	/usr/lib/libbsm.0.dylib
0x000000000b75e000 	/usr/lib/system/libkxld.dylib
0x000000000b75e000 	/usr/lib/libxar.1.dylib
0x000000000b75e000 	/usr/lib/libsqlite3.dylib
0x000000000b75e000 	/usr/lib/libpam.2.dylib
0x000000000b75e000 	/usr/lib/libOpenScriptingUtil.dylib
0x000000000b75e000 	/usr/lib/libbz2.1.0.dylib
0x000000000b75e000 	/usr/lib/liblzma.5.dylib
0x000000000b75e000 	/System/Library/Frameworks/CoreServices.framework/Versions/A/Frameworks/FSEvents.framework/Versions/A/FSEvents
0x000000000b75e000 	/System/Library/Frameworks/CoreServices.framework/Versions/A/Frameworks/CarbonCore.framework/Versions/A/CarbonCore
0x000000000b75e000 	/System/Library/Frameworks/CoreServices.framework/Versions/A/Frameworks/Metadata.framework/Versions/A/Metadata
0x000000000b75e000 	/System/Library/Frameworks/CoreServices.framework/Versions/A/Frameworks/OSServices.framework/Versions/A/OSServices
0x000000000b75e000 	/System/Library/Frameworks/CoreServices.framework/Versions/A/Frameworks/SearchKit.framework/Versions/A/SearchKit
0x000000000b75e000 	/System/Library/Frameworks/CoreServices.framework/Versions/A/Frameworks/AE.framework/Versions/A/AE
0x000000000b75e000 	/System/Library/Frameworks/CoreServices.framework/Versions/A/Frameworks/LaunchServices.framework/Versions/A/LaunchServices
0x000000000b75e000 	/System/Library/Frameworks/CoreServices.framework/Versions/A/Frameworks/DictionaryServices.framework/Versions/A/DictionaryServices
0x000000000b75e000 	/System/Library/Frameworks/CoreServices.framework/Versions/A/Frameworks/SharedFileList.framework/Versions/A/SharedFileList
0x000000000b75e000 	/System/Library/Frameworks/NetFS.framework/Versions/A/NetFS
0x000000000b75e000 	/System/Library/PrivateFrameworks/NetAuth.framework/Versions/A/NetAuth
0x000000000b75e000 	/System/Library/PrivateFrameworks/login.framework/Versions/A/Frameworks/loginsupport.framework/Versions/A/loginsupport
0x000000000b75e000 	/System/Library/PrivateFrameworks/TCC.framework/Versions/A/TCC
0x000000000b75e000 	/usr/lib/libmecabra.dylib
0x000000000b75e000 	/System/Library/Frameworks/ApplicationServices.framework/Versions/A/Frameworks/ATS.framework/Versions/A/ATS
0x000000000b75e000 	/System/Library/Frameworks/ApplicationServices.framework/Versions/A/Frameworks/ColorSync.framework/Versions/A/ColorSync
0x000000000b75e000 	/System/Library/Frameworks/ApplicationServices.framework/Versions/A/Frameworks/HIServices.framework/Versions/A/HIServices
0x000000000b75e000 	/System/Library/Frameworks/ApplicationServices.framework/Versions/A/Frameworks/LangAnalysis.framework/Versions/A/LangAnalysis
0x000000000b75e000 	/System/Library/Frameworks/ApplicationServices.framework/Versions/A/Frameworks/PrintCore.framework/Versions/A/PrintCore
0x000000000b75e000 	/System/Library/Frameworks/ApplicationServices.framework/Versions/A/Frameworks/QD.framework/Versions/A/QD
0x000000000b75e000 	/System/Library/Frameworks/ApplicationServices.framework/Versions/A/Frameworks/SpeechSynthesis.framework/Versions/A/SpeechSynthesis
0x000000000b75e000 	/System/Library/Frameworks/Metal.framework/Versions/A/Metal
0x000000000b75e000 	/System/Library/Frameworks/Accelerate.framework/Versions/A/Frameworks/vImage.framework/Versions/A/vImage
0x000000000b75e000 	/System/Library/Frameworks/Accelerate.framework/Versions/A/Frameworks/vecLib.framework/Versions/A/vecLib
0x000000000b75e000 	/System/Library/Frameworks/Accelerate.framework/Versions/A/Frameworks/vecLib.framework/Versions/A/libvDSP.dylib
0x000000000b75e000 	/System/Library/Frameworks/Accelerate.framework/Versions/A/Frameworks/vecLib.framework/Versions/A/libvMisc.dylib
0x000000000b75e000 	/System/Library/Frameworks/Accelerate.framework/Versions/A/Frameworks/vecLib.framework/Versions/A/libLAPACK.dylib
0x000000000b75e000 	/System/Library/Frameworks/Accelerate.framework/Versions/A/Frameworks/vecLib.framework/Versions/A/libBLAS.dylib
0x000000000b75e000 	/System/Library/Frameworks/Accelerate.framework/Versions/A/Frameworks/vecLib.framework/Versions/A/libLinearAlgebra.dylib
0x000000000b75e000 	/System/Library/Frameworks/Accelerate.framework/Versions/A/Frameworks/vecLib.framework/Versions/A/libSparseBLAS.dylib
0x000000000b75e000 	/System/Library/PrivateFrameworks/GPUCompiler.framework/libmetal_timestamp.dylib
0x000000000b75e000 	/System/Library/Frameworks/OpenGL.framework/Versions/A/Libraries/libCoreFSCache.dylib
0x000000000b75e000 	/System/Library/PrivateFrameworks/IOAccelerator.framework/Versions/A/IOAccelerator
0x000000000b75e000 	/System/Library/Frameworks/ApplicationServices.framework/Versions/A/Frameworks/ATS.framework/Versions/A/Resources/libFontParser.dylib
0x000000000b75e000 	/System/Library/Frameworks/ApplicationServices.framework/Versions/A/Frameworks/ATS.framework/Versions/A/Resources/libFontRegistry.dylib
0x000000000b75e000 	/System/Library/PrivateFrameworks/AppleVPA.framework/Versions/A/AppleVPA
0x000000000b75e000 	/System/Library/PrivateFrameworks/AppleJPEG.framework/Versions/A/AppleJPEG
0x000000000b75e000 	/System/Library/Frameworks/ImageIO.framework/Versions/A/Resources/libJPEG.dylib
0x000000000b75e000 	/System/Library/Frameworks/ImageIO.framework/Versions/A/Resources/libTIFF.dylib
0x000000000b75e000 	/System/Library/Frameworks/ImageIO.framework/Versions/A/Resources/libPng.dylib
0x000000000b75e000 	/System/Library/Frameworks/ImageIO.framework/Versions/A/Resources/libGIF.dylib
0x000000000b75e000 	/System/Library/Frameworks/ImageIO.framework/Versions/A/Resources/libJP2.dylib
0x000000000b75e000 	/System/Library/Frameworks/ImageIO.framework/Versions/A/Resources/libRadiance.dylib
0x000000000b75e000 	/System/Library/Frameworks/CoreVideo.framework/Versions/A/CoreVideo
0x000000000b75e000 	/System/Library/Frameworks/OpenGL.framework/Versions/A/Libraries/libGLU.dylib
0x000000000b75e000 	/System/Library/Frameworks/OpenGL.framework/Versions/A/Libraries/libGFXShared.dylib
0x000000000b75e000 	/System/Library/Frameworks/OpenGL.framework/Versions/A/Libraries/libGL.dylib
0x000000000b75e000 	/System/Library/Frameworks/OpenGL.framework/Versions/A/Libraries/libGLImage.dylib
0x000000000b75e000 	/System/Library/Frameworks/OpenGL.framework/Versions/A/Libraries/libCVMSPluginSupport.dylib
0x000000000b75e000 	/System/Library/Frameworks/OpenGL.framework/Versions/A/Libraries/libCoreVMClient.dylib
0x000000000b75e000 	/usr/lib/libcompression.dylib
0x000000000b75e000 	/usr/lib/libcups.2.dylib
0x000000000b75e000 	/System/Library/Frameworks/Kerberos.framework/Versions/A/Kerberos
0x000000000b75e000 	/System/Library/Frameworks/GSS.framework/Versions/A/GSS
0x000000000b75e000 	/usr/lib/libresolv.9.dylib
0x000000000b75e000 	/usr/lib/libiconv.2.dylib
0x000000000b75e000 	/System/Library/PrivateFrameworks/Heimdal.framework/Versions/A/Heimdal
0x000000000b75e000 	/usr/lib/libheimdal-asn1.dylib
0x000000000b75e000 	/System/Library/Frameworks/OpenDirectory.framework/Versions/A/OpenDirectory
0x000000000b75e000 	/System/Library/PrivateFrameworks/CommonAuth.framework/Versions/A/CommonAuth
0x000000000b75e000 	/System/Library/Frameworks/OpenDirectory.framework/Versions/A/Frameworks/CFOpenDirectory.framework/Versions/A/CFOpenDirectory
0x000000000b75e000 	/System/Library/Frameworks/SecurityFoundation.framework/Versions/A/SecurityFoundation
0x000000000b75e000 	/System/Library/PrivateFrameworks/LanguageModeling.framework/Versions/A/LanguageModeling
0x000000000b75e000 	/usr/lib/libmarisa.dylib
0x000000000b75e000 	/usr/lib/libChineseTokenizer.dylib
0x000000000b75e000 	/usr/lib/libcmph.dylib
0x000000000b75e000 	/System/Library/Frameworks/ServiceManagement.framework/Versions/A/ServiceManagement
0x000000000b75e000 	/usr/lib/libxslt.1.dylib
0x000000000b75e000 	/System/Library/Frameworks/Carbon.framework/Versions/A/Frameworks/Ink.framework/Versions/A/Ink
0x000000000b75e000 	/usr/lib/libFosl_dynamic.dylib
0x000000000b75e000 	/System/Library/PrivateFrameworks/FaceCore.framework/Versions/A/FaceCore
0x000000000b75e000 	/System/Library/Frameworks/OpenCL.framework/Versions/A/OpenCL
0x000000000b75e000 	/System/Library/PrivateFrameworks/CrashReporterSupport.framework/Versions/A/CrashReporterSupport
0x000000000b75e000 	/System/Library/PrivateFrameworks/IconServices.framework/Versions/A/IconServices
0x000000000b75e000 	/System/Library/PrivateFrameworks/Apple80211.framework/Versions/A/Apple80211
0x000000000b75e000 	/System/Library/Frameworks/CoreWLAN.framework/Versions/A/CoreWLAN
0x000000000b75e000 	/System/Library/Frameworks/IOBluetooth.framework/Versions/A/IOBluetooth
0x000000000b75e000 	/System/Library/PrivateFrameworks/CoreWiFi.framework/Versions/A/CoreWiFi
0x000000000b75e000 	/System/Library/Frameworks/CoreBluetooth.framework/Versions/A/CoreBluetooth
0x000000000b75e000 	/System/Library/PrivateFrameworks/ChunkingLibrary.framework/Versions/A/ChunkingLibrary
0x000000000b75e000 	/System/Library/PrivateFrameworks/DebugSymbols.framework/Versions/A/DebugSymbols
0x000000000b75e000 	/System/Library/PrivateFrameworks/CoreSymbolication.framework/Versions/A/CoreSymbolication
0x000000000b75e000 	/System/Library/PrivateFrameworks/Symbolication.framework/Versions/A/Symbolication
0x000000000b75e000 	/System/Library/PrivateFrameworks/SpeechRecognitionCore.framework/Versions/A/SpeechRecognitionCore
0x0000000108e00000 	/Library/Java/JavaVirtualMachines/jdk1.8.0_91.jdk/Contents/Home/jre/lib/server/libjvm.dylib
0x000000000b75e000 	/usr/lib/libstdc++.6.dylib
0x0000000107cf3000 	/Library/Java/JavaVirtualMachines/jdk1.8.0_91.jdk/Contents/Home/jre/lib/libverify.dylib
0x0000000107d01000 	/Library/Java/JavaVirtualMachines/jdk1.8.0_91.jdk/Contents/Home/jre/lib/libjava.dylib
0x0000000107d37000 	/Library/Java/JavaVirtualMachines/jdk1.8.0_91.jdk/Contents/Home/jre/lib/libjdwp.dylib
0x0000000107d82000 	/Library/Java/JavaVirtualMachines/jdk1.8.0_91.jdk/Contents/Home/jre/lib/libnpt.dylib
0x0000000107d8f000 	/Library/Java/JavaVirtualMachines/jdk1.8.0_91.jdk/Contents/Home/jre/lib/libzip.dylib
0x0000000124df9000 	/System/Library/Frameworks/JavaVM.framework/Frameworks/JavaRuntimeSupport.framework/JavaRuntimeSupport
0x0000000107de9000 	/System/Library/Frameworks/JavaVM.framework/Versions/A/Frameworks/JavaNativeFoundation.framework/Versions/A/JavaNativeFoundation
0x0000000124e14000 	/System/Library/Frameworks/JavaVM.framework/Versions/A/JavaVM
0x000000000b75e000 	/System/Library/Frameworks/Carbon.framework/Versions/A/Carbon
0x0000000124e21000 	/System/Library/PrivateFrameworks/JavaLaunching.framework/Versions/A/JavaLaunching
0x000000000b75e000 	/System/Library/Frameworks/Carbon.framework/Versions/A/Frameworks/CommonPanels.framework/Versions/A/CommonPanels
0x000000000b75e000 	/System/Library/Frameworks/Carbon.framework/Versions/A/Frameworks/Help.framework/Versions/A/Help
0x000000000b75e000 	/System/Library/Frameworks/Carbon.framework/Versions/A/Frameworks/ImageCapture.framework/Versions/A/ImageCapture
0x000000000b75e000 	/System/Library/Frameworks/Carbon.framework/Versions/A/Frameworks/OpenScripting.framework/Versions/A/OpenScripting
0x000000000b75e000 	/System/Library/Frameworks/Carbon.framework/Versions/A/Frameworks/Print.framework/Versions/A/Print
0x000000000b75e000 	/System/Library/Frameworks/Carbon.framework/Versions/A/Frameworks/SecurityHI.framework/Versions/A/SecurityHI
0x0000000126742000 	/Library/Java/JavaVirtualMachines/jdk1.8.0_91.jdk/Contents/Home/jre/lib/libdt_socket.dylib
0x0000000126761000 	/Users/codeandchords/Documents/CodeAndChords/Visuals/Eclipse/workspace/CodeAndChordsEclipseProject/libs/libjportaudio.jnilib
0x0000000126767000 	/usr/local/lib/libportaudio.2.dylib
0x000000012677f000 	/System/Library/Extensions/AppleHDA.kext/Contents/PlugIns/AppleHDAHALPlugIn.bundle/Contents/MacOS/AppleHDAHALPlugIn
0x000000012678a000 	/Library/Audio/Plug-Ins/HAL/JackRouter.plugin/Contents/MacOS/JackRouter
0x00000001267cd000 	/usr/local/lib/libjack.0.dylib
0x000000000b75e000 	/System/Library/PrivateFrameworks/CoreServicesInternal.framework/Versions/A/CoreServicesInternal
0x00000001269b8000 	/System/Library/Components/CoreAudio.component/Contents/MacOS/CoreAudio

VM Arguments:
jvm_args: -agentlib:jdwp=transport=dt_socket,suspend=y,address=localhost:54837 -Djava.library.path=/Users/codeandchords/Documents/CodeAndChords/Visuals/Eclipse/workspace/CodeAndChordsEclipseProject/libs -Dfile.encoding=UTF-8 
java_command: multiInputTest.Driver
java_class_path (initial): /Users/codeandchords/Documents/CodeAndChords/Visuals/Eclipse/workspace/CodeAndChordsEclipseProject/bin:/Users/codeandchords/Documents/CodeAndChords/Visuals/Eclipse/workspace/CodeAndChordsEclipseProject/core.jar:/Users/codeandchords/Documents/CodeAndChords/Visuals/Eclipse/workspace/CodeAndChordsEclipseProject/beads-io.jar:/Users/codeandchords/Documents/CodeAndChords/Visuals/Eclipse/workspace/CodeAndChordsEclipseProject/beads.jar:/Users/codeandchords/Documents/CodeAndChords/Visuals/Eclipse/workspace/CodeAndChordsEclipseProject/controlP5.jar:/Users/codeandchords/Documents/CodeAndChords/Visuals/Eclipse/workspace/CodeAndChordsEclipseProject/sound.jar:/Users/codeandchords/Documents/CodeAndChords/Visuals/Eclipse/workspace/CodeAndChordsEclipseProject/org-jaudiolibs-audioservers.jar:/Users/codeandchords/Documents/CodeAndChords/Visuals/Eclipse/workspace/CodeAndChordsEclipseProject/jportaudio.jar
Launcher Type: SUN_STANDARD

Environment Variables:
PATH=/usr/bin:/bin:/usr/sbin:/sbin
SHELL=/bin/bash

Signal Handlers:
SIGSEGV: [libjvm.dylib+0x5a97a1], sa_mask[0]=11111111011111110111111111111111, sa_flags=SA_ONSTACK|SA_RESTART|SA_SIGINFO
SIGBUS: [libjvm.dylib+0x5a97a1], sa_mask[0]=11111111011111110111111111111111, sa_flags=SA_RESTART|SA_SIGINFO
SIGFPE: [libjvm.dylib+0x482594], sa_mask[0]=11111111011111110111111111111111, sa_flags=SA_RESTART|SA_SIGINFO
SIGPIPE: [libjvm.dylib+0x482594], sa_mask[0]=11111111011111110111111111111111, sa_flags=SA_RESTART|SA_SIGINFO
SIGXFSZ: [libjvm.dylib+0x482594], sa_mask[0]=11111111011111110111111111111111, sa_flags=SA_RESTART|SA_SIGINFO
SIGILL: [libjvm.dylib+0x482594], sa_mask[0]=11111111011111110111111111111111, sa_flags=SA_RESTART|SA_SIGINFO
SIGUSR1: SIG_DFL, sa_mask[0]=00000000000000000000000000000000, sa_flags=none
SIGUSR2: [libjvm.dylib+0x4820b2], sa_mask[0]=00100000000000000000000000000000, sa_flags=SA_RESTART|SA_SIGINFO
SIGHUP: [libjvm.dylib+0x480689], sa_mask[0]=11111111011111110111111111111111, sa_flags=SA_RESTART|SA_SIGINFO
SIGINT: [libjvm.dylib+0x480689], sa_mask[0]=11111111011111110111111111111111, sa_flags=SA_RESTART|SA_SIGINFO
SIGTERM: [libjvm.dylib+0x480689], sa_mask[0]=11111111011111110111111111111111, sa_flags=SA_RESTART|SA_SIGINFO
SIGQUIT: [libjvm.dylib+0x480689], sa_mask[0]=11111111011111110111111111111111, sa_flags=SA_RESTART|SA_SIGINFO


---------------  S Y S T E M  ---------------

OS:Bsduname:Darwin 15.6.0 Darwin Kernel Version 15.6.0: Mon Aug 29 20:21:34 PDT 2016; root:xnu-3248.60.11~1/RELEASE_X86_64 x86_64
rlimit: STACK 8192k, CORE 0k, NPROC 709, NOFILE 10240, AS infinity
load average:1.75 1.77 1.67

CPU:total 8 (4 cores per cpu, 2 threads per core) family 6 model 70 stepping 1, cmov, cx8, fxsr, mmx, sse, sse2, sse3, ssse3, sse4.1, sse4.2, popcnt, avx, avx2, aes, clmul, erms, lzcnt, ht, tsc, tscinvbit, bmi1, bmi2

Memory: 4k page, physical 16777216k(2644272k free)

/proc/meminfo:


vm_info: Java HotSpot(TM) 64-Bit Server VM (25.91-b14) for bsd-amd64 JRE (1.8.0_91-b14), built on Apr  1 2016 01:03:00 by "java_re" with gcc 4.2.1 (Based on Apple Inc. build 5658) (LLVM build 2336.11.00)

time: Mon Jul  3 13:28:34 2017
elapsed time: 5 seconds (0d 0h 0m 5s)

